[2021-06-17 09:10:15,347] I Kiwoom.py | Kiwoom-__init__-0035 I DEBUG    > Kiwoom() class start.
[2021-06-17 09:10:50,356] I Kiwoom.py | Kiwoom-get_login_info-0572 I DEBUG    > 계좌번호 : 8000905911
[2021-06-17 09:10:50,961] I Kiwoom.py | Kiwoom-msg_slot-0223 I DEBUG    > 스크린: 2000, 요청이름: 예수금상세현황요청, tr코드: opw00001 --- [100000] 모의투자 조회완료
[2021-06-17 09:10:50,962] I Kiwoom.py | Kiwoom-_opw00001-0633 I DEBUG    > 예수금 : 100000000
[2021-06-17 09:10:51,156] I Kiwoom.py | Kiwoom-msg_slot-0223 I DEBUG    > 스크린: 2000, 요청이름: 계좌평가잔고내역요청, tr코드: opw00018 --- [571578] 모의투자 해당조회내역이 없습니다.
[2021-06-17 09:10:51,159] I Kiwoom.py | Kiwoom-_opw00018-0794 I DEBUG    > 계좌평가잔고내역요청 싱글데이터 : 0 - 0 - 0.00
[2021-06-17 09:10:51,159] I Kiwoom.py | Kiwoom-_opw00018-0822 I DEBUG    > sPreNext : 
[2021-06-17 09:10:52,848] I DATA_PROC.py | Kiwoom-run-0035 I DEBUG    > data queue put :053210
[2021-06-17 09:10:54,192] I Kiwoom.py | Kiwoom-msg_slot-0223 I DEBUG    > 스크린: , 요청이름: , tr코드:  ---  조회가 완료되었습니다.
[2021-06-17 09:10:58,316] I DATA_PROC.py | Kiwoom-process_data-0080 I DEBUG    > 매수조건 통과 053210 
[2021-06-17 09:12:41,150] I Kiwoom.py | Kiwoom-__init__-0035 I DEBUG    > Kiwoom() class start.
[2021-06-17 09:12:49,471] I Kiwoom.py | Kiwoom-get_login_info-0573 I DEBUG    > 계좌번호 : 8000905911
[2021-06-17 09:12:50,056] I Kiwoom.py | Kiwoom-msg_slot-0223 I DEBUG    > 스크린: 2000, 요청이름: 예수금상세현황요청, tr코드: opw00001 --- [100000] 모의투자 조회완료
[2021-06-17 09:12:50,057] I Kiwoom.py | Kiwoom-_opw00001-0634 I DEBUG    > 예수금 : 100000000
[2021-06-17 09:12:50,792] I Kiwoom.py | Kiwoom-msg_slot-0223 I DEBUG    > 스크린: 2000, 요청이름: 계좌평가잔고내역요청, tr코드: opw00018 --- [571578] 모의투자 해당조회내역이 없습니다.
[2021-06-17 09:12:50,793] I Kiwoom.py | Kiwoom-_opw00018-0795 I DEBUG    > 계좌평가잔고내역요청 싱글데이터 : 0 - 0 - 0.00
[2021-06-17 09:12:50,794] I Kiwoom.py | Kiwoom-_opw00018-0823 I DEBUG    > sPreNext : 
[2021-06-17 09:12:52,486] I DATA_PROC.py | Kiwoom-run-0036 I DEBUG    > data queue put :088790
[2021-06-17 09:12:53,806] I Kiwoom.py | Kiwoom-msg_slot-0223 I DEBUG    > 스크린: , 요청이름: , tr코드:  ---  조회가 완료되었습니다.
[2021-06-17 09:12:54,311] I DATA_PROC.py | Kiwoom-run-0036 I DEBUG    > data queue put :088790
[2021-06-17 09:12:54,419] I DATA_PROC.py | Kiwoom-run-0036 I DEBUG    > data queue put :029460
[2021-06-17 09:12:54,635] I DATA_PROC.py | Kiwoom-run-0036 I DEBUG    > data queue put :088790
[2021-06-17 09:12:54,744] I DATA_PROC.py | Kiwoom-run-0036 I DEBUG    > data queue put :088790
[2021-06-17 09:12:54,959] I DATA_PROC.py | Kiwoom-run-0036 I DEBUG    > data queue put :025000
[2021-06-17 09:12:55,599] I DATA_PROC.py | Kiwoom-run-0036 I DEBUG    > data queue put :013120
[2021-06-17 09:12:56,135] I DATA_PROC.py | Kiwoom-run-0036 I DEBUG    > data queue put :025000
[2021-06-17 09:12:56,455] I DATA_PROC.py | Kiwoom-run-0036 I DEBUG    > data queue put :025000
[2021-06-17 09:12:56,778] I DATA_PROC.py | Kiwoom-run-0036 I DEBUG    > data queue put :088790
[2021-06-17 09:12:57,203] I DATA_PROC.py | Kiwoom-run-0036 I DEBUG    > data queue put :053210
[2021-06-17 09:12:57,204] I DATA_PROC.py | Kiwoom-process_data-0081 I DEBUG    > 매수조건 통과 053210 
[2021-06-17 09:13:56,052] I Kiwoom.py | Kiwoom-__init__-0035 I DEBUG    > Kiwoom() class start.
[2021-06-17 09:14:04,301] I Kiwoom.py | Kiwoom-get_login_info-0574 I DEBUG    > 계좌번호 : 8000905911
[2021-06-17 09:14:04,904] I Kiwoom.py | Kiwoom-msg_slot-0223 I DEBUG    > 스크린: 2000, 요청이름: 예수금상세현황요청, tr코드: opw00001 --- [100000] 모의투자 조회완료
[2021-06-17 09:14:04,905] I Kiwoom.py | Kiwoom-_opw00001-0635 I DEBUG    > 예수금 : 100000000
[2021-06-17 09:14:04,966] I Kiwoom.py | Kiwoom-msg_slot-0223 I DEBUG    > 스크린: 2000, 요청이름: 계좌평가잔고내역요청, tr코드: opw00018 --- [571578] 모의투자 해당조회내역이 없습니다.
[2021-06-17 09:14:04,968] I Kiwoom.py | Kiwoom-_opw00018-0796 I DEBUG    > 계좌평가잔고내역요청 싱글데이터 : 0 - 0 - 0.00
[2021-06-17 09:14:04,968] I Kiwoom.py | Kiwoom-_opw00018-0824 I DEBUG    > sPreNext : 
[2021-06-17 09:14:06,658] I DATA_PROC.py | Kiwoom-run-0037 I DEBUG    > data queue put :088790
[2021-06-17 09:14:06,874] I DATA_PROC.py | Kiwoom-run-0037 I DEBUG    > data queue put :015230
[2021-06-17 09:14:06,981] I DATA_PROC.py | Kiwoom-run-0037 I DEBUG    > data queue put :002270
[2021-06-17 09:14:07,089] I DATA_PROC.py | Kiwoom-run-0037 I DEBUG    > data queue put :123700
[2021-06-17 09:14:07,303] I DATA_PROC.py | Kiwoom-run-0037 I DEBUG    > data queue put :088790
[2021-06-17 09:14:07,992] I Kiwoom.py | Kiwoom-msg_slot-0223 I DEBUG    > 스크린: , 요청이름: , tr코드:  ---  조회가 완료되었습니다.
[2021-06-17 09:14:08,161] I DATA_PROC.py | Kiwoom-run-0037 I DEBUG    > data queue put :053620
[2021-06-17 09:14:08,267] I DATA_PROC.py | Kiwoom-run-0037 I DEBUG    > data queue put :025530
[2021-06-17 09:14:08,373] I DATA_PROC.py | Kiwoom-run-0037 I DEBUG    > data queue put :002270
[2021-06-17 09:14:08,481] I DATA_PROC.py | Kiwoom-run-0037 I DEBUG    > data queue put :123700
[2021-06-17 09:14:09,229] I DATA_PROC.py | Kiwoom-run-0037 I DEBUG    > data queue put :079960
[2021-06-17 09:14:09,766] I DATA_PROC.py | Kiwoom-run-0037 I DEBUG    > data queue put :029460
[2021-06-17 09:14:09,872] I DATA_PROC.py | Kiwoom-run-0037 I DEBUG    > data queue put :029460
[2021-06-17 09:14:10,087] I DATA_PROC.py | Kiwoom-run-0037 I DEBUG    > data queue put :058860
[2021-06-17 09:14:10,194] I DATA_PROC.py | Kiwoom-run-0037 I DEBUG    > data queue put :023600
[2021-06-17 09:14:10,300] I DATA_PROC.py | Kiwoom-run-0037 I DEBUG    > data queue put :005710
[2021-06-17 09:14:11,689] I DATA_PROC.py | Kiwoom-run-0037 I DEBUG    > data queue put :088790
[2021-06-17 09:14:12,010] I DATA_PROC.py | Kiwoom-run-0037 I DEBUG    > data queue put :053210
[2021-06-17 09:14:12,011] I DATA_PROC.py | Kiwoom-process_data-0082 I DEBUG    > 매수조건 통과 053210 
[2021-06-17 09:16:21,798] I Kiwoom.py | Kiwoom-__init__-0035 I DEBUG    > Kiwoom() class start.
[2021-06-17 09:16:30,128] I Kiwoom.py | Kiwoom-get_login_info-0574 I DEBUG    > 계좌번호 : 8000905911
[2021-06-17 09:16:30,752] I Kiwoom.py | Kiwoom-msg_slot-0223 I DEBUG    > 스크린: 2000, 요청이름: 예수금상세현황요청, tr코드: opw00001 --- [100000] 모의투자 조회완료
[2021-06-17 09:16:30,753] I Kiwoom.py | Kiwoom-_opw00001-0635 I DEBUG    > 예수금 : 100000000
[2021-06-17 09:16:31,727] I Kiwoom.py | Kiwoom-msg_slot-0223 I DEBUG    > 스크린: 2000, 요청이름: 계좌평가잔고내역요청, tr코드: opw00018 --- [571578] 모의투자 해당조회내역이 없습니다.
[2021-06-17 09:16:31,729] I Kiwoom.py | Kiwoom-_opw00018-0796 I DEBUG    > 계좌평가잔고내역요청 싱글데이터 : 0 - 0 - 0.00
[2021-06-17 09:16:31,729] I Kiwoom.py | Kiwoom-_opw00018-0824 I DEBUG    > sPreNext : 
[2021-06-17 09:16:32,993] I DATA_PROC.py | Kiwoom-run-0037 I DEBUG    > data queue put :123700
[2021-06-17 09:16:33,098] I DATA_PROC.py | Kiwoom-run-0037 I DEBUG    > data queue put :016090
[2021-06-17 09:16:33,203] I DATA_PROC.py | Kiwoom-run-0037 I DEBUG    > data queue put :015230
[2021-06-17 09:16:34,259] I DATA_PROC.py | Kiwoom-run-0037 I DEBUG    > data queue put :088790
[2021-06-17 09:16:34,470] I DATA_PROC.py | Kiwoom-run-0037 I DEBUG    > data queue put :025530
[2021-06-17 09:16:34,575] I DATA_PROC.py | Kiwoom-run-0037 I DEBUG    > data queue put :053210
[2021-06-17 09:16:34,576] I DATA_PROC.py | Kiwoom-process_data-0082 I DEBUG    > 매수조건 통과 053210 
[2021-06-17 09:16:34,740] I Kiwoom.py | Kiwoom-msg_slot-0223 I DEBUG    > 스크린: , 요청이름: , tr코드:  ---  조회가 완료되었습니다.
[2021-06-17 09:19:18,955] I Kiwoom.py | Kiwoom-__init__-0035 I DEBUG    > Kiwoom() class start.
[2021-06-17 09:19:27,304] I Kiwoom.py | Kiwoom-get_login_info-0574 I DEBUG    > 계좌번호 : 8000905911
[2021-06-17 09:19:27,900] I Kiwoom.py | Kiwoom-msg_slot-0223 I DEBUG    > 스크린: 2000, 요청이름: 예수금상세현황요청, tr코드: opw00001 --- [100000] 모의투자 조회완료
[2021-06-17 09:19:27,901] I Kiwoom.py | Kiwoom-_opw00001-0635 I DEBUG    > 예수금 : 100000000
[2021-06-17 09:19:28,723] I Kiwoom.py | Kiwoom-msg_slot-0223 I DEBUG    > 스크린: 2000, 요청이름: 계좌평가잔고내역요청, tr코드: opw00018 --- [571578] 모의투자 해당조회내역이 없습니다.
[2021-06-17 09:19:28,725] I Kiwoom.py | Kiwoom-_opw00018-0796 I DEBUG    > 계좌평가잔고내역요청 싱글데이터 : 0 - 0 - 0.00
[2021-06-17 09:19:28,725] I Kiwoom.py | Kiwoom-_opw00018-0824 I DEBUG    > sPreNext : 
[2021-06-17 09:19:30,960] I DATA_PROC.py | Kiwoom-run-0037 I DEBUG    > data queue put :042420
[2021-06-17 09:19:31,387] I DATA_PROC.py | Kiwoom-run-0037 I DEBUG    > data queue put :088790
[2021-06-17 09:19:31,711] I DATA_PROC.py | Kiwoom-run-0037 I DEBUG    > data queue put :053210
[2021-06-17 09:19:31,712] I DATA_PROC.py | Kiwoom-process_data-0082 I DEBUG    > 매수조건 통과 053210 
[2021-06-17 09:19:31,713] I DATA_PROC.py | Kiwoom-order_emit-0046 I DEBUG    > order_queue put :['매수', ['신규매수', '6001', '8000905911', 1, '053210', 303, 11000, '00', '']]
[2021-06-17 09:21:17,519] I Kiwoom.py | Kiwoom-__init__-0035 I DEBUG    > Kiwoom() class start.
[2021-06-17 09:21:28,825] I Kiwoom.py | Kiwoom-get_login_info-0575 I DEBUG    > 계좌번호 : 8000905911
[2021-06-17 09:21:29,425] I Kiwoom.py | Kiwoom-msg_slot-0224 I DEBUG    > 스크린: 2000, 요청이름: 예수금상세현황요청, tr코드: opw00001 --- [100000] 모의투자 조회완료
[2021-06-17 09:21:29,427] I Kiwoom.py | Kiwoom-_opw00001-0636 I DEBUG    > 예수금 : 100000000
[2021-06-17 09:21:29,666] I Kiwoom.py | Kiwoom-msg_slot-0224 I DEBUG    > 스크린: 2000, 요청이름: 계좌평가잔고내역요청, tr코드: opw00018 --- [571578] 모의투자 해당조회내역이 없습니다.
[2021-06-17 09:21:29,668] I Kiwoom.py | Kiwoom-_opw00018-0797 I DEBUG    > 계좌평가잔고내역요청 싱글데이터 : 0 - 0 - 0.00
[2021-06-17 09:21:29,668] I Kiwoom.py | Kiwoom-_opw00018-0825 I DEBUG    > sPreNext : 
[2021-06-17 09:21:31,462] I DATA_PROC.py | Kiwoom-run-0037 I DEBUG    > data queue put :042420
[2021-06-17 09:21:31,675] I DATA_PROC.py | Kiwoom-run-0037 I DEBUG    > data queue put :053210
[2021-06-17 09:21:31,675] I DATA_PROC.py | Kiwoom-process_data-0082 I DEBUG    > 매수조건 통과 053210 
[2021-06-17 09:21:31,677] I DATA_PROC.py | Kiwoom-order_emit-0046 I DEBUG    > order_queue put :['매수', ['신규매수', '6001', '8000905911', 1, '053210', 303, 11000, '00', '']]
[2021-06-17 09:22:00,746] I Kiwoom.py | Kiwoom-__init__-0035 I DEBUG    > Kiwoom() class start.
[2021-06-17 09:22:37,187] I Kiwoom.py | Kiwoom-__init__-0035 I DEBUG    > Kiwoom() class start.
[2021-06-17 09:22:45,540] I Kiwoom.py | Kiwoom-get_login_info-0575 I DEBUG    > 계좌번호 : 8000905911
[2021-06-17 09:22:46,129] I Kiwoom.py | Kiwoom-msg_slot-0224 I DEBUG    > 스크린: 2000, 요청이름: 예수금상세현황요청, tr코드: opw00001 --- [100000] 모의투자 조회완료
[2021-06-17 09:22:46,130] I Kiwoom.py | Kiwoom-_opw00001-0636 I DEBUG    > 예수금 : 100000000
[2021-06-17 09:22:46,600] I Kiwoom.py | Kiwoom-msg_slot-0224 I DEBUG    > 스크린: 2000, 요청이름: 계좌평가잔고내역요청, tr코드: opw00018 --- [571578] 모의투자 해당조회내역이 없습니다.
[2021-06-17 09:22:46,602] I Kiwoom.py | Kiwoom-_opw00018-0797 I DEBUG    > 계좌평가잔고내역요청 싱글데이터 : 0 - 0 - 0.00
[2021-06-17 09:22:46,602] I Kiwoom.py | Kiwoom-_opw00018-0825 I DEBUG    > sPreNext : 
[2021-06-17 09:22:47,975] I DATA_PROC.py | Kiwoom-run-0037 I DEBUG    > data queue put :088790
[2021-06-17 09:22:48,403] I DATA_PROC.py | Kiwoom-run-0037 I DEBUG    > data queue put :088790
[2021-06-17 09:22:49,615] I Kiwoom.py | Kiwoom-msg_slot-0224 I DEBUG    > 스크린: , 요청이름: , tr코드:  ---  조회가 완료되었습니다.
[2021-06-17 09:22:53,442] I DATA_PROC.py | Kiwoom-run-0037 I DEBUG    > data queue put :053210
[2021-06-17 09:22:53,442] I DATA_PROC.py | Kiwoom-process_data-0082 I DEBUG    > 매수조건 통과 053210 
[2021-06-17 09:22:53,444] I DATA_PROC.py | Kiwoom-order_emit-0046 I DEBUG    > order_queue put :['매수', ['신규매수', '6001', '8000905911', 1, '053210', 303, 11000, '00', '']]
