[2021-06-27 00:06:14,086] I Kiwoom.py | Kiwoom-__init__-0035 I DEBUG    > Kiwoom() class start.
[2021-06-27 00:06:28,472] I Kiwoom.py | Kiwoom-get_login_info-0584 I DEBUG    > 계좌번호 : 8000905911
[2021-06-27 00:06:29,197] I Kiwoom.py | Kiwoom-msg_slot-0232 I DEBUG    > 스크린: 2000, 요청이름: 예수금상세현황요청, tr코드: opw00001 --- [100000] 모의투자 조회완료
[2021-06-27 00:06:29,198] I Kiwoom.py | Kiwoom-_opw00001-0647 I DEBUG    > 예수금 : 0
[2021-06-27 00:06:29,300] I Kiwoom.py | Kiwoom-msg_slot-0232 I DEBUG    > 스크린: 2000, 요청이름: 계좌평가잔고내역요청, tr코드: opw00018 --- [100000] 모의투자 조회완료
[2021-06-27 00:19:09,697] I Kiwoom.py | Kiwoom-__init__-0035 I DEBUG    > Kiwoom() class start.
[2021-06-27 00:19:24,889] I Kiwoom.py | Kiwoom-get_login_info-0591 I DEBUG    > 계좌번호 : 8000905911
[2021-06-27 00:19:25,632] I Kiwoom.py | Kiwoom-msg_slot-0232 I DEBUG    > 스크린: 2000, 요청이름: 예수금상세현황요청, tr코드: opw00001 --- [100000] 모의투자 조회완료
[2021-06-27 00:19:25,634] I Kiwoom.py | Kiwoom-_opw00001-0654 I DEBUG    > 예수금 : 0
[2021-06-27 00:19:25,743] I Kiwoom.py | Kiwoom-msg_slot-0232 I DEBUG    > 스크린: 2000, 요청이름: 계좌평가잔고내역요청, tr코드: opw00018 --- [100000] 모의투자 조회완료
[2021-06-27 00:19:30,805] I Kiwoom.py | Kiwoom-_opw00018-0815 I DEBUG    > 계좌평가잔고내역요청 싱글데이터 : 170,884,190 - -518,696 - -0.30
[2021-06-27 00:19:48,546] I Kiwoom.py | Kiwoom-_opw00018-0843 I DEBUG    > sPreNext : 
[2021-06-27 00:19:51,571] I Kiwoom.py | Kiwoom-msg_slot-0232 I DEBUG    > 스크린: , 요청이름: , tr코드:  ---  조회가 완료되었습니다.
[2021-06-27 00:46:54,437] I Kiwoom.py | Kiwoom-__init__-0035 I DEBUG    > Kiwoom() class start.
[2021-06-27 00:47:09,224] I Kiwoom.py | Kiwoom-get_login_info-0598 I DEBUG    > 계좌번호 : 8000905911
[2021-06-27 00:47:09,956] I Kiwoom.py | Kiwoom-msg_slot-0232 I DEBUG    > 스크린: 2000, 요청이름: 예수금상세현황요청, tr코드: opw00001 --- [100000] 모의투자 조회완료
[2021-06-27 00:47:09,957] I Kiwoom.py | Kiwoom-_opw00001-0661 I DEBUG    > 예수금 : 0
[2021-06-27 00:47:10,062] I Kiwoom.py | Kiwoom-msg_slot-0232 I DEBUG    > 스크린: 2000, 요청이름: 계좌평가잔고내역요청, tr코드: opw00018 --- [100000] 모의투자 조회완료
[2021-06-27 00:47:10,064] I Kiwoom.py | Kiwoom-_opw00018-0822 I DEBUG    > 계좌평가잔고내역요청 싱글데이터 : 170,884,190 - -518,696 - -0.30
[2021-06-27 00:47:10,066] I Kiwoom.py | Kiwoom-_opw00018-0850 I DEBUG    > sPreNext : 
[2021-06-27 00:47:13,086] I Kiwoom.py | Kiwoom-msg_slot-0232 I DEBUG    > 스크린: , 요청이름: , tr코드:  ---  조회가 완료되었습니다.
[2021-06-27 01:04:02,484] I Kiwoom.py | Kiwoom-__init__-0035 I DEBUG    > Kiwoom() class start.
[2021-06-27 01:04:17,394] I Kiwoom.py | Kiwoom-get_login_info-0605 I DEBUG    > 계좌번호 : 8000905911
[2021-06-27 01:04:18,133] I Kiwoom.py | Kiwoom-msg_slot-0232 I DEBUG    > 스크린: 2000, 요청이름: 예수금상세현황요청, tr코드: opw00001 --- [100000] 모의투자 조회완료
[2021-06-27 01:04:18,135] I Kiwoom.py | Kiwoom-_opw00001-0668 I DEBUG    > 예수금 : 0
[2021-06-27 01:04:18,249] I Kiwoom.py | Kiwoom-msg_slot-0232 I DEBUG    > 스크린: 2000, 요청이름: 계좌평가잔고내역요청, tr코드: opw00018 --- [100000] 모의투자 조회완료
[2021-06-27 01:04:18,250] I Kiwoom.py | Kiwoom-_opw00018-0829 I DEBUG    > 계좌평가잔고내역요청 싱글데이터 : 170,884,190 - -518,696 - -0.30
[2021-06-27 01:04:18,251] I Kiwoom.py | Kiwoom-_opw00018-0857 I DEBUG    > sPreNext : 
[2021-06-27 01:04:21,265] I Kiwoom.py | Kiwoom-msg_slot-0232 I DEBUG    > 스크린: , 요청이름: , tr코드:  ---  조회가 완료되었습니다.
[2021-06-27 01:06:20,992] I Kiwoom.py | Kiwoom-__init__-0035 I DEBUG    > Kiwoom() class start.
[2021-06-27 01:06:30,528] I Kiwoom.py | Kiwoom-get_login_info-0605 I DEBUG    > 계좌번호 : 8000905911
[2021-06-27 01:06:31,250] I Kiwoom.py | Kiwoom-msg_slot-0232 I DEBUG    > 스크린: 2000, 요청이름: 예수금상세현황요청, tr코드: opw00001 --- [100000] 모의투자 조회완료
[2021-06-27 01:06:31,252] I Kiwoom.py | Kiwoom-_opw00001-0668 I DEBUG    > 예수금 : 0
[2021-06-27 01:06:31,363] I Kiwoom.py | Kiwoom-msg_slot-0232 I DEBUG    > 스크린: 2000, 요청이름: 계좌평가잔고내역요청, tr코드: opw00018 --- [100000] 모의투자 조회완료
[2021-06-27 01:06:31,365] I Kiwoom.py | Kiwoom-_opw00018-0829 I DEBUG    > 계좌평가잔고내역요청 싱글데이터 : 170,884,190 - -518,696 - -0.30
[2021-06-27 01:06:31,367] I Kiwoom.py | Kiwoom-_opw00018-0857 I DEBUG    > sPreNext : 
[2021-06-27 01:06:34,385] I Kiwoom.py | Kiwoom-msg_slot-0232 I DEBUG    > 스크린: , 요청이름: , tr코드:  ---  조회가 완료되었습니다.
[2021-06-27 01:07:38,420] I Kiwoom.py | Kiwoom-__init__-0035 I DEBUG    > Kiwoom() class start.
[2021-06-27 01:07:47,608] I Kiwoom.py | Kiwoom-get_login_info-0604 I DEBUG    > 계좌번호 : 8000905911
[2021-06-27 01:07:48,333] I Kiwoom.py | Kiwoom-msg_slot-0232 I DEBUG    > 스크린: 2000, 요청이름: 예수금상세현황요청, tr코드: opw00001 --- [100000] 모의투자 조회완료
[2021-06-27 01:07:48,335] I Kiwoom.py | Kiwoom-_opw00001-0667 I DEBUG    > 예수금 : 0
[2021-06-27 01:07:48,439] I Kiwoom.py | Kiwoom-msg_slot-0232 I DEBUG    > 스크린: 2000, 요청이름: 계좌평가잔고내역요청, tr코드: opw00018 --- [100000] 모의투자 조회완료
[2021-06-27 01:07:48,441] I Kiwoom.py | Kiwoom-_opw00018-0828 I DEBUG    > 계좌평가잔고내역요청 싱글데이터 : 170,884,190 - -518,696 - -0.30
[2021-06-27 01:07:48,443] I Kiwoom.py | Kiwoom-_opw00018-0856 I DEBUG    > sPreNext : 
[2021-06-27 01:07:51,453] I Kiwoom.py | Kiwoom-msg_slot-0232 I DEBUG    > 스크린: , 요청이름: , tr코드:  ---  조회가 완료되었습니다.
[2021-06-27 01:08:41,652] I Kiwoom.py | Kiwoom-__init__-0035 I DEBUG    > Kiwoom() class start.
[2021-06-27 01:08:50,873] I Kiwoom.py | Kiwoom-get_login_info-0604 I DEBUG    > 계좌번호 : 8000905911
[2021-06-27 01:08:51,584] I Kiwoom.py | Kiwoom-msg_slot-0232 I DEBUG    > 스크린: 2000, 요청이름: 예수금상세현황요청, tr코드: opw00001 --- [100000] 모의투자 조회완료
[2021-06-27 01:08:51,586] I Kiwoom.py | Kiwoom-_opw00001-0667 I DEBUG    > 예수금 : 0
[2021-06-27 01:08:51,701] I Kiwoom.py | Kiwoom-msg_slot-0232 I DEBUG    > 스크린: 2000, 요청이름: 계좌평가잔고내역요청, tr코드: opw00018 --- [100000] 모의투자 조회완료
[2021-06-27 01:08:51,703] I Kiwoom.py | Kiwoom-_opw00018-0828 I DEBUG    > 계좌평가잔고내역요청 싱글데이터 : 170,884,190 - -518,696 - -0.30
[2021-06-27 01:08:51,705] I Kiwoom.py | Kiwoom-_opw00018-0856 I DEBUG    > sPreNext : 
[2021-06-27 01:08:54,728] I Kiwoom.py | Kiwoom-msg_slot-0232 I DEBUG    > 스크린: , 요청이름: , tr코드:  ---  조회가 완료되었습니다.
[2021-06-27 01:11:44,046] I Kiwoom.py | Kiwoom-__init__-0035 I DEBUG    > Kiwoom() class start.
[2021-06-27 01:11:53,404] I Kiwoom.py | Kiwoom-get_login_info-0604 I DEBUG    > 계좌번호 : 8000905911
[2021-06-27 01:11:54,148] I Kiwoom.py | Kiwoom-msg_slot-0232 I DEBUG    > 스크린: 2000, 요청이름: 예수금상세현황요청, tr코드: opw00001 --- [100000] 모의투자 조회완료
[2021-06-27 01:11:54,150] I Kiwoom.py | Kiwoom-_opw00001-0667 I DEBUG    > 예수금 : 0
[2021-06-27 01:11:54,259] I Kiwoom.py | Kiwoom-msg_slot-0232 I DEBUG    > 스크린: 2000, 요청이름: 계좌평가잔고내역요청, tr코드: opw00018 --- [100000] 모의투자 조회완료
[2021-06-27 01:11:54,261] I Kiwoom.py | Kiwoom-_opw00018-0828 I DEBUG    > 계좌평가잔고내역요청 싱글데이터 : 170,884,190 - -518,696 - -0.30
[2021-06-27 01:11:54,262] I Kiwoom.py | Kiwoom-_opw00018-0856 I DEBUG    > sPreNext : 
[2021-06-27 01:11:57,269] I Kiwoom.py | Kiwoom-msg_slot-0232 I DEBUG    > 스크린: , 요청이름: , tr코드:  ---  조회가 완료되었습니다.
[2021-06-27 01:13:02,662] I Kiwoom.py | Kiwoom-__init__-0035 I DEBUG    > Kiwoom() class start.
[2021-06-27 01:13:12,141] I Kiwoom.py | Kiwoom-get_login_info-0604 I DEBUG    > 계좌번호 : 8000905911
[2021-06-27 01:13:12,870] I Kiwoom.py | Kiwoom-msg_slot-0232 I DEBUG    > 스크린: 2000, 요청이름: 예수금상세현황요청, tr코드: opw00001 --- [100000] 모의투자 조회완료
[2021-06-27 01:13:12,871] I Kiwoom.py | Kiwoom-_opw00001-0667 I DEBUG    > 예수금 : 0
[2021-06-27 01:13:12,978] I Kiwoom.py | Kiwoom-msg_slot-0232 I DEBUG    > 스크린: 2000, 요청이름: 계좌평가잔고내역요청, tr코드: opw00018 --- [100000] 모의투자 조회완료
[2021-06-27 01:13:12,980] I Kiwoom.py | Kiwoom-_opw00018-0828 I DEBUG    > 계좌평가잔고내역요청 싱글데이터 : 170,884,190 - -518,696 - -0.30
[2021-06-27 01:13:12,982] I Kiwoom.py | Kiwoom-_opw00018-0856 I DEBUG    > sPreNext : 
[2021-06-27 01:13:16,014] I Kiwoom.py | Kiwoom-msg_slot-0232 I DEBUG    > 스크린: , 요청이름: , tr코드:  ---  조회가 완료되었습니다.
[2021-06-27 01:17:49,698] I Kiwoom.py | Kiwoom-__init__-0035 I DEBUG    > Kiwoom() class start.
[2021-06-27 01:17:59,318] I Kiwoom.py | Kiwoom-get_login_info-0604 I DEBUG    > 계좌번호 : 8000905911
[2021-06-27 01:18:00,111] I Kiwoom.py | Kiwoom-msg_slot-0232 I DEBUG    > 스크린: 2000, 요청이름: 예수금상세현황요청, tr코드: opw00001 --- [100000] 모의투자 조회완료
[2021-06-27 01:18:00,112] I Kiwoom.py | Kiwoom-_opw00001-0667 I DEBUG    > 예수금 : 0
[2021-06-27 01:18:00,216] I Kiwoom.py | Kiwoom-msg_slot-0232 I DEBUG    > 스크린: 2000, 요청이름: 계좌평가잔고내역요청, tr코드: opw00018 --- [100000] 모의투자 조회완료
[2021-06-27 01:18:00,218] I Kiwoom.py | Kiwoom-_opw00018-0828 I DEBUG    > 계좌평가잔고내역요청 싱글데이터 : 170,884,190 - -518,696 - -0.30
[2021-06-27 01:18:00,220] I Kiwoom.py | Kiwoom-_opw00018-0856 I DEBUG    > sPreNext : 
[2021-06-27 01:18:03,237] I Kiwoom.py | Kiwoom-msg_slot-0232 I DEBUG    > 스크린: , 요청이름: , tr코드:  ---  조회가 완료되었습니다.
[2021-06-27 15:34:48,447] I Kiwoom.py | Kiwoom-__init__-0035 I DEBUG    > Kiwoom() class start.
[2021-06-27 15:53:39,451] I Kiwoom.py | Kiwoom-__init__-0037 I DEBUG    > Kiwoom() class start.
[2021-06-27 16:00:09,851] I Kiwoom.py | Kiwoom-__init__-0037 I DEBUG    > Kiwoom() class start.
[2021-06-27 16:07:39,262] I Kiwoom.py | Kiwoom-__init__-0037 I DEBUG    > Kiwoom() class start.
[2021-06-27 16:47:30,424] I Kiwoom.py | Kiwoom-__init__-0037 I DEBUG    > Kiwoom() class start.
[2021-06-27 16:58:51,514] I Kiwoom.py | Kiwoom-__init__-0037 I DEBUG    > Kiwoom() class start.
[2021-06-27 18:01:03,066] I Kiwoom.py | Kiwoom-__init__-0037 I DEBUG    > Kiwoom() class start.
[2021-06-27 18:02:39,378] I Kiwoom.py | Kiwoom-__init__-0037 I DEBUG    > Kiwoom() class start.
[2021-06-27 18:04:24,468] I Kiwoom.py | Kiwoom-get_login_info-0640 I DEBUG    > 계좌번호 : 8000905911
[2021-06-27 18:04:25,252] I Kiwoom.py | Kiwoom-msg_slot-0234 I DEBUG    > 스크린: 2000, 요청이름: 예수금상세현황요청, tr코드: opw00001 --- [100000] 모의투자 조회완료
[2021-06-27 18:04:25,254] I Kiwoom.py | Kiwoom-_opw00001-0703 I DEBUG    > 예수금 : 0
[2021-06-27 18:04:25,358] I Kiwoom.py | Kiwoom-msg_slot-0234 I DEBUG    > 스크린: 2000, 요청이름: 계좌평가잔고내역요청, tr코드: opw00018 --- [100000] 모의투자 조회완료
[2021-06-27 18:04:25,360] I Kiwoom.py | Kiwoom-_opw00018-0864 I DEBUG    > 계좌평가잔고내역요청 싱글데이터 : 170,884,190 - -518,696 - -0.30
[2021-06-27 18:04:25,361] I Kiwoom.py | Kiwoom-_opw00018-0892 I DEBUG    > sPreNext : 
[2021-06-27 18:04:28,396] I Kiwoom.py | Kiwoom-msg_slot-0234 I DEBUG    > 스크린: , 요청이름: , tr코드:  ---  조회가 완료되었습니다.
[2021-06-27 18:06:23,730] I Kiwoom.py | Kiwoom-__init__-0037 I DEBUG    > Kiwoom() class start.
[2021-06-27 18:11:31,455] I Kiwoom.py | Kiwoom-__init__-0037 I DEBUG    > Kiwoom() class start.
[2021-06-27 18:11:53,658] I Kiwoom.py | Kiwoom-__init__-0037 I DEBUG    > Kiwoom() class start.
[2021-06-27 18:44:36,320] I Kiwoom.py | Kiwoom-__init__-0037 I DEBUG    > Kiwoom() class start.
[2021-06-27 18:45:15,211] I Kiwoom.py | Kiwoom-__init__-0037 I DEBUG    > Kiwoom() class start.
[2021-06-27 18:45:32,176] I Kiwoom.py | Kiwoom-__init__-0037 I DEBUG    > Kiwoom() class start.
[2021-06-27 18:45:42,171] I Kiwoom.py | Kiwoom-__init__-0037 I DEBUG    > Kiwoom() class start.
[2021-06-27 18:52:49,887] I Kiwoom.py | Kiwoom-__init__-0037 I DEBUG    > Kiwoom() class start.
[2021-06-27 18:54:31,538] I Kiwoom.py | Kiwoom-get_login_info-0640 I DEBUG    > 계좌번호 : 8000905911
[2021-06-27 18:54:32,266] I Kiwoom.py | Kiwoom-msg_slot-0234 I DEBUG    > 스크린: 2000, 요청이름: 예수금상세현황요청, tr코드: opw00001 --- [100000] 모의투자 조회완료
[2021-06-27 18:54:32,267] I Kiwoom.py | Kiwoom-_opw00001-0703 I DEBUG    > 예수금 : 0
[2021-06-27 18:54:32,375] I Kiwoom.py | Kiwoom-msg_slot-0234 I DEBUG    > 스크린: 2000, 요청이름: 계좌평가잔고내역요청, tr코드: opw00018 --- [100000] 모의투자 조회완료
[2021-06-27 18:54:32,377] I Kiwoom.py | Kiwoom-_opw00018-0864 I DEBUG    > 계좌평가잔고내역요청 싱글데이터 : 170,884,190 - -518,696 - -0.30
[2021-06-27 18:54:32,378] I Kiwoom.py | Kiwoom-_opw00018-0892 I DEBUG    > sPreNext : 
[2021-06-27 18:54:35,393] I Kiwoom.py | Kiwoom-msg_slot-0234 I DEBUG    > 스크린: , 요청이름: , tr코드:  ---  조회가 완료되었습니다.
[2021-06-27 18:56:33,837] I Kiwoom.py | Kiwoom-__init__-0037 I DEBUG    > Kiwoom() class start.
[2021-06-27 18:58:47,242] I Kiwoom.py | Kiwoom-__init__-0037 I DEBUG    > Kiwoom() class start.
[2021-06-27 19:00:28,555] I Kiwoom.py | Kiwoom-__init__-0037 I DEBUG    > Kiwoom() class start.
[2021-06-27 19:02:51,490] I Kiwoom.py | Kiwoom-__init__-0037 I DEBUG    > Kiwoom() class start.
[2021-06-27 19:02:56,954] I Kiwoom.py | Kiwoom-__init__-0037 I DEBUG    > Kiwoom() class start.
[2021-06-27 19:12:42,743] I Kiwoom.py | Kiwoom-__init__-0037 I DEBUG    > Kiwoom() class start.
[2021-06-27 19:14:22,987] I Kiwoom.py | Kiwoom-get_login_info-0640 I DEBUG    > 계좌번호 : 8000905911
[2021-06-27 19:14:23,709] I Kiwoom.py | Kiwoom-msg_slot-0234 I DEBUG    > 스크린: 2000, 요청이름: 예수금상세현황요청, tr코드: opw00001 --- [100000] 모의투자 조회완료
[2021-06-27 19:14:23,711] I Kiwoom.py | Kiwoom-_opw00001-0703 I DEBUG    > 예수금 : 0
[2021-06-27 19:14:23,815] I Kiwoom.py | Kiwoom-msg_slot-0234 I DEBUG    > 스크린: 2000, 요청이름: 계좌평가잔고내역요청, tr코드: opw00018 --- [100000] 모의투자 조회완료
[2021-06-27 19:14:23,817] I Kiwoom.py | Kiwoom-_opw00018-0864 I DEBUG    > 계좌평가잔고내역요청 싱글데이터 : 170,884,190 - -518,696 - -0.30
[2021-06-27 19:14:23,818] I Kiwoom.py | Kiwoom-_opw00018-0892 I DEBUG    > sPreNext : 
[2021-06-27 19:14:26,838] I Kiwoom.py | Kiwoom-msg_slot-0234 I DEBUG    > 스크린: , 요청이름: , tr코드:  ---  조회가 완료되었습니다.
[2021-06-27 19:15:43,379] I Kiwoom.py | Kiwoom-__init__-0037 I DEBUG    > Kiwoom() class start.
[2021-06-27 19:17:18,570] I Kiwoom.py | Kiwoom-get_login_info-0640 I DEBUG    > 계좌번호 : 8000905911
[2021-06-27 19:17:19,270] I Kiwoom.py | Kiwoom-msg_slot-0234 I DEBUG    > 스크린: 2000, 요청이름: 예수금상세현황요청, tr코드: opw00001 --- [100000] 모의투자 조회완료
[2021-06-27 19:17:19,271] I Kiwoom.py | Kiwoom-_opw00001-0703 I DEBUG    > 예수금 : 0
[2021-06-27 19:17:19,384] I Kiwoom.py | Kiwoom-msg_slot-0234 I DEBUG    > 스크린: 2000, 요청이름: 계좌평가잔고내역요청, tr코드: opw00018 --- [100000] 모의투자 조회완료
[2021-06-27 19:17:19,386] I Kiwoom.py | Kiwoom-_opw00018-0864 I DEBUG    > 계좌평가잔고내역요청 싱글데이터 : 170,884,190 - -518,696 - -0.30
[2021-06-27 19:17:19,387] I Kiwoom.py | Kiwoom-_opw00018-0892 I DEBUG    > sPreNext : 
[2021-06-27 19:17:22,398] I Kiwoom.py | Kiwoom-msg_slot-0234 I DEBUG    > 스크린: , 요청이름: , tr코드:  ---  조회가 완료되었습니다.
[2021-06-27 19:18:26,617] I Kiwoom.py | Kiwoom-__init__-0037 I DEBUG    > Kiwoom() class start.
[2021-06-27 19:19:41,547] I Kiwoom.py | Kiwoom-get_login_info-0640 I DEBUG    > 계좌번호 : 8000905911
[2021-06-27 19:19:42,239] I Kiwoom.py | Kiwoom-msg_slot-0234 I DEBUG    > 스크린: 2000, 요청이름: 예수금상세현황요청, tr코드: opw00001 --- [100000] 모의투자 조회완료
[2021-06-27 19:19:42,241] I Kiwoom.py | Kiwoom-_opw00001-0703 I DEBUG    > 예수금 : 0
[2021-06-27 19:19:42,345] I Kiwoom.py | Kiwoom-msg_slot-0234 I DEBUG    > 스크린: 2000, 요청이름: 계좌평가잔고내역요청, tr코드: opw00018 --- [100000] 모의투자 조회완료
[2021-06-27 19:19:42,347] I Kiwoom.py | Kiwoom-_opw00018-0864 I DEBUG    > 계좌평가잔고내역요청 싱글데이터 : 170,884,190 - -518,696 - -0.30
[2021-06-27 19:19:42,349] I Kiwoom.py | Kiwoom-_opw00018-0892 I DEBUG    > sPreNext : 
[2021-06-27 19:19:45,367] I Kiwoom.py | Kiwoom-msg_slot-0234 I DEBUG    > 스크린: , 요청이름: , tr코드:  ---  조회가 완료되었습니다.
[2021-06-27 19:20:35,989] I Kiwoom.py | Kiwoom-__init__-0037 I DEBUG    > Kiwoom() class start.
[2021-06-27 19:20:56,535] I Kiwoom.py | Kiwoom-get_login_info-0640 I DEBUG    > 계좌번호 : 8000905911
[2021-06-27 19:20:57,275] I Kiwoom.py | Kiwoom-msg_slot-0234 I DEBUG    > 스크린: 2000, 요청이름: 예수금상세현황요청, tr코드: opw00001 --- [100000] 모의투자 조회완료
[2021-06-27 19:20:57,277] I Kiwoom.py | Kiwoom-_opw00001-0703 I DEBUG    > 예수금 : 0
[2021-06-27 19:20:57,386] I Kiwoom.py | Kiwoom-msg_slot-0234 I DEBUG    > 스크린: 2000, 요청이름: 계좌평가잔고내역요청, tr코드: opw00018 --- [100000] 모의투자 조회완료
[2021-06-27 19:20:57,388] I Kiwoom.py | Kiwoom-_opw00018-0864 I DEBUG    > 계좌평가잔고내역요청 싱글데이터 : 170,884,190 - -518,696 - -0.30
[2021-06-27 19:20:57,390] I Kiwoom.py | Kiwoom-_opw00018-0892 I DEBUG    > sPreNext : 
[2021-06-27 19:21:00,410] I Kiwoom.py | Kiwoom-msg_slot-0234 I DEBUG    > 스크린: , 요청이름: , tr코드:  ---  조회가 완료되었습니다.
[2021-06-27 19:21:20,785] I Kiwoom.py | Kiwoom-__init__-0037 I DEBUG    > Kiwoom() class start.
[2021-06-27 19:21:35,371] I Kiwoom.py | Kiwoom-get_login_info-0640 I DEBUG    > 계좌번호 : 8000905911
[2021-06-27 19:21:36,063] I Kiwoom.py | Kiwoom-msg_slot-0234 I DEBUG    > 스크린: 2000, 요청이름: 예수금상세현황요청, tr코드: opw00001 --- [100000] 모의투자 조회완료
[2021-06-27 19:21:36,065] I Kiwoom.py | Kiwoom-_opw00001-0703 I DEBUG    > 예수금 : 0
[2021-06-27 19:21:36,174] I Kiwoom.py | Kiwoom-msg_slot-0234 I DEBUG    > 스크린: 2000, 요청이름: 계좌평가잔고내역요청, tr코드: opw00018 --- [100000] 모의투자 조회완료
[2021-06-27 19:21:36,176] I Kiwoom.py | Kiwoom-_opw00018-0864 I DEBUG    > 계좌평가잔고내역요청 싱글데이터 : 170,884,190 - -518,696 - -0.30
[2021-06-27 19:21:36,178] I Kiwoom.py | Kiwoom-_opw00018-0892 I DEBUG    > sPreNext : 
[2021-06-27 19:21:39,190] I Kiwoom.py | Kiwoom-msg_slot-0234 I DEBUG    > 스크린: , 요청이름: , tr코드:  ---  조회가 완료되었습니다.
[2021-06-27 20:48:43,150] I Kiwoom.py | Kiwoom-__init__-0037 I DEBUG    > Kiwoom() class start.
[2021-06-27 20:49:39,960] I Kiwoom.py | Kiwoom-__init__-0037 I DEBUG    > Kiwoom() class start.
[2021-06-27 20:49:40,067] I MySQL_control.py | Kiwoom-logging_print-0065 I DEBUG    > SUCCESS LOAD fs_last_update_DATA FROM DB!
[2021-06-27 20:49:40,999] I MySQL_control.py | Kiwoom-logging_print-0065 I DEBUG    > SUCCESS LOAD now_finance_excel_DATA FROM DB!
[2021-06-27 20:49:54,506] I Kiwoom.py | Kiwoom-__init__-0037 I DEBUG    > Kiwoom() class start.
[2021-06-27 20:49:54,648] I MySQL_control.py | Kiwoom-logging_print-0065 I DEBUG    > SUCCESS LOAD fs_last_update_DATA FROM DB!
[2021-06-27 20:49:55,585] I MySQL_control.py | Kiwoom-logging_print-0065 I DEBUG    > SUCCESS LOAD now_finance_excel_DATA FROM DB!
[2021-06-27 20:50:00,058] I MySQL_control.py | Kiwoom-logging_print-0065 I DEBUG    > SAVE SUCCESS TO DB!
[2021-06-27 20:50:00,142] I MySQL_control.py | Kiwoom-logging_print-0065 I DEBUG    > SAVE SUCCESS TO DB!
[2021-06-27 20:50:15,437] I Kiwoom.py | Kiwoom-get_login_info-0642 I DEBUG    > 계좌번호 : 8000905911
[2021-06-27 20:50:16,184] I Kiwoom.py | Kiwoom-msg_slot-0235 I DEBUG    > 스크린: 2000, 요청이름: 예수금상세현황요청, tr코드: opw00001 --- [100000] 모의투자 조회완료
[2021-06-27 20:50:16,186] I Kiwoom.py | Kiwoom-_opw00001-0705 I DEBUG    > 예수금 : 0
[2021-06-27 20:50:16,296] I Kiwoom.py | Kiwoom-msg_slot-0235 I DEBUG    > 스크린: 2000, 요청이름: 계좌평가잔고내역요청, tr코드: opw00018 --- [100000] 모의투자 조회완료
[2021-06-27 20:50:16,298] I Kiwoom.py | Kiwoom-_opw00018-0866 I DEBUG    > 계좌평가잔고내역요청 싱글데이터 : 170,884,190 - -518,696 - -0.30
[2021-06-27 20:50:16,299] I Kiwoom.py | Kiwoom-_opw00018-0894 I DEBUG    > sPreNext : 
[2021-06-27 20:50:19,338] I Kiwoom.py | Kiwoom-msg_slot-0235 I DEBUG    > 스크린: , 요청이름: , tr코드:  ---  조회가 완료되었습니다.
[2021-06-27 20:50:19,407] I MySQL_control.py | Kiwoom-logging_print-0065 I DEBUG    > SUCCESS LOAD meme_portfolio_DATA FROM DB!
[2021-06-27 21:10:23,796] I Kiwoom.py | Kiwoom-__init__-0037 I DEBUG    > Kiwoom() class start.
[2021-06-27 21:10:23,926] I MySQL_control.py | Kiwoom-logging_print-0065 I DEBUG    > SUCCESS LOAD fs_last_update_DATA FROM DB!
[2021-06-27 21:10:24,862] I MySQL_control.py | Kiwoom-logging_print-0065 I DEBUG    > SUCCESS LOAD now_finance_excel_DATA FROM DB!
[2021-06-27 21:10:29,284] I MySQL_control.py | Kiwoom-logging_print-0065 I DEBUG    > SAVE SUCCESS TO DB!
[2021-06-27 21:10:29,405] I MySQL_control.py | Kiwoom-logging_print-0065 I DEBUG    > SAVE SUCCESS TO DB!
[2021-06-27 21:10:44,242] I Kiwoom.py | Kiwoom-get_login_info-0649 I DEBUG    > 계좌번호 : 8000905911
[2021-06-27 21:10:44,953] I Kiwoom.py | Kiwoom-msg_slot-0235 I DEBUG    > 스크린: 2000, 요청이름: 예수금상세현황요청, tr코드: opw00001 --- [100000] 모의투자 조회완료
[2021-06-27 21:10:44,954] I Kiwoom.py | Kiwoom-_opw00001-0712 I DEBUG    > 예수금 : 0
[2021-06-27 21:10:45,060] I Kiwoom.py | Kiwoom-msg_slot-0235 I DEBUG    > 스크린: 2000, 요청이름: 계좌평가잔고내역요청, tr코드: opw00018 --- [100000] 모의투자 조회완료
[2021-06-27 21:10:45,062] I Kiwoom.py | Kiwoom-_opw00018-0873 I DEBUG    > 계좌평가잔고내역요청 싱글데이터 : 170,884,190 - -518,696 - -0.30
[2021-06-27 21:10:45,064] I Kiwoom.py | Kiwoom-_opw00018-0901 I DEBUG    > sPreNext : 
[2021-06-27 21:10:48,078] I Kiwoom.py | Kiwoom-msg_slot-0235 I DEBUG    > 스크린: , 요청이름: , tr코드:  ---  조회가 완료되었습니다.
[2021-06-27 21:10:48,145] I MySQL_control.py | Kiwoom-logging_print-0065 I DEBUG    > SUCCESS LOAD meme_portfolio_DATA FROM DB!
[2021-06-27 21:10:53,626] I MySQL_control.py | Kiwoom-logging_print-0065 I DEBUG    > SAVE SUCCESS TO DB!
[2021-06-27 21:16:03,874] I Kiwoom.py | Kiwoom-__init__-0037 I DEBUG    > Kiwoom() class start.
[2021-06-27 21:16:03,998] I MySQL_control.py | Kiwoom-logging_print-0065 I DEBUG    > SUCCESS LOAD fs_last_update_DATA FROM DB!
[2021-06-27 21:16:04,927] I MySQL_control.py | Kiwoom-logging_print-0065 I DEBUG    > SUCCESS LOAD now_finance_excel_DATA FROM DB!
[2021-06-27 21:16:09,218] I MySQL_control.py | Kiwoom-logging_print-0065 I DEBUG    > SAVE SUCCESS TO DB!
[2021-06-27 21:16:09,351] I MySQL_control.py | Kiwoom-logging_print-0065 I DEBUG    > SAVE SUCCESS TO DB!
[2021-06-27 21:16:19,047] I Kiwoom.py | Kiwoom-get_login_info-0649 I DEBUG    > 계좌번호 : 8000905911
[2021-06-27 21:16:19,792] I Kiwoom.py | Kiwoom-msg_slot-0235 I DEBUG    > 스크린: 2000, 요청이름: 예수금상세현황요청, tr코드: opw00001 --- [100000] 모의투자 조회완료
[2021-06-27 21:16:19,795] I Kiwoom.py | Kiwoom-_opw00001-0712 I DEBUG    > 예수금 : 0
[2021-06-27 21:16:19,908] I Kiwoom.py | Kiwoom-msg_slot-0235 I DEBUG    > 스크린: 2000, 요청이름: 계좌평가잔고내역요청, tr코드: opw00018 --- [100000] 모의투자 조회완료
[2021-06-27 21:16:19,909] I Kiwoom.py | Kiwoom-_opw00018-0873 I DEBUG    > 계좌평가잔고내역요청 싱글데이터 : 170,884,190 - -518,696 - -0.30
[2021-06-27 21:16:19,911] I Kiwoom.py | Kiwoom-_opw00018-0901 I DEBUG    > sPreNext : 
[2021-06-27 21:16:22,921] I Kiwoom.py | Kiwoom-msg_slot-0235 I DEBUG    > 스크린: , 요청이름: , tr코드:  ---  조회가 완료되었습니다.
[2021-06-27 21:16:22,987] I MySQL_control.py | Kiwoom-logging_print-0065 I DEBUG    > SUCCESS LOAD meme_portfolio_DATA FROM DB!
[2021-06-27 21:18:39,332] I MySQL_control.py | Kiwoom-logging_print-0065 I DEBUG    > SAVE SUCCESS TO DB!
[2021-06-27 21:19:04,072] I Kiwoom.py | Kiwoom-__init__-0037 I DEBUG    > Kiwoom() class start.
[2021-06-27 21:19:04,222] I MySQL_control.py | Kiwoom-logging_print-0065 I DEBUG    > SUCCESS LOAD fs_last_update_DATA FROM DB!
[2021-06-27 21:19:05,149] I MySQL_control.py | Kiwoom-logging_print-0065 I DEBUG    > SUCCESS LOAD now_finance_excel_DATA FROM DB!
[2021-06-27 21:19:09,474] I MySQL_control.py | Kiwoom-logging_print-0065 I DEBUG    > SAVE SUCCESS TO DB!
[2021-06-27 21:19:09,586] I MySQL_control.py | Kiwoom-logging_print-0065 I DEBUG    > SAVE SUCCESS TO DB!
[2021-06-27 21:19:19,270] I Kiwoom.py | Kiwoom-get_login_info-0649 I DEBUG    > 계좌번호 : 8000905911
[2021-06-27 21:19:19,998] I Kiwoom.py | Kiwoom-msg_slot-0235 I DEBUG    > 스크린: 2000, 요청이름: 예수금상세현황요청, tr코드: opw00001 --- [100000] 모의투자 조회완료
[2021-06-27 21:19:20,000] I Kiwoom.py | Kiwoom-_opw00001-0712 I DEBUG    > 예수금 : 0
[2021-06-27 21:19:20,109] I Kiwoom.py | Kiwoom-msg_slot-0235 I DEBUG    > 스크린: 2000, 요청이름: 계좌평가잔고내역요청, tr코드: opw00018 --- [100000] 모의투자 조회완료
[2021-06-27 21:19:20,111] I Kiwoom.py | Kiwoom-_opw00018-0873 I DEBUG    > 계좌평가잔고내역요청 싱글데이터 : 170,884,190 - -518,696 - -0.30
[2021-06-27 21:19:20,112] I Kiwoom.py | Kiwoom-_opw00018-0901 I DEBUG    > sPreNext : 
[2021-06-27 21:19:23,132] I Kiwoom.py | Kiwoom-msg_slot-0235 I DEBUG    > 스크린: , 요청이름: , tr코드:  ---  조회가 완료되었습니다.
[2021-06-27 21:19:23,196] I MySQL_control.py | Kiwoom-logging_print-0065 I DEBUG    > SUCCESS LOAD meme_portfolio_DATA FROM DB!
[2021-06-27 21:21:08,355] I Kiwoom.py | Kiwoom-__init__-0037 I DEBUG    > Kiwoom() class start.
[2021-06-27 21:21:08,475] I MySQL_control.py | Kiwoom-logging_print-0065 I DEBUG    > SUCCESS LOAD fs_last_update_DATA FROM DB!
[2021-06-27 21:21:09,412] I MySQL_control.py | Kiwoom-logging_print-0065 I DEBUG    > SUCCESS LOAD now_finance_excel_DATA FROM DB!
[2021-06-27 21:21:14,110] I MySQL_control.py | Kiwoom-logging_print-0065 I DEBUG    > SAVE SUCCESS TO DB!
[2021-06-27 21:21:14,223] I MySQL_control.py | Kiwoom-logging_print-0065 I DEBUG    > SAVE SUCCESS TO DB!
[2021-06-27 21:22:16,727] I Kiwoom.py | Kiwoom-get_login_info-0649 I DEBUG    > 계좌번호 : 8000905911
[2021-06-27 21:22:17,467] I Kiwoom.py | Kiwoom-msg_slot-0235 I DEBUG    > 스크린: 2000, 요청이름: 예수금상세현황요청, tr코드: opw00001 --- [100000] 모의투자 조회완료
[2021-06-27 21:22:17,469] I Kiwoom.py | Kiwoom-_opw00001-0712 I DEBUG    > 예수금 : 0
[2021-06-27 21:22:17,579] I Kiwoom.py | Kiwoom-msg_slot-0235 I DEBUG    > 스크린: 2000, 요청이름: 계좌평가잔고내역요청, tr코드: opw00018 --- [100000] 모의투자 조회완료
[2021-06-27 21:22:17,581] I Kiwoom.py | Kiwoom-_opw00018-0873 I DEBUG    > 계좌평가잔고내역요청 싱글데이터 : 170,884,190 - -518,696 - -0.30
[2021-06-27 21:22:17,583] I Kiwoom.py | Kiwoom-_opw00018-0901 I DEBUG    > sPreNext : 
[2021-06-27 21:22:20,605] I Kiwoom.py | Kiwoom-msg_slot-0235 I DEBUG    > 스크린: , 요청이름: , tr코드:  ---  조회가 완료되었습니다.
[2021-06-27 21:22:20,670] I MySQL_control.py | Kiwoom-logging_print-0065 I DEBUG    > SUCCESS LOAD meme_portfolio_DATA FROM DB!
[2021-06-27 21:23:17,315] I MySQL_control.py | Kiwoom-logging_print-0065 I DEBUG    > SAVE SUCCESS TO DB!
[2021-06-27 21:25:09,007] I Kiwoom.py | Kiwoom-__init__-0037 I DEBUG    > Kiwoom() class start.
[2021-06-27 21:25:09,122] I MySQL_control.py | Kiwoom-logging_print-0065 I DEBUG    > SUCCESS LOAD fs_last_update_DATA FROM DB!
[2021-06-27 21:25:10,061] I MySQL_control.py | Kiwoom-logging_print-0065 I DEBUG    > SUCCESS LOAD now_finance_excel_DATA FROM DB!
[2021-06-27 21:25:14,388] I MySQL_control.py | Kiwoom-logging_print-0065 I DEBUG    > SAVE SUCCESS TO DB!
[2021-06-27 21:25:14,470] I MySQL_control.py | Kiwoom-logging_print-0065 I DEBUG    > SAVE SUCCESS TO DB!
[2021-06-27 21:25:34,491] I Kiwoom.py | Kiwoom-get_login_info-0649 I DEBUG    > 계좌번호 : 8000905911
[2021-06-27 21:25:35,222] I Kiwoom.py | Kiwoom-msg_slot-0235 I DEBUG    > 스크린: 2000, 요청이름: 예수금상세현황요청, tr코드: opw00001 --- [100000] 모의투자 조회완료
[2021-06-27 21:25:35,224] I Kiwoom.py | Kiwoom-_opw00001-0712 I DEBUG    > 예수금 : 0
[2021-06-27 21:25:35,328] I Kiwoom.py | Kiwoom-msg_slot-0235 I DEBUG    > 스크린: 2000, 요청이름: 계좌평가잔고내역요청, tr코드: opw00018 --- [100000] 모의투자 조회완료
[2021-06-27 21:25:35,330] I Kiwoom.py | Kiwoom-_opw00018-0873 I DEBUG    > 계좌평가잔고내역요청 싱글데이터 : 170,884,190 - -518,696 - -0.30
[2021-06-27 21:25:35,332] I Kiwoom.py | Kiwoom-_opw00018-0901 I DEBUG    > sPreNext : 
[2021-06-27 21:25:38,347] I Kiwoom.py | Kiwoom-msg_slot-0235 I DEBUG    > 스크린: , 요청이름: , tr코드:  ---  조회가 완료되었습니다.
[2021-06-27 21:25:38,413] I MySQL_control.py | Kiwoom-logging_print-0065 I DEBUG    > SUCCESS LOAD meme_portfolio_DATA FROM DB!
[2021-06-27 21:32:03,416] I MySQL_control.py | Kiwoom-logging_print-0065 I DEBUG    > SAVE SUCCESS TO DB!
[2021-06-27 21:36:19,727] I Kiwoom.py | Kiwoom-__init__-0037 I DEBUG    > Kiwoom() class start.
[2021-06-27 21:36:19,841] I MySQL_control.py | Kiwoom-logging_print-0065 I DEBUG    > SUCCESS LOAD fs_last_update_DATA FROM DB!
[2021-06-27 21:36:20,747] I MySQL_control.py | Kiwoom-logging_print-0065 I DEBUG    > SUCCESS LOAD now_finance_excel_DATA FROM DB!
[2021-06-27 21:36:25,038] I MySQL_control.py | Kiwoom-logging_print-0065 I DEBUG    > SAVE SUCCESS TO DB!
[2021-06-27 21:36:25,133] I MySQL_control.py | Kiwoom-logging_print-0065 I DEBUG    > SAVE SUCCESS TO DB!
[2021-06-27 21:36:35,561] I Kiwoom.py | Kiwoom-get_login_info-0649 I DEBUG    > 계좌번호 : 8000905911
[2021-06-27 21:36:36,325] I Kiwoom.py | Kiwoom-msg_slot-0235 I DEBUG    > 스크린: 2000, 요청이름: 예수금상세현황요청, tr코드: opw00001 --- [100000] 모의투자 조회완료
[2021-06-27 21:36:36,344] I Kiwoom.py | Kiwoom-_opw00001-0712 I DEBUG    > 예수금 : 0
[2021-06-27 21:36:36,446] I Kiwoom.py | Kiwoom-msg_slot-0235 I DEBUG    > 스크린: 2000, 요청이름: 계좌평가잔고내역요청, tr코드: opw00018 --- [100000] 모의투자 조회완료
[2021-06-27 21:36:36,448] I Kiwoom.py | Kiwoom-_opw00018-0873 I DEBUG    > 계좌평가잔고내역요청 싱글데이터 : 170,884,190 - -518,696 - -0.30
[2021-06-27 21:36:36,450] I Kiwoom.py | Kiwoom-_opw00018-0901 I DEBUG    > sPreNext : 
[2021-06-27 21:36:39,460] I Kiwoom.py | Kiwoom-msg_slot-0235 I DEBUG    > 스크린: , 요청이름: , tr코드:  ---  조회가 완료되었습니다.
[2021-06-27 21:36:39,525] I MySQL_control.py | Kiwoom-logging_print-0065 I DEBUG    > SUCCESS LOAD meme_portfolio_DATA FROM DB!
[2021-06-27 21:39:19,184] I Kiwoom.py | Kiwoom-__init__-0037 I DEBUG    > Kiwoom() class start.
[2021-06-27 21:39:19,294] I MySQL_control.py | Kiwoom-logging_print-0065 I DEBUG    > SUCCESS LOAD fs_last_update_DATA FROM DB!
[2021-06-27 21:39:20,244] I MySQL_control.py | Kiwoom-logging_print-0065 I DEBUG    > SUCCESS LOAD now_finance_excel_DATA FROM DB!
[2021-06-27 21:39:24,723] I MySQL_control.py | Kiwoom-logging_print-0065 I DEBUG    > SAVE SUCCESS TO DB!
[2021-06-27 21:39:24,849] I MySQL_control.py | Kiwoom-logging_print-0065 I DEBUG    > SAVE SUCCESS TO DB!
[2021-06-27 21:39:34,845] I Kiwoom.py | Kiwoom-get_login_info-0650 I DEBUG    > 계좌번호 : 8000905911
[2021-06-27 21:39:35,584] I Kiwoom.py | Kiwoom-msg_slot-0235 I DEBUG    > 스크린: 2000, 요청이름: 예수금상세현황요청, tr코드: opw00001 --- [100000] 모의투자 조회완료
[2021-06-27 21:39:35,585] I Kiwoom.py | Kiwoom-_opw00001-0713 I DEBUG    > 예수금 : 0
[2021-06-27 21:39:35,700] I Kiwoom.py | Kiwoom-msg_slot-0235 I DEBUG    > 스크린: 2000, 요청이름: 계좌평가잔고내역요청, tr코드: opw00018 --- [100000] 모의투자 조회완료
[2021-06-27 21:39:35,702] I Kiwoom.py | Kiwoom-_opw00018-0874 I DEBUG    > 계좌평가잔고내역요청 싱글데이터 : 170,884,190 - -518,696 - -0.30
[2021-06-27 21:39:35,704] I Kiwoom.py | Kiwoom-_opw00018-0902 I DEBUG    > sPreNext : 
[2021-06-27 21:39:38,722] I Kiwoom.py | Kiwoom-msg_slot-0235 I DEBUG    > 스크린: , 요청이름: , tr코드:  ---  조회가 완료되었습니다.
[2021-06-27 21:39:38,789] I MySQL_control.py | Kiwoom-logging_print-0065 I DEBUG    > SUCCESS LOAD meme_portfolio_DATA FROM DB!
[2021-06-27 21:57:32,780] I Kiwoom.py | Kiwoom-__init__-0037 I DEBUG    > Kiwoom() class start.
[2021-06-27 21:57:32,904] I MySQL_control.py | Kiwoom-logging_print-0065 I DEBUG    > SUCCESS LOAD fs_last_update_DATA FROM DB!
[2021-06-27 21:57:33,875] I MySQL_control.py | Kiwoom-logging_print-0065 I DEBUG    > SUCCESS LOAD now_finance_excel_DATA FROM DB!
[2021-06-27 21:57:38,850] I MySQL_control.py | Kiwoom-logging_print-0065 I DEBUG    > SAVE SUCCESS TO DB!
[2021-06-27 21:58:25,823] I MySQL_control.py | Kiwoom-logging_print-0065 I DEBUG    > SAVE SUCCESS TO DB!
[2021-06-27 21:58:36,512] I Kiwoom.py | Kiwoom-get_login_info-0651 I DEBUG    > 계좌번호 : 8000905911
[2021-06-27 21:58:37,267] I Kiwoom.py | Kiwoom-msg_slot-0235 I DEBUG    > 스크린: 2000, 요청이름: 예수금상세현황요청, tr코드: opw00001 --- [100000] 모의투자 조회완료
[2021-06-27 21:58:37,269] I Kiwoom.py | Kiwoom-_opw00001-0714 I DEBUG    > 예수금 : 0
[2021-06-27 21:58:37,385] I Kiwoom.py | Kiwoom-msg_slot-0235 I DEBUG    > 스크린: 2000, 요청이름: 계좌평가잔고내역요청, tr코드: opw00018 --- [100000] 모의투자 조회완료
[2021-06-27 21:58:37,387] I Kiwoom.py | Kiwoom-_opw00018-0875 I DEBUG    > 계좌평가잔고내역요청 싱글데이터 : 170,884,190 - -518,696 - -0.30
[2021-06-27 21:58:37,389] I Kiwoom.py | Kiwoom-_opw00018-0903 I DEBUG    > sPreNext : 
[2021-06-27 21:58:40,416] I Kiwoom.py | Kiwoom-msg_slot-0235 I DEBUG    > 스크린: , 요청이름: , tr코드:  ---  조회가 완료되었습니다.
[2021-06-27 21:58:40,481] I MySQL_control.py | Kiwoom-logging_print-0065 I DEBUG    > SUCCESS LOAD meme_portfolio_DATA FROM DB!
[2021-06-27 21:59:23,435] I MySQL_control.py | Kiwoom-logging_print-0065 I DEBUG    > SAVE SUCCESS TO DB!
[2021-06-27 22:00:02,017] I Kiwoom.py | Kiwoom-__init__-0037 I DEBUG    > Kiwoom() class start.
[2021-06-27 22:00:02,129] I MySQL_control.py | Kiwoom-logging_print-0065 I DEBUG    > SUCCESS LOAD fs_last_update_DATA FROM DB!
[2021-06-27 22:00:03,023] I MySQL_control.py | Kiwoom-logging_print-0065 I DEBUG    > SUCCESS LOAD now_finance_excel_DATA FROM DB!
[2021-06-27 22:00:07,269] I MySQL_control.py | Kiwoom-logging_print-0065 I DEBUG    > SAVE SUCCESS TO DB!
[2021-06-27 22:00:07,380] I MySQL_control.py | Kiwoom-logging_print-0065 I DEBUG    > SAVE SUCCESS TO DB!
[2021-06-27 22:00:17,081] I Kiwoom.py | Kiwoom-get_login_info-0651 I DEBUG    > 계좌번호 : 8000905911
[2021-06-27 22:00:17,797] I Kiwoom.py | Kiwoom-msg_slot-0235 I DEBUG    > 스크린: 2000, 요청이름: 예수금상세현황요청, tr코드: opw00001 --- [100000] 모의투자 조회완료
[2021-06-27 22:00:17,799] I Kiwoom.py | Kiwoom-_opw00001-0714 I DEBUG    > 예수금 : 0
[2021-06-27 22:00:17,912] I Kiwoom.py | Kiwoom-msg_slot-0235 I DEBUG    > 스크린: 2000, 요청이름: 계좌평가잔고내역요청, tr코드: opw00018 --- [100000] 모의투자 조회완료
[2021-06-27 22:00:17,914] I Kiwoom.py | Kiwoom-_opw00018-0875 I DEBUG    > 계좌평가잔고내역요청 싱글데이터 : 170,884,190 - -518,696 - -0.30
[2021-06-27 22:00:17,915] I Kiwoom.py | Kiwoom-_opw00018-0903 I DEBUG    > sPreNext : 
[2021-06-27 22:00:20,943] I Kiwoom.py | Kiwoom-msg_slot-0235 I DEBUG    > 스크린: , 요청이름: , tr코드:  ---  조회가 완료되었습니다.
[2021-06-27 22:00:21,009] I MySQL_control.py | Kiwoom-logging_print-0065 I DEBUG    > SUCCESS LOAD meme_portfolio_DATA FROM DB!
[2021-06-27 22:01:00,803] I Kiwoom.py | Kiwoom-__init__-0037 I DEBUG    > Kiwoom() class start.
[2021-06-27 22:01:00,946] I MySQL_control.py | Kiwoom-logging_print-0065 I DEBUG    > SUCCESS LOAD fs_last_update_DATA FROM DB!
[2021-06-27 22:01:01,906] I MySQL_control.py | Kiwoom-logging_print-0065 I DEBUG    > SUCCESS LOAD now_finance_excel_DATA FROM DB!
[2021-06-27 22:01:06,375] I MySQL_control.py | Kiwoom-logging_print-0065 I DEBUG    > SAVE SUCCESS TO DB!
[2021-06-27 22:01:06,504] I MySQL_control.py | Kiwoom-logging_print-0065 I DEBUG    > SAVE SUCCESS TO DB!
[2021-06-27 22:01:16,184] I Kiwoom.py | Kiwoom-get_login_info-0651 I DEBUG    > 계좌번호 : 8000905911
[2021-06-27 22:01:16,910] I Kiwoom.py | Kiwoom-msg_slot-0235 I DEBUG    > 스크린: 2000, 요청이름: 예수금상세현황요청, tr코드: opw00001 --- [100000] 모의투자 조회완료
[2021-06-27 22:01:16,911] I Kiwoom.py | Kiwoom-_opw00001-0714 I DEBUG    > 예수금 : 0
[2021-06-27 22:01:17,024] I Kiwoom.py | Kiwoom-msg_slot-0235 I DEBUG    > 스크린: 2000, 요청이름: 계좌평가잔고내역요청, tr코드: opw00018 --- [100000] 모의투자 조회완료
[2021-06-27 22:01:17,027] I Kiwoom.py | Kiwoom-_opw00018-0875 I DEBUG    > 계좌평가잔고내역요청 싱글데이터 : 170,884,190 - -518,696 - -0.30
[2021-06-27 22:01:17,028] I Kiwoom.py | Kiwoom-_opw00018-0903 I DEBUG    > sPreNext : 
[2021-06-27 22:01:20,030] I Kiwoom.py | Kiwoom-msg_slot-0235 I DEBUG    > 스크린: , 요청이름: , tr코드:  ---  조회가 완료되었습니다.
[2021-06-27 22:01:20,104] I MySQL_control.py | Kiwoom-logging_print-0065 I DEBUG    > SUCCESS LOAD meme_portfolio_DATA FROM DB!
[2021-06-27 22:01:25,621] I MySQL_control.py | Kiwoom-logging_print-0065 I DEBUG    > SAVE SUCCESS TO DB!
[2021-06-27 22:02:07,046] I Kiwoom.py | Kiwoom-__init__-0037 I DEBUG    > Kiwoom() class start.
[2021-06-27 22:02:07,169] I MySQL_control.py | Kiwoom-logging_print-0065 I DEBUG    > SUCCESS LOAD fs_last_update_DATA FROM DB!
[2021-06-27 22:02:08,118] I MySQL_control.py | Kiwoom-logging_print-0065 I DEBUG    > SUCCESS LOAD now_finance_excel_DATA FROM DB!
[2021-06-27 22:02:12,446] I MySQL_control.py | Kiwoom-logging_print-0065 I DEBUG    > SAVE SUCCESS TO DB!
[2021-06-27 22:02:12,565] I MySQL_control.py | Kiwoom-logging_print-0065 I DEBUG    > SAVE SUCCESS TO DB!
[2021-06-27 22:02:24,109] I Kiwoom.py | Kiwoom-get_login_info-0652 I DEBUG    > 계좌번호 : 8000905911
[2021-06-27 22:02:24,821] I Kiwoom.py | Kiwoom-msg_slot-0235 I DEBUG    > 스크린: 2000, 요청이름: 예수금상세현황요청, tr코드: opw00001 --- [100000] 모의투자 조회완료
[2021-06-27 22:02:24,823] I Kiwoom.py | Kiwoom-_opw00001-0715 I DEBUG    > 예수금 : 0
[2021-06-27 22:02:24,925] I Kiwoom.py | Kiwoom-msg_slot-0235 I DEBUG    > 스크린: 2000, 요청이름: 계좌평가잔고내역요청, tr코드: opw00018 --- [100000] 모의투자 조회완료
[2021-06-27 22:02:24,927] I Kiwoom.py | Kiwoom-_opw00018-0876 I DEBUG    > 계좌평가잔고내역요청 싱글데이터 : 170,884,190 - -518,696 - -0.30
[2021-06-27 22:02:24,929] I Kiwoom.py | Kiwoom-_opw00018-0904 I DEBUG    > sPreNext : 
[2021-06-27 22:02:27,949] I Kiwoom.py | Kiwoom-msg_slot-0235 I DEBUG    > 스크린: , 요청이름: , tr코드:  ---  조회가 완료되었습니다.
[2021-06-27 22:02:28,018] I MySQL_control.py | Kiwoom-logging_print-0065 I DEBUG    > SUCCESS LOAD meme_portfolio_DATA FROM DB!
[2021-06-27 22:03:21,449] I MySQL_control.py | Kiwoom-logging_print-0065 I DEBUG    > SAVE SUCCESS TO DB!
[2021-06-27 22:04:10,572] I Kiwoom.py | Kiwoom-__init__-0037 I DEBUG    > Kiwoom() class start.
[2021-06-27 22:04:10,702] I MySQL_control.py | Kiwoom-logging_print-0065 I DEBUG    > SUCCESS LOAD fs_last_update_DATA FROM DB!
[2021-06-27 22:04:11,650] I MySQL_control.py | Kiwoom-logging_print-0065 I DEBUG    > SUCCESS LOAD now_finance_excel_DATA FROM DB!
[2021-06-27 22:04:16,035] I MySQL_control.py | Kiwoom-logging_print-0065 I DEBUG    > SAVE SUCCESS TO DB!
[2021-06-27 22:04:16,138] I MySQL_control.py | Kiwoom-logging_print-0065 I DEBUG    > SAVE SUCCESS TO DB!
[2021-06-27 22:04:25,866] I Kiwoom.py | Kiwoom-get_login_info-0653 I DEBUG    > 계좌번호 : 8000905911
[2021-06-27 22:04:26,634] I Kiwoom.py | Kiwoom-msg_slot-0235 I DEBUG    > 스크린: 2000, 요청이름: 예수금상세현황요청, tr코드: opw00001 --- [100000] 모의투자 조회완료
[2021-06-27 22:04:26,636] I Kiwoom.py | Kiwoom-_opw00001-0716 I DEBUG    > 예수금 : 0
[2021-06-27 22:04:26,737] I Kiwoom.py | Kiwoom-msg_slot-0235 I DEBUG    > 스크린: 2000, 요청이름: 계좌평가잔고내역요청, tr코드: opw00018 --- [100000] 모의투자 조회완료
[2021-06-27 22:04:26,739] I Kiwoom.py | Kiwoom-_opw00018-0877 I DEBUG    > 계좌평가잔고내역요청 싱글데이터 : 170,884,190 - -518,696 - -0.30
[2021-06-27 22:04:26,741] I Kiwoom.py | Kiwoom-_opw00018-0905 I DEBUG    > sPreNext : 
[2021-06-27 22:04:29,778] I Kiwoom.py | Kiwoom-msg_slot-0235 I DEBUG    > 스크린: , 요청이름: , tr코드:  ---  조회가 완료되었습니다.
[2021-06-27 22:04:29,848] I MySQL_control.py | Kiwoom-logging_print-0065 I DEBUG    > SUCCESS LOAD meme_portfolio_DATA FROM DB!
[2021-06-27 22:04:37,095] I MySQL_control.py | Kiwoom-logging_print-0065 I DEBUG    > SAVE SUCCESS TO DB!
[2021-06-27 22:06:30,731] I Kiwoom.py | Kiwoom-__init__-0037 I DEBUG    > Kiwoom() class start.
[2021-06-27 22:06:30,853] I MySQL_control.py | Kiwoom-logging_print-0065 I DEBUG    > SUCCESS LOAD fs_last_update_DATA FROM DB!
[2021-06-27 22:06:31,765] I MySQL_control.py | Kiwoom-logging_print-0065 I DEBUG    > SUCCESS LOAD now_finance_excel_DATA FROM DB!
[2021-06-27 22:06:36,387] I MySQL_control.py | Kiwoom-logging_print-0065 I DEBUG    > SAVE SUCCESS TO DB!
[2021-06-27 22:06:36,498] I MySQL_control.py | Kiwoom-logging_print-0065 I DEBUG    > SAVE SUCCESS TO DB!
[2021-06-27 22:06:46,168] I Kiwoom.py | Kiwoom-get_login_info-0653 I DEBUG    > 계좌번호 : 8000905911
[2021-06-27 22:06:46,875] I Kiwoom.py | Kiwoom-msg_slot-0235 I DEBUG    > 스크린: 2000, 요청이름: 예수금상세현황요청, tr코드: opw00001 --- [100000] 모의투자 조회완료
[2021-06-27 22:06:46,877] I Kiwoom.py | Kiwoom-_opw00001-0716 I DEBUG    > 예수금 : 0
[2021-06-27 22:06:46,977] I Kiwoom.py | Kiwoom-msg_slot-0235 I DEBUG    > 스크린: 2000, 요청이름: 계좌평가잔고내역요청, tr코드: opw00018 --- [100000] 모의투자 조회완료
[2021-06-27 22:06:46,978] I Kiwoom.py | Kiwoom-_opw00018-0877 I DEBUG    > 계좌평가잔고내역요청 싱글데이터 : 170,884,190 - -518,696 - -0.30
[2021-06-27 22:06:46,980] I Kiwoom.py | Kiwoom-_opw00018-0905 I DEBUG    > sPreNext : 
[2021-06-27 22:06:49,988] I Kiwoom.py | Kiwoom-msg_slot-0235 I DEBUG    > 스크린: , 요청이름: , tr코드:  ---  조회가 완료되었습니다.
[2021-06-27 22:06:50,057] I MySQL_control.py | Kiwoom-logging_print-0065 I DEBUG    > SUCCESS LOAD meme_portfolio_DATA FROM DB!
[2021-06-27 22:06:56,204] I MySQL_control.py | Kiwoom-logging_print-0065 I DEBUG    > SAVE SUCCESS TO DB!
[2021-06-27 22:06:56,848] I Kiwoom.py | Kiwoom-read_code-0410 I DEBUG    > SUCCESS UPDATE meme_portfolio
