[2021-06-24 09:01:54,471] I Kiwoom.py | Kiwoom-__init__-0035 I DEBUG    > Kiwoom() class start.
[2021-06-24 09:02:41,659] I Kiwoom.py | Kiwoom-get_login_info-0582 I DEBUG    > 계좌번호 : 8000905911
[2021-06-24 09:02:42,335] I Kiwoom.py | Kiwoom-msg_slot-0231 I DEBUG    > 스크린: 2000, 요청이름: 예수금상세현황요청, tr코드: opw00001 --- [100000] 모의투자 조회완료
[2021-06-24 09:02:42,336] I Kiwoom.py | Kiwoom-_opw00001-0643 I DEBUG    > 예수금 : 84738944
[2021-06-24 09:02:42,421] I Kiwoom.py | Kiwoom-msg_slot-0231 I DEBUG    > 스크린: 2000, 요청이름: 계좌평가잔고내역요청, tr코드: opw00018 --- [100000] 모의투자 조회완료
[2021-06-24 09:02:42,423] I Kiwoom.py | Kiwoom-_opw00018-0804 I DEBUG    > 계좌평가잔고내역요청 싱글데이터 : 38,152,640 - -267,026 - -0.70
[2021-06-24 09:02:42,423] I Kiwoom.py | Kiwoom-_opw00018-0832 I DEBUG    > sPreNext : 
[2021-06-24 09:02:45,452] I Kiwoom.py | Kiwoom-msg_slot-0231 I DEBUG    > 스크린: , 요청이름: , tr코드:  ---  조회가 완료되었습니다.
[2021-06-24 09:03:27,527] I DATA_PROC.py | Kiwoom-process_data-0084 I DEBUG    > 매수조건 통과 025530 
[2021-06-24 09:03:27,528] I DATA_PROC.py | Kiwoom-order_emit-0048 I DEBUG    > order_queue put :['매수', ['신규매수', '6001', '8000905911', 1, '025530', 330, 5050, '00', '']]
[2021-06-24 09:03:27,531] I Kiwoom.py | Kiwoom-order_stock-0165 I DEBUG    > 신규매수 전달 성공
[2021-06-24 09:03:27,543] I Kiwoom.py | Kiwoom-msg_slot-0231 I DEBUG    > 스크린: 6001, 요청이름: 신규매수, tr코드: KOA_NORMAL_BUY_KP_ORD --- [100000] 모의투자 매수주문완료
[2021-06-24 09:03:27,636] I DATA_PROC.py | Kiwoom-process_data-0084 I DEBUG    > 매수조건 통과 025530 
[2021-06-24 09:03:27,636] I DATA_PROC.py | Kiwoom-order_emit-0048 I DEBUG    > order_queue put :['매수', ['신규매수', '6001', '8000905911', 1, '025530', 330, 5050, '00', '']]
[2021-06-24 09:03:27,639] I Kiwoom.py | Kiwoom-order_stock-0165 I DEBUG    > 신규매수 전달 성공
[2021-06-24 09:03:27,653] I Kiwoom.py | Kiwoom-msg_slot-0231 I DEBUG    > 스크린: 6001, 요청이름: 신규매수, tr코드: KOA_NORMAL_BUY_KP_ORD --- [100000] 모의투자 매수주문완료
[2021-06-24 09:04:01,821] I DATA_PROC.py | Kiwoom-process_data-0084 I DEBUG    > 매수조건 통과 025530 
[2021-06-24 09:04:01,821] I DATA_PROC.py | Kiwoom-order_emit-0048 I DEBUG    > order_queue put :['매수', ['신규매수', '6001', '8000905911', 1, '025530', 330, 5050, '00', '']]
[2021-06-24 09:04:01,824] I Kiwoom.py | Kiwoom-order_stock-0165 I DEBUG    > 신규매수 전달 성공
[2021-06-24 09:04:01,853] I Kiwoom.py | Kiwoom-msg_slot-0231 I DEBUG    > 스크린: 6001, 요청이름: 신규매수, tr코드: KOA_NORMAL_BUY_KP_ORD --- [100000] 모의투자 매수주문완료
[2021-06-24 09:04:01,933] I DATA_PROC.py | Kiwoom-process_data-0084 I DEBUG    > 매수조건 통과 025530 
[2021-06-24 09:04:01,933] I DATA_PROC.py | Kiwoom-order_emit-0048 I DEBUG    > order_queue put :['매수', ['신규매수', '6001', '8000905911', 1, '025530', 330, 5050, '00', '']]
[2021-06-24 09:04:01,936] I Kiwoom.py | Kiwoom-order_stock-0165 I DEBUG    > 신규매수 전달 성공
[2021-06-24 09:04:01,965] I Kiwoom.py | Kiwoom-msg_slot-0231 I DEBUG    > 스크린: 6001, 요청이름: 신규매수, tr코드: KOA_NORMAL_BUY_KP_ORD --- [100000] 모의투자 매수주문완료
[2021-06-24 09:04:02,045] I DATA_PROC.py | Kiwoom-process_data-0084 I DEBUG    > 매수조건 통과 025530 
[2021-06-24 09:04:02,045] I DATA_PROC.py | Kiwoom-order_emit-0048 I DEBUG    > order_queue put :['매수', ['신규매수', '6001', '8000905911', 1, '025530', 330, 5050, '00', '']]
[2021-06-24 09:04:02,054] I Kiwoom.py | Kiwoom-order_stock-0165 I DEBUG    > 신규매수 전달 성공
[2021-06-24 09:04:02,076] I Kiwoom.py | Kiwoom-msg_slot-0231 I DEBUG    > 스크린: 6001, 요청이름: 신규매수, tr코드: KOA_NORMAL_BUY_KP_ORD --- [100000] 모의투자 매수주문완료
[2021-06-24 09:04:27,096] I DATA_PROC.py | Kiwoom-process_data-0084 I DEBUG    > 매수조건 통과 025530 
[2021-06-24 09:04:27,096] I DATA_PROC.py | Kiwoom-order_emit-0048 I DEBUG    > order_queue put :['매수', ['신규매수', '6001', '8000905911', 1, '025530', 330, 5050, '00', '']]
[2021-06-24 09:04:27,098] I Kiwoom.py | Kiwoom-order_stock-0165 I DEBUG    > 신규매수 전달 성공
[2021-06-24 09:04:27,128] I Kiwoom.py | Kiwoom-msg_slot-0231 I DEBUG    > 스크린: 6001, 요청이름: 신규매수, tr코드: KOA_NORMAL_BUY_KP_ORD --- [100000] 모의투자 매수주문완료
[2021-06-24 09:05:04,896] I DATA_PROC.py | Kiwoom-process_data-0084 I DEBUG    > 매수조건 통과 025530 
[2021-06-24 09:05:04,896] I DATA_PROC.py | Kiwoom-order_emit-0048 I DEBUG    > order_queue put :['매수', ['신규매수', '6001', '8000905911', 1, '025530', 330, 5050, '00', '']]
[2021-06-24 09:05:04,898] I Kiwoom.py | Kiwoom-order_stock-0165 I DEBUG    > 신규매수 전달 성공
[2021-06-24 09:05:04,928] I Kiwoom.py | Kiwoom-msg_slot-0231 I DEBUG    > 스크린: 6001, 요청이름: 신규매수, tr코드: KOA_NORMAL_BUY_KP_ORD --- [100000] 모의투자 매수주문완료
[2021-06-24 09:05:06,345] I DATA_PROC.py | Kiwoom-process_data-0084 I DEBUG    > 매수조건 통과 025530 
[2021-06-24 09:05:06,345] I DATA_PROC.py | Kiwoom-order_emit-0048 I DEBUG    > order_queue put :['매수', ['신규매수', '6001', '8000905911', 1, '025530', 330, 5050, '00', '']]
[2021-06-24 09:05:06,347] I Kiwoom.py | Kiwoom-order_stock-0165 I DEBUG    > 신규매수 전달 성공
[2021-06-24 09:05:06,377] I Kiwoom.py | Kiwoom-msg_slot-0231 I DEBUG    > 스크린: 6001, 요청이름: 신규매수, tr코드: KOA_NORMAL_BUY_KP_ORD --- [100000] 모의투자 매수주문완료
[2021-06-24 09:27:22,964] I DATA_PROC.py | Kiwoom-process_data-0084 I DEBUG    > 매수조건 통과 005710 
[2021-06-24 09:27:22,964] I DATA_PROC.py | Kiwoom-order_emit-0048 I DEBUG    > order_queue put :['매수', ['신규매수', '6001', '8000905911', 1, '005710', 196, 8470, '00', '']]
[2021-06-24 09:27:22,966] I Kiwoom.py | Kiwoom-order_stock-0165 I DEBUG    > 신규매수 전달 성공
[2021-06-24 09:27:22,996] I Kiwoom.py | Kiwoom-msg_slot-0231 I DEBUG    > 스크린: 6001, 요청이름: 신규매수, tr코드: KOA_NORMAL_BUY_KP_ORD --- [100000] 모의투자 매수주문완료
[2021-06-24 09:27:33,143] I DATA_PROC.py | Kiwoom-process_data-0084 I DEBUG    > 매수조건 통과 005710 
[2021-06-24 09:27:33,143] I DATA_PROC.py | Kiwoom-order_emit-0048 I DEBUG    > order_queue put :['매수', ['신규매수', '6001', '8000905911', 1, '005710', 196, 8470, '00', '']]
[2021-06-24 09:27:33,145] I Kiwoom.py | Kiwoom-order_stock-0165 I DEBUG    > 신규매수 전달 성공
[2021-06-24 09:27:33,174] I Kiwoom.py | Kiwoom-msg_slot-0231 I DEBUG    > 스크린: 6001, 요청이름: 신규매수, tr코드: KOA_NORMAL_BUY_KP_ORD --- [100000] 모의투자 매수주문완료
[2021-06-24 11:21:26,927] I DATA_PROC.py | Kiwoom-process_data-0084 I DEBUG    > 매수조건 통과 123700 
[2021-06-24 11:21:26,928] I DATA_PROC.py | Kiwoom-order_emit-0048 I DEBUG    > order_queue put :['매수', ['신규매수', '6001', '8000905911', 1, '123700', 282, 5900, '00', '']]
[2021-06-24 11:21:26,930] I Kiwoom.py | Kiwoom-order_stock-0165 I DEBUG    > 신규매수 전달 성공
[2021-06-24 11:21:26,958] I Kiwoom.py | Kiwoom-msg_slot-0231 I DEBUG    > 스크린: 6001, 요청이름: 신규매수, tr코드: KOA_NORMAL_BUY_KP_ORD --- [100000] 모의투자 매수주문완료
[2021-06-24 11:21:27,036] I DATA_PROC.py | Kiwoom-process_data-0084 I DEBUG    > 매수조건 통과 123700 
[2021-06-24 11:21:27,036] I DATA_PROC.py | Kiwoom-order_emit-0048 I DEBUG    > order_queue put :['매수', ['신규매수', '6001', '8000905911', 1, '123700', 282, 5900, '00', '']]
[2021-06-24 11:21:27,039] I Kiwoom.py | Kiwoom-order_stock-0165 I DEBUG    > 신규매수 전달 성공
[2021-06-24 11:21:27,083] I Kiwoom.py | Kiwoom-msg_slot-0231 I DEBUG    > 스크린: 6001, 요청이름: 신규매수, tr코드: KOA_NORMAL_BUY_KP_ORD --- [100000] 모의투자 매수주문완료
[2021-06-24 11:21:27,144] I DATA_PROC.py | Kiwoom-process_data-0084 I DEBUG    > 매수조건 통과 123700 
[2021-06-24 11:21:27,145] I DATA_PROC.py | Kiwoom-order_emit-0048 I DEBUG    > order_queue put :['매수', ['신규매수', '6001', '8000905911', 1, '123700', 282, 5900, '00', '']]
[2021-06-24 11:21:27,147] I Kiwoom.py | Kiwoom-order_stock-0165 I DEBUG    > 신규매수 전달 성공
[2021-06-24 11:21:27,174] I Kiwoom.py | Kiwoom-msg_slot-0231 I DEBUG    > 스크린: 6001, 요청이름: 신규매수, tr코드: KOA_NORMAL_BUY_KP_ORD --- [100000] 모의투자 매수주문완료
[2021-06-24 11:24:08,396] I DATA_PROC.py | Kiwoom-process_data-0084 I DEBUG    > 매수조건 통과 123700 
[2021-06-24 11:24:08,396] I DATA_PROC.py | Kiwoom-order_emit-0048 I DEBUG    > order_queue put :['매수', ['신규매수', '6001', '8000905911', 1, '123700', 282, 5900, '00', '']]
[2021-06-24 11:24:08,399] I Kiwoom.py | Kiwoom-order_stock-0165 I DEBUG    > 신규매수 전달 성공
[2021-06-24 11:24:08,412] I Kiwoom.py | Kiwoom-msg_slot-0231 I DEBUG    > 스크린: 6001, 요청이름: 신규매수, tr코드: KOA_NORMAL_BUY_KP_ORD --- [100000] 모의투자 매수주문완료
[2021-06-24 11:24:24,313] I DATA_PROC.py | Kiwoom-process_data-0084 I DEBUG    > 매수조건 통과 123700 
[2021-06-24 11:24:24,314] I DATA_PROC.py | Kiwoom-order_emit-0048 I DEBUG    > order_queue put :['매수', ['신규매수', '6001', '8000905911', 1, '123700', 282, 5900, '00', '']]
[2021-06-24 11:24:24,316] I Kiwoom.py | Kiwoom-order_stock-0165 I DEBUG    > 신규매수 전달 성공
[2021-06-24 11:24:24,329] I Kiwoom.py | Kiwoom-msg_slot-0231 I DEBUG    > 스크린: 6001, 요청이름: 신규매수, tr코드: KOA_NORMAL_BUY_KP_ORD --- [100000] 모의투자 매수주문완료
[2021-06-24 11:24:24,421] I DATA_PROC.py | Kiwoom-process_data-0084 I DEBUG    > 매수조건 통과 123700 
[2021-06-24 11:24:24,421] I DATA_PROC.py | Kiwoom-order_emit-0048 I DEBUG    > order_queue put :['매수', ['신규매수', '6001', '8000905911', 1, '123700', 282, 5900, '00', '']]
[2021-06-24 11:24:24,424] I Kiwoom.py | Kiwoom-order_stock-0165 I DEBUG    > 신규매수 전달 성공
[2021-06-24 11:24:24,484] I Kiwoom.py | Kiwoom-msg_slot-0231 I DEBUG    > 스크린: 6001, 요청이름: 신규매수, tr코드: KOA_NORMAL_BUY_KP_ORD --- [100000] 모의투자 매수주문완료
[2021-06-24 11:25:21,163] I DATA_PROC.py | Kiwoom-process_data-0084 I DEBUG    > 매수조건 통과 123700 
[2021-06-24 11:25:21,163] I DATA_PROC.py | Kiwoom-order_emit-0048 I DEBUG    > order_queue put :['매수', ['신규매수', '6001', '8000905911', 1, '123700', 282, 5900, '00', '']]
[2021-06-24 11:25:21,165] I Kiwoom.py | Kiwoom-order_stock-0165 I DEBUG    > 신규매수 전달 성공
[2021-06-24 11:25:21,178] I Kiwoom.py | Kiwoom-msg_slot-0231 I DEBUG    > 스크린: 6001, 요청이름: 신규매수, tr코드: KOA_NORMAL_BUY_KP_ORD --- [100000] 모의투자 매수주문완료
[2021-06-24 11:25:21,377] I DATA_PROC.py | Kiwoom-process_data-0084 I DEBUG    > 매수조건 통과 123700 
[2021-06-24 11:25:21,377] I DATA_PROC.py | Kiwoom-order_emit-0048 I DEBUG    > order_queue put :['매수', ['신규매수', '6001', '8000905911', 1, '123700', 282, 5900, '00', '']]
[2021-06-24 11:25:21,380] I Kiwoom.py | Kiwoom-order_stock-0165 I DEBUG    > 신규매수 전달 성공
[2021-06-24 11:25:21,414] I Kiwoom.py | Kiwoom-msg_slot-0231 I DEBUG    > 스크린: 6001, 요청이름: 신규매수, tr코드: KOA_NORMAL_BUY_KP_ORD --- [100000] 모의투자 매수주문완료
[2021-06-24 11:25:57,562] I DATA_PROC.py | Kiwoom-process_data-0084 I DEBUG    > 매수조건 통과 123700 
[2021-06-24 11:25:57,562] I DATA_PROC.py | Kiwoom-order_emit-0048 I DEBUG    > order_queue put :['매수', ['신규매수', '6001', '8000905911', 1, '123700', 282, 5900, '00', '']]
[2021-06-24 11:25:57,565] I Kiwoom.py | Kiwoom-order_stock-0165 I DEBUG    > 신규매수 전달 성공
[2021-06-24 11:25:57,578] I Kiwoom.py | Kiwoom-msg_slot-0231 I DEBUG    > 스크린: 6001, 요청이름: 신규매수, tr코드: KOA_NORMAL_BUY_KP_ORD --- [100000] 모의투자 매수주문완료
[2021-06-24 11:25:57,671] I DATA_PROC.py | Kiwoom-process_data-0084 I DEBUG    > 매수조건 통과 123700 
[2021-06-24 11:25:57,671] I DATA_PROC.py | Kiwoom-order_emit-0048 I DEBUG    > order_queue put :['매수', ['신규매수', '6001', '8000905911', 1, '123700', 282, 5900, '00', '']]
[2021-06-24 11:25:57,673] I Kiwoom.py | Kiwoom-order_stock-0165 I DEBUG    > 신규매수 전달 성공
[2021-06-24 11:25:57,703] I Kiwoom.py | Kiwoom-msg_slot-0231 I DEBUG    > 스크린: 6001, 요청이름: 신규매수, tr코드: KOA_NORMAL_BUY_KP_ORD --- [100000] 모의투자 매수주문완료
[2021-06-24 11:25:57,888] I DATA_PROC.py | Kiwoom-process_data-0084 I DEBUG    > 매수조건 통과 123700 
[2021-06-24 11:25:57,888] I DATA_PROC.py | Kiwoom-order_emit-0048 I DEBUG    > order_queue put :['매수', ['신규매수', '6001', '8000905911', 1, '123700', 282, 5900, '00', '']]
[2021-06-24 11:25:57,890] I Kiwoom.py | Kiwoom-order_stock-0165 I DEBUG    > 신규매수 전달 성공
[2021-06-24 11:25:57,935] I Kiwoom.py | Kiwoom-msg_slot-0231 I DEBUG    > 스크린: 6001, 요청이름: 신규매수, tr코드: KOA_NORMAL_BUY_KP_ORD --- [100000] 모의투자 매수주문완료
[2021-06-24 11:25:57,996] I DATA_PROC.py | Kiwoom-process_data-0084 I DEBUG    > 매수조건 통과 123700 
[2021-06-24 11:25:57,997] I DATA_PROC.py | Kiwoom-order_emit-0048 I DEBUG    > order_queue put :['매수', ['신규매수', '6001', '8000905911', 1, '123700', 282, 5900, '00', '']]
[2021-06-24 11:25:57,999] I Kiwoom.py | Kiwoom-order_stock-0165 I DEBUG    > 신규매수 전달 성공
[2021-06-24 11:25:58,012] I Kiwoom.py | Kiwoom-msg_slot-0231 I DEBUG    > 스크린: 6001, 요청이름: 신규매수, tr코드: KOA_NORMAL_BUY_KP_ORD --- [100000] 모의투자 매수주문완료
[2021-06-24 11:25:58,321] I DATA_PROC.py | Kiwoom-process_data-0084 I DEBUG    > 매수조건 통과 123700 
[2021-06-24 11:25:58,321] I DATA_PROC.py | Kiwoom-order_emit-0048 I DEBUG    > order_queue put :['매수', ['신규매수', '6001', '8000905911', 1, '123700', 282, 5900, '00', '']]
[2021-06-24 11:25:58,324] I Kiwoom.py | Kiwoom-order_stock-0165 I DEBUG    > 신규매수 전달 성공
[2021-06-24 11:25:58,352] I Kiwoom.py | Kiwoom-msg_slot-0231 I DEBUG    > 스크린: 6001, 요청이름: 신규매수, tr코드: KOA_NORMAL_BUY_KP_ORD --- [100000] 모의투자 매수주문완료
[2021-06-24 11:25:58,430] I DATA_PROC.py | Kiwoom-process_data-0084 I DEBUG    > 매수조건 통과 123700 
[2021-06-24 11:25:58,431] I DATA_PROC.py | Kiwoom-order_emit-0048 I DEBUG    > order_queue put :['매수', ['신규매수', '6001', '8000905911', 1, '123700', 282, 5900, '00', '']]
[2021-06-24 11:25:58,432] I Kiwoom.py | Kiwoom-order_stock-0167 I DEBUG    > 주문 전달 실패
[2021-06-24 11:25:58,865] I DATA_PROC.py | Kiwoom-process_data-0084 I DEBUG    > 매수조건 통과 123700 
[2021-06-24 11:25:58,865] I DATA_PROC.py | Kiwoom-order_emit-0048 I DEBUG    > order_queue put :['매수', ['신규매수', '6001', '8000905911', 1, '123700', 282, 5900, '00', '']]
[2021-06-24 11:25:58,867] I Kiwoom.py | Kiwoom-order_stock-0165 I DEBUG    > 신규매수 전달 성공
[2021-06-24 11:25:58,896] I Kiwoom.py | Kiwoom-msg_slot-0231 I DEBUG    > 스크린: 6001, 요청이름: 신규매수, tr코드: KOA_NORMAL_BUY_KP_ORD --- [100000] 모의투자 매수주문완료
[2021-06-24 11:25:58,974] I DATA_PROC.py | Kiwoom-process_data-0084 I DEBUG    > 매수조건 통과 123700 
[2021-06-24 11:25:58,974] I DATA_PROC.py | Kiwoom-order_emit-0048 I DEBUG    > order_queue put :['매수', ['신규매수', '6001', '8000905911', 1, '123700', 282, 5900, '00', '']]
[2021-06-24 11:25:58,976] I Kiwoom.py | Kiwoom-order_stock-0165 I DEBUG    > 신규매수 전달 성공
[2021-06-24 11:25:59,006] I Kiwoom.py | Kiwoom-msg_slot-0231 I DEBUG    > 스크린: 6001, 요청이름: 신규매수, tr코드: KOA_NORMAL_BUY_KP_ORD --- [100000] 모의투자 매수주문완료
[2021-06-24 11:25:59,084] I DATA_PROC.py | Kiwoom-process_data-0084 I DEBUG    > 매수조건 통과 123700 
[2021-06-24 11:25:59,084] I DATA_PROC.py | Kiwoom-order_emit-0048 I DEBUG    > order_queue put :['매수', ['신규매수', '6001', '8000905911', 1, '123700', 282, 5900, '00', '']]
[2021-06-24 11:25:59,087] I Kiwoom.py | Kiwoom-order_stock-0165 I DEBUG    > 신규매수 전달 성공
[2021-06-24 11:25:59,106] I Kiwoom.py | Kiwoom-msg_slot-0231 I DEBUG    > 스크린: 6001, 요청이름: 신규매수, tr코드: KOA_NORMAL_BUY_KP_ORD --- [100000] 모의투자 매수주문완료
[2021-06-24 11:25:59,192] I DATA_PROC.py | Kiwoom-process_data-0084 I DEBUG    > 매수조건 통과 123700 
[2021-06-24 11:25:59,192] I DATA_PROC.py | Kiwoom-order_emit-0048 I DEBUG    > order_queue put :['매수', ['신규매수', '6001', '8000905911', 1, '123700', 282, 5900, '00', '']]
[2021-06-24 11:25:59,194] I Kiwoom.py | Kiwoom-order_stock-0165 I DEBUG    > 신규매수 전달 성공
[2021-06-24 11:25:59,208] I Kiwoom.py | Kiwoom-msg_slot-0231 I DEBUG    > 스크린: 6001, 요청이름: 신규매수, tr코드: KOA_NORMAL_BUY_KP_ORD --- [100000] 모의투자 매수주문완료
[2021-06-24 11:25:59,409] I DATA_PROC.py | Kiwoom-process_data-0084 I DEBUG    > 매수조건 통과 123700 
[2021-06-24 11:25:59,409] I DATA_PROC.py | Kiwoom-order_emit-0048 I DEBUG    > order_queue put :['매수', ['신규매수', '6001', '8000905911', 1, '123700', 282, 5900, '00', '']]
[2021-06-24 11:25:59,411] I Kiwoom.py | Kiwoom-order_stock-0165 I DEBUG    > 신규매수 전달 성공
[2021-06-24 11:25:59,439] I Kiwoom.py | Kiwoom-msg_slot-0231 I DEBUG    > 스크린: 6001, 요청이름: 신규매수, tr코드: KOA_NORMAL_BUY_KP_ORD --- [100000] 모의투자 매수주문완료
[2021-06-24 11:25:59,519] I DATA_PROC.py | Kiwoom-process_data-0084 I DEBUG    > 매수조건 통과 123700 
[2021-06-24 11:25:59,519] I DATA_PROC.py | Kiwoom-order_emit-0048 I DEBUG    > order_queue put :['매수', ['신규매수', '6001', '8000905911', 1, '123700', 282, 5900, '00', '']]
[2021-06-24 11:25:59,521] I Kiwoom.py | Kiwoom-order_stock-0167 I DEBUG    > 주문 전달 실패
[2021-06-24 11:25:59,959] I DATA_PROC.py | Kiwoom-process_data-0084 I DEBUG    > 매수조건 통과 123700 
[2021-06-24 11:25:59,960] I DATA_PROC.py | Kiwoom-order_emit-0048 I DEBUG    > order_queue put :['매수', ['신규매수', '6001', '8000905911', 1, '123700', 282, 5900, '00', '']]
[2021-06-24 11:25:59,962] I Kiwoom.py | Kiwoom-order_stock-0165 I DEBUG    > 신규매수 전달 성공
[2021-06-24 11:25:59,990] I Kiwoom.py | Kiwoom-msg_slot-0231 I DEBUG    > 스크린: 6001, 요청이름: 신규매수, tr코드: KOA_NORMAL_BUY_KP_ORD --- [100000] 모의투자 매수주문완료
[2021-06-24 11:26:00,068] I DATA_PROC.py | Kiwoom-process_data-0084 I DEBUG    > 매수조건 통과 123700 
[2021-06-24 11:26:00,068] I DATA_PROC.py | Kiwoom-order_emit-0048 I DEBUG    > order_queue put :['매수', ['신규매수', '6001', '8000905911', 1, '123700', 282, 5900, '00', '']]
[2021-06-24 11:26:00,070] I Kiwoom.py | Kiwoom-order_stock-0165 I DEBUG    > 신규매수 전달 성공
[2021-06-24 11:26:00,083] I Kiwoom.py | Kiwoom-msg_slot-0231 I DEBUG    > 스크린: 6001, 요청이름: 신규매수, tr코드: KOA_NORMAL_BUY_KP_ORD --- [100000] 모의투자 매수주문완료
[2021-06-24 11:26:00,282] I DATA_PROC.py | Kiwoom-process_data-0084 I DEBUG    > 매수조건 통과 123700 
[2021-06-24 11:26:00,282] I DATA_PROC.py | Kiwoom-order_emit-0048 I DEBUG    > order_queue put :['매수', ['신규매수', '6001', '8000905911', 1, '123700', 282, 5900, '00', '']]
[2021-06-24 11:26:00,284] I Kiwoom.py | Kiwoom-order_stock-0165 I DEBUG    > 신규매수 전달 성공
[2021-06-24 11:26:00,312] I Kiwoom.py | Kiwoom-msg_slot-0231 I DEBUG    > 스크린: 6001, 요청이름: 신규매수, tr코드: KOA_NORMAL_BUY_KP_ORD --- [100000] 모의투자 매수주문완료
[2021-06-24 11:26:00,389] I DATA_PROC.py | Kiwoom-process_data-0084 I DEBUG    > 매수조건 통과 123700 
[2021-06-24 11:26:00,390] I DATA_PROC.py | Kiwoom-order_emit-0048 I DEBUG    > order_queue put :['매수', ['신규매수', '6001', '8000905911', 1, '123700', 282, 5900, '00', '']]
[2021-06-24 11:26:00,392] I Kiwoom.py | Kiwoom-order_stock-0165 I DEBUG    > 신규매수 전달 성공
[2021-06-24 11:26:00,411] I Kiwoom.py | Kiwoom-msg_slot-0231 I DEBUG    > 스크린: 6001, 요청이름: 신규매수, tr코드: KOA_NORMAL_BUY_KP_ORD --- [100000] 모의투자 매수주문완료
[2021-06-24 11:26:00,825] I DATA_PROC.py | Kiwoom-process_data-0084 I DEBUG    > 매수조건 통과 123700 
[2021-06-24 11:26:00,825] I DATA_PROC.py | Kiwoom-order_emit-0048 I DEBUG    > order_queue put :['매수', ['신규매수', '6001', '8000905911', 1, '123700', 282, 5900, '00', '']]
[2021-06-24 11:26:00,827] I Kiwoom.py | Kiwoom-order_stock-0165 I DEBUG    > 신규매수 전달 성공
[2021-06-24 11:26:00,856] I Kiwoom.py | Kiwoom-msg_slot-0231 I DEBUG    > 스크린: 6001, 요청이름: 신규매수, tr코드: KOA_NORMAL_BUY_KP_ORD --- [100000] 모의투자 매수주문완료
[2021-06-24 11:26:00,935] I DATA_PROC.py | Kiwoom-process_data-0084 I DEBUG    > 매수조건 통과 123700 
[2021-06-24 11:26:00,935] I DATA_PROC.py | Kiwoom-order_emit-0048 I DEBUG    > order_queue put :['매수', ['신규매수', '6001', '8000905911', 1, '123700', 282, 5900, '00', '']]
[2021-06-24 11:26:00,937] I Kiwoom.py | Kiwoom-order_stock-0167 I DEBUG    > 주문 전달 실패
[2021-06-24 11:26:01,153] I DATA_PROC.py | Kiwoom-process_data-0084 I DEBUG    > 매수조건 통과 123700 
[2021-06-24 11:26:01,153] I DATA_PROC.py | Kiwoom-order_emit-0048 I DEBUG    > order_queue put :['매수', ['신규매수', '6001', '8000905911', 1, '123700', 282, 5900, '00', '']]
[2021-06-24 11:26:01,156] I Kiwoom.py | Kiwoom-order_stock-0165 I DEBUG    > 신규매수 전달 성공
[2021-06-24 11:26:01,168] I Kiwoom.py | Kiwoom-msg_slot-0231 I DEBUG    > 스크린: 6001, 요청이름: 신규매수, tr코드: KOA_NORMAL_BUY_KP_ORD --- [100000] 모의투자 매수주문완료
[2021-06-24 11:26:01,262] I DATA_PROC.py | Kiwoom-process_data-0084 I DEBUG    > 매수조건 통과 123700 
[2021-06-24 11:26:01,262] I DATA_PROC.py | Kiwoom-order_emit-0048 I DEBUG    > order_queue put :['매수', ['신규매수', '6001', '8000905911', 1, '123700', 282, 5900, '00', '']]
[2021-06-24 11:26:01,264] I Kiwoom.py | Kiwoom-order_stock-0165 I DEBUG    > 신규매수 전달 성공
[2021-06-24 11:26:01,276] I Kiwoom.py | Kiwoom-msg_slot-0231 I DEBUG    > 스크린: 6001, 요청이름: 신규매수, tr코드: KOA_NORMAL_BUY_KP_ORD --- [100000] 모의투자 매수주문완료
[2021-06-24 11:26:01,479] I DATA_PROC.py | Kiwoom-process_data-0084 I DEBUG    > 매수조건 통과 123700 
[2021-06-24 11:26:01,479] I DATA_PROC.py | Kiwoom-order_emit-0048 I DEBUG    > order_queue put :['매수', ['신규매수', '6001', '8000905911', 1, '123700', 282, 5900, '00', '']]
[2021-06-24 11:26:01,482] I Kiwoom.py | Kiwoom-order_stock-0165 I DEBUG    > 신규매수 전달 성공
[2021-06-24 11:26:01,540] I Kiwoom.py | Kiwoom-msg_slot-0231 I DEBUG    > 스크린: 6001, 요청이름: 신규매수, tr코드: KOA_NORMAL_BUY_KP_ORD --- [100000] 모의투자 매수주문완료
[2021-06-24 11:26:01,586] I DATA_PROC.py | Kiwoom-process_data-0084 I DEBUG    > 매수조건 통과 123700 
[2021-06-24 11:26:01,586] I DATA_PROC.py | Kiwoom-order_emit-0048 I DEBUG    > order_queue put :['매수', ['신규매수', '6001', '8000905911', 1, '123700', 282, 5900, '00', '']]
[2021-06-24 11:26:01,589] I Kiwoom.py | Kiwoom-order_stock-0165 I DEBUG    > 신규매수 전달 성공
[2021-06-24 11:26:01,617] I Kiwoom.py | Kiwoom-msg_slot-0231 I DEBUG    > 스크린: 6001, 요청이름: 신규매수, tr코드: KOA_NORMAL_BUY_KP_ORD --- [100000] 모의투자 매수주문완료
[2021-06-24 11:26:01,801] I DATA_PROC.py | Kiwoom-process_data-0084 I DEBUG    > 매수조건 통과 123700 
[2021-06-24 11:26:01,801] I DATA_PROC.py | Kiwoom-order_emit-0048 I DEBUG    > order_queue put :['매수', ['신규매수', '6001', '8000905911', 1, '123700', 282, 5900, '00', '']]
[2021-06-24 11:26:01,803] I Kiwoom.py | Kiwoom-order_stock-0167 I DEBUG    > 주문 전달 실패
[2021-06-24 11:26:01,909] I DATA_PROC.py | Kiwoom-process_data-0084 I DEBUG    > 매수조건 통과 123700 
[2021-06-24 11:26:01,909] I DATA_PROC.py | Kiwoom-order_emit-0048 I DEBUG    > order_queue put :['매수', ['신규매수', '6001', '8000905911', 1, '123700', 282, 5900, '00', '']]
[2021-06-24 11:26:01,911] I Kiwoom.py | Kiwoom-order_stock-0165 I DEBUG    > 신규매수 전달 성공
[2021-06-24 11:26:01,923] I Kiwoom.py | Kiwoom-msg_slot-0231 I DEBUG    > 스크린: 6001, 요청이름: 신규매수, tr코드: KOA_NORMAL_BUY_KP_ORD --- [100000] 모의투자 매수주문완료
[2021-06-24 11:26:02,231] I DATA_PROC.py | Kiwoom-process_data-0084 I DEBUG    > 매수조건 통과 123700 
[2021-06-24 11:26:02,231] I DATA_PROC.py | Kiwoom-order_emit-0048 I DEBUG    > order_queue put :['매수', ['신규매수', '6001', '8000905911', 1, '123700', 282, 5900, '00', '']]
[2021-06-24 11:26:02,233] I Kiwoom.py | Kiwoom-order_stock-0165 I DEBUG    > 신규매수 전달 성공
[2021-06-24 11:26:02,247] I Kiwoom.py | Kiwoom-msg_slot-0231 I DEBUG    > 스크린: 6001, 요청이름: 신규매수, tr코드: KOA_NORMAL_BUY_KP_ORD --- [100000] 모의투자 매수주문완료
[2021-06-24 11:26:02,339] I DATA_PROC.py | Kiwoom-process_data-0084 I DEBUG    > 매수조건 통과 123700 
[2021-06-24 11:26:02,339] I DATA_PROC.py | Kiwoom-order_emit-0048 I DEBUG    > order_queue put :['매수', ['신규매수', '6001', '8000905911', 1, '123700', 282, 5900, '00', '']]
[2021-06-24 11:26:02,342] I Kiwoom.py | Kiwoom-order_stock-0165 I DEBUG    > 신규매수 전달 성공
[2021-06-24 11:26:02,370] I Kiwoom.py | Kiwoom-msg_slot-0231 I DEBUG    > 스크린: 6001, 요청이름: 신규매수, tr코드: KOA_NORMAL_BUY_KP_ORD --- [100000] 모의투자 매수주문완료
[2021-06-24 11:26:02,558] I DATA_PROC.py | Kiwoom-process_data-0084 I DEBUG    > 매수조건 통과 123700 
[2021-06-24 11:26:02,558] I DATA_PROC.py | Kiwoom-order_emit-0048 I DEBUG    > order_queue put :['매수', ['신규매수', '6001', '8000905911', 1, '123700', 282, 5900, '00', '']]
[2021-06-24 11:26:02,561] I Kiwoom.py | Kiwoom-order_stock-0165 I DEBUG    > 신규매수 전달 성공
[2021-06-24 11:26:02,574] I Kiwoom.py | Kiwoom-msg_slot-0231 I DEBUG    > 스크린: 6001, 요청이름: 신규매수, tr코드: KOA_NORMAL_BUY_KP_ORD --- [100000] 모의투자 매수주문완료
[2021-06-24 11:26:02,670] I DATA_PROC.py | Kiwoom-process_data-0084 I DEBUG    > 매수조건 통과 123700 
[2021-06-24 11:26:02,670] I DATA_PROC.py | Kiwoom-order_emit-0048 I DEBUG    > order_queue put :['매수', ['신규매수', '6001', '8000905911', 1, '123700', 282, 5900, '00', '']]
[2021-06-24 11:26:02,673] I Kiwoom.py | Kiwoom-order_stock-0165 I DEBUG    > 신규매수 전달 성공
[2021-06-24 11:26:02,686] I Kiwoom.py | Kiwoom-msg_slot-0231 I DEBUG    > 스크린: 6001, 요청이름: 신규매수, tr코드: KOA_NORMAL_BUY_KP_ORD --- [100000] 모의투자 매수주문완료
[2021-06-24 11:26:02,885] I DATA_PROC.py | Kiwoom-process_data-0084 I DEBUG    > 매수조건 통과 123700 
[2021-06-24 11:26:02,885] I DATA_PROC.py | Kiwoom-order_emit-0048 I DEBUG    > order_queue put :['매수', ['신규매수', '6001', '8000905911', 1, '123700', 282, 5900, '00', '']]
[2021-06-24 11:26:02,887] I Kiwoom.py | Kiwoom-order_stock-0167 I DEBUG    > 주문 전달 실패
[2021-06-24 11:26:02,993] I DATA_PROC.py | Kiwoom-process_data-0084 I DEBUG    > 매수조건 통과 123700 
[2021-06-24 11:26:02,993] I DATA_PROC.py | Kiwoom-order_emit-0048 I DEBUG    > order_queue put :['매수', ['신규매수', '6001', '8000905911', 1, '123700', 282, 5900, '00', '']]
[2021-06-24 11:26:02,995] I Kiwoom.py | Kiwoom-order_stock-0165 I DEBUG    > 신규매수 전달 성공
[2021-06-24 11:26:03,009] I Kiwoom.py | Kiwoom-msg_slot-0231 I DEBUG    > 스크린: 6001, 요청이름: 신규매수, tr코드: KOA_NORMAL_BUY_KP_ORD --- [100000] 모의투자 매수주문완료
[2021-06-24 11:26:03,211] I DATA_PROC.py | Kiwoom-process_data-0084 I DEBUG    > 매수조건 통과 123700 
[2021-06-24 11:26:03,211] I DATA_PROC.py | Kiwoom-order_emit-0048 I DEBUG    > order_queue put :['매수', ['신규매수', '6001', '8000905911', 1, '123700', 282, 5900, '00', '']]
[2021-06-24 11:26:03,213] I Kiwoom.py | Kiwoom-order_stock-0167 I DEBUG    > 주문 전달 실패
[2021-06-24 11:26:03,320] I DATA_PROC.py | Kiwoom-process_data-0084 I DEBUG    > 매수조건 통과 123700 
[2021-06-24 11:26:03,321] I DATA_PROC.py | Kiwoom-order_emit-0048 I DEBUG    > order_queue put :['매수', ['신규매수', '6001', '8000905911', 1, '123700', 282, 5900, '00', '']]
[2021-06-24 11:26:03,323] I Kiwoom.py | Kiwoom-order_stock-0165 I DEBUG    > 신규매수 전달 성공
[2021-06-24 11:26:03,352] I Kiwoom.py | Kiwoom-msg_slot-0231 I DEBUG    > 스크린: 6001, 요청이름: 신규매수, tr코드: KOA_NORMAL_BUY_KP_ORD --- [100000] 모의투자 매수주문완료
[2021-06-24 11:26:03,648] I DATA_PROC.py | Kiwoom-process_data-0084 I DEBUG    > 매수조건 통과 123700 
[2021-06-24 11:26:03,649] I DATA_PROC.py | Kiwoom-order_emit-0048 I DEBUG    > order_queue put :['매수', ['신규매수', '6001', '8000905911', 1, '123700', 282, 5900, '00', '']]
[2021-06-24 11:26:03,651] I Kiwoom.py | Kiwoom-order_stock-0165 I DEBUG    > 신규매수 전달 성공
[2021-06-24 11:26:03,678] I Kiwoom.py | Kiwoom-msg_slot-0231 I DEBUG    > 스크린: 6001, 요청이름: 신규매수, tr코드: KOA_NORMAL_BUY_KP_ORD --- [100000] 모의투자 매수주문완료
[2021-06-24 11:26:03,754] I DATA_PROC.py | Kiwoom-process_data-0084 I DEBUG    > 매수조건 통과 123700 
[2021-06-24 11:26:03,754] I DATA_PROC.py | Kiwoom-order_emit-0048 I DEBUG    > order_queue put :['매수', ['신규매수', '6001', '8000905911', 1, '123700', 282, 5900, '00', '']]
[2021-06-24 11:26:03,762] I Kiwoom.py | Kiwoom-order_stock-0165 I DEBUG    > 신규매수 전달 성공
[2021-06-24 11:26:03,785] I Kiwoom.py | Kiwoom-msg_slot-0231 I DEBUG    > 스크린: 6001, 요청이름: 신규매수, tr코드: KOA_NORMAL_BUY_KP_ORD --- [100000] 모의투자 매수주문완료
[2021-06-24 11:26:03,970] I DATA_PROC.py | Kiwoom-process_data-0084 I DEBUG    > 매수조건 통과 123700 
[2021-06-24 11:26:03,970] I DATA_PROC.py | Kiwoom-order_emit-0048 I DEBUG    > order_queue put :['매수', ['신규매수', '6001', '8000905911', 1, '123700', 282, 5900, '00', '']]
[2021-06-24 11:26:03,973] I Kiwoom.py | Kiwoom-order_stock-0165 I DEBUG    > 신규매수 전달 성공
[2021-06-24 11:26:04,001] I Kiwoom.py | Kiwoom-msg_slot-0231 I DEBUG    > 스크린: 6001, 요청이름: 신규매수, tr코드: KOA_NORMAL_BUY_KP_ORD --- [100000] 모의투자 매수주문완료
[2021-06-24 11:26:04,077] I DATA_PROC.py | Kiwoom-process_data-0084 I DEBUG    > 매수조건 통과 123700 
[2021-06-24 11:26:04,077] I DATA_PROC.py | Kiwoom-order_emit-0048 I DEBUG    > order_queue put :['매수', ['신규매수', '6001', '8000905911', 1, '123700', 282, 5900, '00', '']]
[2021-06-24 11:26:04,079] I Kiwoom.py | Kiwoom-order_stock-0165 I DEBUG    > 신규매수 전달 성공
[2021-06-24 11:26:04,109] I Kiwoom.py | Kiwoom-msg_slot-0231 I DEBUG    > 스크린: 6001, 요청이름: 신규매수, tr코드: KOA_NORMAL_BUY_KP_ORD --- [100000] 모의투자 매수주문완료
[2021-06-24 11:26:04,294] I DATA_PROC.py | Kiwoom-process_data-0084 I DEBUG    > 매수조건 통과 123700 
[2021-06-24 11:26:04,294] I DATA_PROC.py | Kiwoom-order_emit-0048 I DEBUG    > order_queue put :['매수', ['신규매수', '6001', '8000905911', 1, '123700', 282, 5900, '00', '']]
[2021-06-24 11:26:04,297] I Kiwoom.py | Kiwoom-order_stock-0167 I DEBUG    > 주문 전달 실패
[2021-06-24 11:26:04,402] I DATA_PROC.py | Kiwoom-process_data-0084 I DEBUG    > 매수조건 통과 123700 
[2021-06-24 11:26:04,402] I DATA_PROC.py | Kiwoom-order_emit-0048 I DEBUG    > order_queue put :['매수', ['신규매수', '6001', '8000905911', 1, '123700', 282, 5900, '00', '']]
[2021-06-24 11:26:04,404] I Kiwoom.py | Kiwoom-order_stock-0165 I DEBUG    > 신규매수 전달 성공
[2021-06-24 11:26:04,433] I Kiwoom.py | Kiwoom-msg_slot-0231 I DEBUG    > 스크린: 6001, 요청이름: 신규매수, tr코드: KOA_NORMAL_BUY_KP_ORD --- [100000] 모의투자 매수주문완료
[2021-06-24 11:26:04,728] I DATA_PROC.py | Kiwoom-process_data-0084 I DEBUG    > 매수조건 통과 123700 
[2021-06-24 11:26:04,728] I DATA_PROC.py | Kiwoom-order_emit-0048 I DEBUG    > order_queue put :['매수', ['신규매수', '6001', '8000905911', 1, '123700', 282, 5900, '00', '']]
[2021-06-24 11:26:04,731] I Kiwoom.py | Kiwoom-order_stock-0165 I DEBUG    > 신규매수 전달 성공
[2021-06-24 11:26:04,745] I Kiwoom.py | Kiwoom-msg_slot-0231 I DEBUG    > 스크린: 6001, 요청이름: 신규매수, tr코드: KOA_NORMAL_BUY_KP_ORD --- [100000] 모의투자 매수주문완료
[2021-06-24 11:26:04,837] I DATA_PROC.py | Kiwoom-process_data-0084 I DEBUG    > 매수조건 통과 123700 
[2021-06-24 11:26:04,837] I DATA_PROC.py | Kiwoom-order_emit-0048 I DEBUG    > order_queue put :['매수', ['신규매수', '6001', '8000905911', 1, '123700', 282, 5900, '00', '']]
[2021-06-24 11:26:04,840] I Kiwoom.py | Kiwoom-order_stock-0165 I DEBUG    > 신규매수 전달 성공
[2021-06-24 11:26:04,884] I Kiwoom.py | Kiwoom-msg_slot-0231 I DEBUG    > 스크린: 6001, 요청이름: 신규매수, tr코드: KOA_NORMAL_BUY_KP_ORD --- [100000] 모의투자 매수주문완료
[2021-06-24 11:26:05,053] I DATA_PROC.py | Kiwoom-process_data-0084 I DEBUG    > 매수조건 통과 123700 
[2021-06-24 11:26:05,053] I DATA_PROC.py | Kiwoom-order_emit-0048 I DEBUG    > order_queue put :['매수', ['신규매수', '6001', '8000905911', 1, '123700', 282, 5900, '00', '']]
[2021-06-24 11:26:05,062] I Kiwoom.py | Kiwoom-order_stock-0165 I DEBUG    > 신규매수 전달 성공
[2021-06-24 11:26:05,116] I Kiwoom.py | Kiwoom-msg_slot-0231 I DEBUG    > 스크린: 6001, 요청이름: 신규매수, tr코드: KOA_NORMAL_BUY_KP_ORD --- [100000] 모의투자 매수주문완료
[2021-06-24 11:26:05,162] I DATA_PROC.py | Kiwoom-process_data-0084 I DEBUG    > 매수조건 통과 123700 
[2021-06-24 11:26:05,162] I DATA_PROC.py | Kiwoom-order_emit-0048 I DEBUG    > order_queue put :['매수', ['신규매수', '6001', '8000905911', 1, '123700', 282, 5900, '00', '']]
[2021-06-24 11:26:05,164] I Kiwoom.py | Kiwoom-order_stock-0165 I DEBUG    > 신규매수 전달 성공
[2021-06-24 11:26:05,194] I Kiwoom.py | Kiwoom-msg_slot-0231 I DEBUG    > 스크린: 6001, 요청이름: 신규매수, tr코드: KOA_NORMAL_BUY_KP_ORD --- [100000] 모의투자 매수주문완료
[2021-06-24 11:26:05,381] I DATA_PROC.py | Kiwoom-process_data-0084 I DEBUG    > 매수조건 통과 123700 
[2021-06-24 11:26:05,381] I DATA_PROC.py | Kiwoom-order_emit-0048 I DEBUG    > order_queue put :['매수', ['신규매수', '6001', '8000905911', 1, '123700', 282, 5900, '00', '']]
[2021-06-24 11:26:05,383] I Kiwoom.py | Kiwoom-order_stock-0167 I DEBUG    > 주문 전달 실패
[2021-06-24 11:26:05,489] I DATA_PROC.py | Kiwoom-process_data-0084 I DEBUG    > 매수조건 통과 123700 
[2021-06-24 11:26:05,489] I DATA_PROC.py | Kiwoom-order_emit-0048 I DEBUG    > order_queue put :['매수', ['신규매수', '6001', '8000905911', 1, '123700', 282, 5900, '00', '']]
[2021-06-24 11:26:05,492] I Kiwoom.py | Kiwoom-order_stock-0165 I DEBUG    > 신규매수 전달 성공
[2021-06-24 11:26:05,519] I Kiwoom.py | Kiwoom-msg_slot-0231 I DEBUG    > 스크린: 6001, 요청이름: 신규매수, tr코드: KOA_NORMAL_BUY_KP_ORD --- [100000] 모의투자 매수주문완료
[2021-06-24 11:26:05,809] I DATA_PROC.py | Kiwoom-process_data-0084 I DEBUG    > 매수조건 통과 123700 
[2021-06-24 11:26:05,809] I DATA_PROC.py | Kiwoom-order_emit-0048 I DEBUG    > order_queue put :['매수', ['신규매수', '6001', '8000905911', 1, '123700', 282, 5900, '00', '']]
[2021-06-24 11:26:05,812] I Kiwoom.py | Kiwoom-order_stock-0165 I DEBUG    > 신규매수 전달 성공
[2021-06-24 11:26:05,841] I Kiwoom.py | Kiwoom-msg_slot-0231 I DEBUG    > 스크린: 6001, 요청이름: 신규매수, tr코드: KOA_NORMAL_BUY_KP_ORD --- [100000] 모의투자 매수주문완료
[2021-06-24 11:26:05,919] I DATA_PROC.py | Kiwoom-process_data-0084 I DEBUG    > 매수조건 통과 123700 
[2021-06-24 11:26:05,919] I DATA_PROC.py | Kiwoom-order_emit-0048 I DEBUG    > order_queue put :['매수', ['신규매수', '6001', '8000905911', 1, '123700', 282, 5900, '00', '']]
[2021-06-24 11:26:05,921] I Kiwoom.py | Kiwoom-order_stock-0165 I DEBUG    > 신규매수 전달 성공
[2021-06-24 11:26:05,934] I Kiwoom.py | Kiwoom-msg_slot-0231 I DEBUG    > 스크린: 6001, 요청이름: 신규매수, tr코드: KOA_NORMAL_BUY_KP_ORD --- [100000] 모의투자 매수주문완료
[2021-06-24 11:26:06,244] I DATA_PROC.py | Kiwoom-process_data-0084 I DEBUG    > 매수조건 통과 123700 
[2021-06-24 11:26:06,245] I DATA_PROC.py | Kiwoom-order_emit-0048 I DEBUG    > order_queue put :['매수', ['신규매수', '6001', '8000905911', 1, '123700', 282, 5900, '00', '']]
[2021-06-24 11:26:06,246] I Kiwoom.py | Kiwoom-order_stock-0165 I DEBUG    > 신규매수 전달 성공
[2021-06-24 11:26:06,275] I Kiwoom.py | Kiwoom-msg_slot-0231 I DEBUG    > 스크린: 6001, 요청이름: 신규매수, tr코드: KOA_NORMAL_BUY_KP_ORD --- [100000] 모의투자 매수주문완료
[2021-06-24 11:26:06,352] I DATA_PROC.py | Kiwoom-process_data-0084 I DEBUG    > 매수조건 통과 123700 
[2021-06-24 11:26:06,352] I DATA_PROC.py | Kiwoom-order_emit-0048 I DEBUG    > order_queue put :['매수', ['신규매수', '6001', '8000905911', 1, '123700', 282, 5900, '00', '']]
[2021-06-24 11:26:06,354] I Kiwoom.py | Kiwoom-order_stock-0165 I DEBUG    > 신규매수 전달 성공
[2021-06-24 11:26:06,368] I Kiwoom.py | Kiwoom-msg_slot-0231 I DEBUG    > 스크린: 6001, 요청이름: 신규매수, tr코드: KOA_NORMAL_BUY_KP_ORD --- [100000] 모의투자 매수주문완료
[2021-06-24 11:26:06,461] I DATA_PROC.py | Kiwoom-process_data-0084 I DEBUG    > 매수조건 통과 123700 
[2021-06-24 11:26:06,461] I DATA_PROC.py | Kiwoom-order_emit-0048 I DEBUG    > order_queue put :['매수', ['신규매수', '6001', '8000905911', 1, '123700', 282, 5900, '00', '']]
[2021-06-24 11:26:06,463] I Kiwoom.py | Kiwoom-order_stock-0167 I DEBUG    > 주문 전달 실패
[2021-06-24 11:26:06,570] I DATA_PROC.py | Kiwoom-process_data-0084 I DEBUG    > 매수조건 통과 123700 
[2021-06-24 11:26:06,570] I DATA_PROC.py | Kiwoom-order_emit-0048 I DEBUG    > order_queue put :['매수', ['신규매수', '6001', '8000905911', 1, '123700', 282, 5900, '00', '']]
[2021-06-24 11:26:06,573] I Kiwoom.py | Kiwoom-order_stock-0165 I DEBUG    > 신규매수 전달 성공
[2021-06-24 11:26:06,601] I Kiwoom.py | Kiwoom-msg_slot-0231 I DEBUG    > 스크린: 6001, 요청이름: 신규매수, tr코드: KOA_NORMAL_BUY_KP_ORD --- [100000] 모의투자 매수주문완료
[2021-06-24 11:26:06,896] I DATA_PROC.py | Kiwoom-process_data-0084 I DEBUG    > 매수조건 통과 123700 
[2021-06-24 11:26:06,896] I DATA_PROC.py | Kiwoom-order_emit-0048 I DEBUG    > order_queue put :['매수', ['신규매수', '6001', '8000905911', 1, '123700', 282, 5900, '00', '']]
[2021-06-24 11:26:06,900] I Kiwoom.py | Kiwoom-order_stock-0165 I DEBUG    > 신규매수 전달 성공
[2021-06-24 11:26:06,913] I Kiwoom.py | Kiwoom-msg_slot-0231 I DEBUG    > 스크린: 6001, 요청이름: 신규매수, tr코드: KOA_NORMAL_BUY_KP_ORD --- [100000] 모의투자 매수주문완료
[2021-06-24 11:26:07,006] I DATA_PROC.py | Kiwoom-process_data-0084 I DEBUG    > 매수조건 통과 123700 
[2021-06-24 11:26:07,006] I DATA_PROC.py | Kiwoom-order_emit-0048 I DEBUG    > order_queue put :['매수', ['신규매수', '6001', '8000905911', 1, '123700', 282, 5900, '00', '']]
[2021-06-24 11:26:07,008] I Kiwoom.py | Kiwoom-order_stock-0165 I DEBUG    > 신규매수 전달 성공
[2021-06-24 11:26:07,059] I Kiwoom.py | Kiwoom-msg_slot-0231 I DEBUG    > 스크린: 6001, 요청이름: 신규매수, tr코드: KOA_NORMAL_BUY_KP_ORD --- [100000] 모의투자 매수주문완료
[2021-06-24 11:26:07,223] I DATA_PROC.py | Kiwoom-process_data-0084 I DEBUG    > 매수조건 통과 123700 
[2021-06-24 11:26:07,223] I DATA_PROC.py | Kiwoom-order_emit-0048 I DEBUG    > order_queue put :['매수', ['신규매수', '6001', '8000905911', 1, '123700', 282, 5900, '00', '']]
[2021-06-24 11:26:07,225] I Kiwoom.py | Kiwoom-order_stock-0167 I DEBUG    > 주문 전달 실패
[2021-06-24 11:26:07,330] I DATA_PROC.py | Kiwoom-process_data-0084 I DEBUG    > 매수조건 통과 123700 
[2021-06-24 11:26:07,330] I DATA_PROC.py | Kiwoom-order_emit-0048 I DEBUG    > order_queue put :['매수', ['신규매수', '6001', '8000905911', 1, '123700', 282, 5900, '00', '']]
[2021-06-24 11:26:07,332] I Kiwoom.py | Kiwoom-order_stock-0165 I DEBUG    > 신규매수 전달 성공
[2021-06-24 11:26:07,345] I Kiwoom.py | Kiwoom-msg_slot-0231 I DEBUG    > 스크린: 6001, 요청이름: 신규매수, tr코드: KOA_NORMAL_BUY_KP_ORD --- [100000] 모의투자 매수주문완료
[2021-06-24 11:26:07,655] I DATA_PROC.py | Kiwoom-process_data-0084 I DEBUG    > 매수조건 통과 123700 
[2021-06-24 11:26:07,655] I DATA_PROC.py | Kiwoom-order_emit-0048 I DEBUG    > order_queue put :['매수', ['신규매수', '6001', '8000905911', 1, '123700', 282, 5900, '00', '']]
[2021-06-24 11:26:07,658] I Kiwoom.py | Kiwoom-order_stock-0165 I DEBUG    > 신규매수 전달 성공
[2021-06-24 11:26:07,702] I Kiwoom.py | Kiwoom-msg_slot-0231 I DEBUG    > 스크린: 6001, 요청이름: 신규매수, tr코드: KOA_NORMAL_BUY_KP_ORD --- [100000] 모의투자 매수주문완료
[2021-06-24 11:26:07,764] I DATA_PROC.py | Kiwoom-process_data-0084 I DEBUG    > 매수조건 통과 123700 
[2021-06-24 11:26:07,764] I DATA_PROC.py | Kiwoom-order_emit-0048 I DEBUG    > order_queue put :['매수', ['신규매수', '6001', '8000905911', 1, '123700', 282, 5900, '00', '']]
[2021-06-24 11:26:07,767] I Kiwoom.py | Kiwoom-order_stock-0165 I DEBUG    > 신규매수 전달 성공
[2021-06-24 11:26:07,793] I Kiwoom.py | Kiwoom-msg_slot-0231 I DEBUG    > 스크린: 6001, 요청이름: 신규매수, tr코드: KOA_NORMAL_BUY_KP_ORD --- [100000] 모의투자 매수주문완료
[2021-06-24 11:26:07,979] I DATA_PROC.py | Kiwoom-process_data-0084 I DEBUG    > 매수조건 통과 123700 
[2021-06-24 11:26:07,979] I DATA_PROC.py | Kiwoom-order_emit-0048 I DEBUG    > order_queue put :['매수', ['신규매수', '6001', '8000905911', 1, '123700', 282, 5900, '00', '']]
[2021-06-24 11:26:07,982] I Kiwoom.py | Kiwoom-order_stock-0165 I DEBUG    > 신규매수 전달 성공
[2021-06-24 11:26:08,025] I Kiwoom.py | Kiwoom-msg_slot-0231 I DEBUG    > 스크린: 6001, 요청이름: 신규매수, tr코드: KOA_NORMAL_BUY_KP_ORD --- [100000] 모의투자 매수주문완료
[2021-06-24 11:26:08,086] I DATA_PROC.py | Kiwoom-process_data-0084 I DEBUG    > 매수조건 통과 123700 
[2021-06-24 11:26:08,086] I DATA_PROC.py | Kiwoom-order_emit-0048 I DEBUG    > order_queue put :['매수', ['신규매수', '6001', '8000905911', 1, '123700', 282, 5900, '00', '']]
[2021-06-24 11:26:08,089] I Kiwoom.py | Kiwoom-order_stock-0165 I DEBUG    > 신규매수 전달 성공
[2021-06-24 11:26:08,101] I Kiwoom.py | Kiwoom-msg_slot-0231 I DEBUG    > 스크린: 6001, 요청이름: 신규매수, tr코드: KOA_NORMAL_BUY_KP_ORD --- [100000] 모의투자 매수주문완료
[2021-06-24 11:26:08,305] I DATA_PROC.py | Kiwoom-process_data-0084 I DEBUG    > 매수조건 통과 123700 
[2021-06-24 11:26:08,305] I DATA_PROC.py | Kiwoom-order_emit-0048 I DEBUG    > order_queue put :['매수', ['신규매수', '6001', '8000905911', 1, '123700', 282, 5900, '00', '']]
[2021-06-24 11:26:08,307] I Kiwoom.py | Kiwoom-order_stock-0167 I DEBUG    > 주문 전달 실패
[2021-06-24 11:26:08,413] I DATA_PROC.py | Kiwoom-process_data-0084 I DEBUG    > 매수조건 통과 123700 
[2021-06-24 11:26:08,413] I DATA_PROC.py | Kiwoom-order_emit-0048 I DEBUG    > order_queue put :['매수', ['신규매수', '6001', '8000905911', 1, '123700', 282, 5900, '00', '']]
[2021-06-24 11:26:08,416] I Kiwoom.py | Kiwoom-order_stock-0165 I DEBUG    > 신규매수 전달 성공
[2021-06-24 11:26:08,444] I Kiwoom.py | Kiwoom-msg_slot-0231 I DEBUG    > 스크린: 6001, 요청이름: 신규매수, tr코드: KOA_NORMAL_BUY_KP_ORD --- [100000] 모의투자 매수주문완료
[2021-06-24 11:26:08,741] I DATA_PROC.py | Kiwoom-process_data-0084 I DEBUG    > 매수조건 통과 123700 
[2021-06-24 11:26:08,742] I DATA_PROC.py | Kiwoom-order_emit-0048 I DEBUG    > order_queue put :['매수', ['신규매수', '6001', '8000905911', 1, '123700', 282, 5900, '00', '']]
[2021-06-24 11:26:08,743] I Kiwoom.py | Kiwoom-order_stock-0165 I DEBUG    > 신규매수 전달 성공
[2021-06-24 11:26:08,756] I Kiwoom.py | Kiwoom-msg_slot-0231 I DEBUG    > 스크린: 6001, 요청이름: 신규매수, tr코드: KOA_NORMAL_BUY_KP_ORD --- [100000] 모의투자 매수주문완료
[2021-06-24 11:26:08,850] I DATA_PROC.py | Kiwoom-process_data-0084 I DEBUG    > 매수조건 통과 123700 
[2021-06-24 11:26:08,850] I DATA_PROC.py | Kiwoom-order_emit-0048 I DEBUG    > order_queue put :['매수', ['신규매수', '6001', '8000905911', 1, '123700', 282, 5900, '00', '']]
[2021-06-24 11:26:08,859] I Kiwoom.py | Kiwoom-order_stock-0165 I DEBUG    > 신규매수 전달 성공
[2021-06-24 11:26:08,882] I Kiwoom.py | Kiwoom-msg_slot-0231 I DEBUG    > 스크린: 6001, 요청이름: 신규매수, tr코드: KOA_NORMAL_BUY_KP_ORD --- [100000] 모의투자 매수주문완료
[2021-06-24 11:26:09,065] I DATA_PROC.py | Kiwoom-process_data-0084 I DEBUG    > 매수조건 통과 123700 
[2021-06-24 11:26:09,065] I DATA_PROC.py | Kiwoom-order_emit-0048 I DEBUG    > order_queue put :['매수', ['신규매수', '6001', '8000905911', 1, '123700', 282, 5900, '00', '']]
[2021-06-24 11:26:09,068] I Kiwoom.py | Kiwoom-order_stock-0165 I DEBUG    > 신규매수 전달 성공
[2021-06-24 11:26:09,080] I Kiwoom.py | Kiwoom-msg_slot-0231 I DEBUG    > 스크린: 6001, 요청이름: 신규매수, tr코드: KOA_NORMAL_BUY_KP_ORD --- [100000] 모의투자 매수주문완료
[2021-06-24 11:26:09,172] I DATA_PROC.py | Kiwoom-process_data-0084 I DEBUG    > 매수조건 통과 123700 
[2021-06-24 11:26:09,173] I DATA_PROC.py | Kiwoom-order_emit-0048 I DEBUG    > order_queue put :['매수', ['신규매수', '6001', '8000905911', 1, '123700', 282, 5900, '00', '']]
[2021-06-24 11:26:09,176] I Kiwoom.py | Kiwoom-order_stock-0165 I DEBUG    > 신규매수 전달 성공
[2021-06-24 11:26:09,195] I Kiwoom.py | Kiwoom-msg_slot-0231 I DEBUG    > 스크린: 6001, 요청이름: 신규매수, tr코드: KOA_NORMAL_BUY_KP_ORD --- [100000] 모의투자 매수주문완료
[2021-06-24 11:26:09,388] I DATA_PROC.py | Kiwoom-process_data-0084 I DEBUG    > 매수조건 통과 123700 
[2021-06-24 11:26:09,388] I DATA_PROC.py | Kiwoom-order_emit-0048 I DEBUG    > order_queue put :['매수', ['신규매수', '6001', '8000905911', 1, '123700', 282, 5900, '00', '']]
[2021-06-24 11:26:09,390] I Kiwoom.py | Kiwoom-order_stock-0167 I DEBUG    > 주문 전달 실패
[2021-06-24 11:26:09,497] I DATA_PROC.py | Kiwoom-process_data-0084 I DEBUG    > 매수조건 통과 123700 
[2021-06-24 11:26:09,497] I DATA_PROC.py | Kiwoom-order_emit-0048 I DEBUG    > order_queue put :['매수', ['신규매수', '6001', '8000905911', 1, '123700', 282, 5900, '00', '']]
[2021-06-24 11:26:09,499] I Kiwoom.py | Kiwoom-order_stock-0165 I DEBUG    > 신규매수 전달 성공
[2021-06-24 11:26:09,527] I Kiwoom.py | Kiwoom-msg_slot-0231 I DEBUG    > 스크린: 6001, 요청이름: 신규매수, tr코드: KOA_NORMAL_BUY_KP_ORD --- [100000] 모의투자 매수주문완료
[2021-06-24 11:27:05,081] I DATA_PROC.py | Kiwoom-process_data-0084 I DEBUG    > 매수조건 통과 123700 
[2021-06-24 11:27:05,082] I DATA_PROC.py | Kiwoom-order_emit-0048 I DEBUG    > order_queue put :['매수', ['신규매수', '6001', '8000905911', 1, '123700', 282, 5900, '00', '']]
[2021-06-24 11:27:05,084] I Kiwoom.py | Kiwoom-order_stock-0165 I DEBUG    > 신규매수 전달 성공
[2021-06-24 11:27:05,113] I Kiwoom.py | Kiwoom-msg_slot-0231 I DEBUG    > 스크린: 6001, 요청이름: 신규매수, tr코드: KOA_NORMAL_BUY_KP_ORD --- [100000] 모의투자 매수주문완료
[2021-06-24 11:27:09,121] I DATA_PROC.py | Kiwoom-process_data-0084 I DEBUG    > 매수조건 통과 123700 
[2021-06-24 11:27:09,121] I DATA_PROC.py | Kiwoom-order_emit-0048 I DEBUG    > order_queue put :['매수', ['신규매수', '6001', '8000905911', 1, '123700', 282, 5900, '00', '']]
[2021-06-24 11:27:09,123] I Kiwoom.py | Kiwoom-order_stock-0165 I DEBUG    > 신규매수 전달 성공
[2021-06-24 11:27:09,137] I Kiwoom.py | Kiwoom-msg_slot-0231 I DEBUG    > 스크린: 6001, 요청이름: 신규매수, tr코드: KOA_NORMAL_BUY_KP_ORD --- [100000] 모의투자 매수주문완료
[2021-06-24 11:27:09,229] I DATA_PROC.py | Kiwoom-process_data-0084 I DEBUG    > 매수조건 통과 123700 
[2021-06-24 11:27:09,229] I DATA_PROC.py | Kiwoom-order_emit-0048 I DEBUG    > order_queue put :['매수', ['신규매수', '6001', '8000905911', 1, '123700', 282, 5900, '00', '']]
[2021-06-24 11:27:09,231] I Kiwoom.py | Kiwoom-order_stock-0165 I DEBUG    > 신규매수 전달 성공
[2021-06-24 11:27:09,251] I Kiwoom.py | Kiwoom-msg_slot-0231 I DEBUG    > 스크린: 6001, 요청이름: 신규매수, tr코드: KOA_NORMAL_BUY_KP_ORD --- [100000] 모의투자 매수주문완료
[2021-06-24 11:28:16,094] I DATA_PROC.py | Kiwoom-process_data-0084 I DEBUG    > 매수조건 통과 123700 
[2021-06-24 11:28:16,094] I DATA_PROC.py | Kiwoom-order_emit-0048 I DEBUG    > order_queue put :['매수', ['신규매수', '6001', '8000905911', 1, '123700', 282, 5900, '00', '']]
[2021-06-24 11:28:16,097] I Kiwoom.py | Kiwoom-order_stock-0165 I DEBUG    > 신규매수 전달 성공
[2021-06-24 11:28:16,124] I Kiwoom.py | Kiwoom-msg_slot-0231 I DEBUG    > 스크린: 6001, 요청이름: 신규매수, tr코드: KOA_NORMAL_BUY_KP_ORD --- [100000] 모의투자 매수주문완료
[2021-06-24 11:48:57,933] I DATA_PROC.py | Kiwoom-process_data-0084 I DEBUG    > 매수조건 통과 123700 
[2021-06-24 11:48:57,933] I DATA_PROC.py | Kiwoom-order_emit-0048 I DEBUG    > order_queue put :['매수', ['신규매수', '6001', '8000905911', 1, '123700', 282, 5900, '00', '']]
[2021-06-24 11:48:57,936] I Kiwoom.py | Kiwoom-order_stock-0165 I DEBUG    > 신규매수 전달 성공
[2021-06-24 11:48:57,964] I Kiwoom.py | Kiwoom-msg_slot-0231 I DEBUG    > 스크린: 6001, 요청이름: 신규매수, tr코드: KOA_NORMAL_BUY_KP_ORD --- [100000] 모의투자 매수주문완료
[2021-06-24 11:48:58,041] I DATA_PROC.py | Kiwoom-process_data-0084 I DEBUG    > 매수조건 통과 123700 
[2021-06-24 11:48:58,042] I DATA_PROC.py | Kiwoom-order_emit-0048 I DEBUG    > order_queue put :['매수', ['신규매수', '6001', '8000905911', 1, '123700', 282, 5900, '00', '']]
[2021-06-24 11:48:58,044] I Kiwoom.py | Kiwoom-order_stock-0165 I DEBUG    > 신규매수 전달 성공
[2021-06-24 11:48:58,056] I Kiwoom.py | Kiwoom-msg_slot-0231 I DEBUG    > 스크린: 6001, 요청이름: 신규매수, tr코드: KOA_NORMAL_BUY_KP_ORD --- [100000] 모의투자 매수주문완료
[2021-06-24 11:50:41,070] I DATA_PROC.py | Kiwoom-process_data-0084 I DEBUG    > 매수조건 통과 123700 
[2021-06-24 11:50:41,070] I DATA_PROC.py | Kiwoom-order_emit-0048 I DEBUG    > order_queue put :['매수', ['신규매수', '6001', '8000905911', 1, '123700', 282, 5900, '00', '']]
[2021-06-24 11:50:41,073] I Kiwoom.py | Kiwoom-order_stock-0165 I DEBUG    > 신규매수 전달 성공
[2021-06-24 11:50:41,086] I Kiwoom.py | Kiwoom-msg_slot-0231 I DEBUG    > 스크린: 6001, 요청이름: 신규매수, tr코드: KOA_NORMAL_BUY_KP_ORD --- [100000] 모의투자 매수주문완료
[2021-06-24 15:14:54,446] I DATA_PROC.py | Kiwoom-process_data-0084 I DEBUG    > 매수조건 통과 306200 
[2021-06-24 15:14:54,447] I DATA_PROC.py | Kiwoom-order_emit-0048 I DEBUG    > order_queue put :['매수', ['신규매수', '6001', '8000905911', 1, '306200', 15, 109500, '00', '']]
[2021-06-24 15:14:54,448] I Kiwoom.py | Kiwoom-order_stock-0165 I DEBUG    > 신규매수 전달 성공
[2021-06-24 15:14:54,462] I Kiwoom.py | Kiwoom-msg_slot-0231 I DEBUG    > 스크린: 6001, 요청이름: 신규매수, tr코드: KOA_NORMAL_BUY_KP_ORD --- [100000] 모의투자 매수주문완료
[2021-06-24 15:17:02,989] I Kiwoom.py | Kiwoom-_receive_real_data-0433 I DEBUG    > 장 종료, 동시호가로 넘어감
[2021-06-24 15:18:02,982] I Kiwoom.py | Kiwoom-_receive_real_data-0433 I DEBUG    > 장 종료, 동시호가로 넘어감
[2021-06-24 15:19:02,978] I Kiwoom.py | Kiwoom-_receive_real_data-0433 I DEBUG    > 장 종료, 동시호가로 넘어감
[2021-06-24 15:20:02,980] I Kiwoom.py | Kiwoom-_receive_real_data-0433 I DEBUG    > 장 종료, 동시호가로 넘어감
[2021-06-24 15:21:02,979] I Kiwoom.py | Kiwoom-_receive_real_data-0433 I DEBUG    > 장 종료, 동시호가로 넘어감
[2021-06-24 15:22:02,983] I Kiwoom.py | Kiwoom-_receive_real_data-0433 I DEBUG    > 장 종료, 동시호가로 넘어감
[2021-06-24 15:23:02,979] I Kiwoom.py | Kiwoom-_receive_real_data-0433 I DEBUG    > 장 종료, 동시호가로 넘어감
[2021-06-24 15:24:02,981] I Kiwoom.py | Kiwoom-_receive_real_data-0433 I DEBUG    > 장 종료, 동시호가로 넘어감
[2021-06-24 15:25:02,980] I Kiwoom.py | Kiwoom-_receive_real_data-0433 I DEBUG    > 장 종료, 동시호가로 넘어감
[2021-06-24 15:26:02,979] I Kiwoom.py | Kiwoom-_receive_real_data-0433 I DEBUG    > 장 종료, 동시호가로 넘어감
[2021-06-24 15:26:12,973] I Kiwoom.py | Kiwoom-_receive_real_data-0433 I DEBUG    > 장 종료, 동시호가로 넘어감
[2021-06-24 15:26:22,978] I Kiwoom.py | Kiwoom-_receive_real_data-0433 I DEBUG    > 장 종료, 동시호가로 넘어감
[2021-06-24 15:26:32,969] I Kiwoom.py | Kiwoom-_receive_real_data-0433 I DEBUG    > 장 종료, 동시호가로 넘어감
[2021-06-24 15:26:42,969] I Kiwoom.py | Kiwoom-_receive_real_data-0433 I DEBUG    > 장 종료, 동시호가로 넘어감
[2021-06-24 15:26:52,970] I Kiwoom.py | Kiwoom-_receive_real_data-0433 I DEBUG    > 장 종료, 동시호가로 넘어감
[2021-06-24 15:27:03,079] I Kiwoom.py | Kiwoom-_receive_real_data-0436 I DEBUG    > 3시30분 장 종료
