[2021-06-15 21:09:28,075] I Kiwoom.py | Kiwoom-__init__-0035 I DEBUG    > Kiwoom() class start.
[2021-06-15 21:10:21,710] I Kiwoom.py | Kiwoom-__init__-0035 I DEBUG    > Kiwoom() class start.
[2021-06-15 21:10:41,837] I Kiwoom.py | Kiwoom-get_login_info-0572 I DEBUG    > 계좌번호 : 8000905911
[2021-06-15 21:12:07,537] I Kiwoom.py | Kiwoom-__init__-0035 I DEBUG    > Kiwoom() class start.
[2021-06-15 21:12:23,263] I Kiwoom.py | Kiwoom-get_login_info-0572 I DEBUG    > 계좌번호 : 8000905911
[2021-06-15 21:25:55,658] I Kiwoom.py | Kiwoom-__init__-0035 I DEBUG    > Kiwoom() class start.
[2021-06-15 21:26:17,134] I Kiwoom.py | Kiwoom-get_login_info-0572 I DEBUG    > 계좌번호 : 8000905911
[2021-06-15 21:41:15,634] I Kiwoom.py | Kiwoom-__init__-0035 I DEBUG    > Kiwoom() class start.
[2021-06-15 21:41:36,814] I Kiwoom.py | Kiwoom-get_login_info-0572 I DEBUG    > 계좌번호 : 8000905911
[2021-06-15 22:45:54,144] I Kiwoom.py | Kiwoom-__init__-0035 I DEBUG    > Kiwoom() class start.
[2021-06-15 22:45:56,668] I Kiwoom.py | Kiwoom-__init__-0035 I DEBUG    > Kiwoom() class start.
[2021-06-15 22:52:07,203] I Kiwoom.py | Kiwoom-__init__-0035 I DEBUG    > Kiwoom() class start.
[2021-06-15 22:52:35,803] I Kiwoom.py | Kiwoom-__init__-0035 I DEBUG    > Kiwoom() class start.
[2021-06-15 22:52:39,206] I Kiwoom.py | Kiwoom-__init__-0035 I DEBUG    > Kiwoom() class start.
[2021-06-15 22:54:39,798] I Kiwoom.py | Kiwoom-__init__-0035 I DEBUG    > Kiwoom() class start.
[2021-06-15 23:03:02,017] I Kiwoom.py | Kiwoom-__init__-0035 I DEBUG    > Kiwoom() class start.
[2021-06-15 23:03:13,098] I Kiwoom.py | Kiwoom-__init__-0035 I DEBUG    > Kiwoom() class start.
[2021-06-15 23:09:15,863] I Kiwoom.py | Kiwoom-__init__-0035 I DEBUG    > Kiwoom() class start.
[2021-06-15 23:15:56,228] I Kiwoom.py | Kiwoom-__init__-0035 I DEBUG    > Kiwoom() class start.
[2021-06-15 23:16:10,660] I Kiwoom.py | Kiwoom-get_login_info-0572 I DEBUG    > 계좌번호 : 8000905911
[2021-06-15 23:16:10,704] I Kiwoom.py | Kiwoom-msg_slot-0223 I DEBUG    > 스크린: 2000, 요청이름: 예수금상세현황요청, tr코드: opw00001 --- [100000] 모의투자 조회완료
[2021-06-15 23:16:10,705] I Kiwoom.py | Kiwoom-_opw00001-0633 I DEBUG    > 예수금 : 100000000
[2021-06-15 23:16:10,762] I Kiwoom.py | Kiwoom-msg_slot-0223 I DEBUG    > 스크린: 2000, 요청이름: 계좌평가잔고내역요청, tr코드: opw00018 --- [571578] 모의투자 해당조회내역이 없습니다.
[2021-06-15 23:16:10,764] I Kiwoom.py | Kiwoom-_opw00018-0794 I DEBUG    > 계좌평가잔고내역요청 싱글데이터 : 0 - 0 - 0.00
[2021-06-15 23:16:10,764] I Kiwoom.py | Kiwoom-_opw00018-0822 I DEBUG    > sPreNext : 
[2021-06-15 23:16:13,799] I Kiwoom.py | Kiwoom-msg_slot-0223 I DEBUG    > 스크린: , 요청이름: , tr코드:  ---  조회가 완료되었습니다.
