[2022-02-10 09:53:04,860] I Kiwoom.py | Kiwoom-__init__-0057 I DEBUG    > Kiwoom() class start.
[2022-02-10 09:53:04,860] I Kiwoom.py | Kiwoom-__init__-0059 I DEBUG    > 2022-02-03_Ver
[2022-02-10 09:53:27,609] I Kiwoom.py | Kiwoom-get_login_info-0922 I DEBUG    > 계좌번호 : 8016293411
[2022-02-10 09:53:28,641] I Kiwoom.py | Kiwoom-msg_slot-0403 I DEBUG    > 스크린: 2000, 요청이름: 예수금상세현황요청, tr코드: opw00001 --- [100000] 모의투자 조회완료
[2022-02-10 09:53:28,643] I Kiwoom.py | Kiwoom-_opw00001-0986 I DEBUG    > 예수금 : 83194122
[2022-02-10 09:53:28,708] I Kiwoom.py | Kiwoom-msg_slot-0403 I DEBUG    > 스크린: 2000, 요청이름: 계좌평가잔고내역요청, tr코드: opw00018 --- [100000] 모의투자 조회완료
[2022-02-10 09:53:28,711] I Kiwoom.py | Kiwoom-_opw00018-1148 I DEBUG    > 계좌평가잔고내역요청 싱글데이터 : 11,167,710 - 566,623 - 5.07
[2022-02-10 09:53:28,713] I Kiwoom.py | Kiwoom-_opw00018-1177 I DEBUG    > sPreNext : 
[2022-02-10 09:53:28,813] I MySQL_control.py | Kiwoom-logging_print-0065 I DEBUG    > SUCCESS LOAD stocks_portfolio TABLE LIST FROM DB!
[2022-02-10 09:53:29,185] I MySQL_control.py | Kiwoom-logging_print-0065 I DEBUG    > SUCCESS LOAD 강환국_울트라_소형주_DATA FROM DB!
[2022-02-10 09:53:29,204] I MySQL_control.py | Kiwoom-logging_print-0065 I DEBUG    > SUCCESS LOAD stocks_rim TABLE LIST FROM DB!
[2022-02-10 09:53:29,545] I MySQL_control.py | Kiwoom-logging_print-0065 I DEBUG    > SUCCESS LOAD 20211126_DATA FROM DB!
[2022-02-10 09:53:29,743] I Kiwoom.py | Kiwoom-Set_Condition_Receive-0259 I DEBUG    > 조건검색 조회 요청 성공
[2022-02-10 09:53:30,040] I Kiwoom.py | Kiwoom-_OnReceiveTrCondition-0268 I DEBUG    > 000325;090355;570027;
[2022-02-10 09:53:42,909] I MySQL_control.py | Kiwoom-logging_print-0065 I DEBUG    > SAVE SUCCESS TO DB!
[2022-02-10 09:53:42,910] I Kiwoom.py | Kiwoom-read_code-0638 I DEBUG    > SUCCESS UPDATE meme_portfolio
[2022-02-10 09:53:42,936] I Kiwoom.py | Kiwoom-msg_slot-0403 I DEBUG    > 스크린: , 요청이름: , tr코드:  ---  조회가 완료되었습니다.
[2022-02-10 09:56:09,117] I Kiwoom.py | Kiwoom-__init__-0057 I DEBUG    > Kiwoom() class start.
[2022-02-10 09:56:09,117] I Kiwoom.py | Kiwoom-__init__-0059 I DEBUG    > 2022-02-03_Ver
[2022-02-10 09:56:15,300] I Kiwoom.py | Kiwoom-get_login_info-0922 I DEBUG    > 계좌번호 : 8016293411
[2022-02-10 09:56:16,086] I Kiwoom.py | Kiwoom-msg_slot-0403 I DEBUG    > 스크린: 2000, 요청이름: 예수금상세현황요청, tr코드: opw00001 --- [100000] 모의투자 조회완료
[2022-02-10 09:56:16,087] I Kiwoom.py | Kiwoom-_opw00001-0986 I DEBUG    > 예수금 : 83194122
[2022-02-10 09:56:16,154] I Kiwoom.py | Kiwoom-msg_slot-0403 I DEBUG    > 스크린: 2000, 요청이름: 계좌평가잔고내역요청, tr코드: opw00018 --- [100000] 모의투자 조회완료
[2022-02-10 09:56:16,157] I Kiwoom.py | Kiwoom-_opw00018-1148 I DEBUG    > 계좌평가잔고내역요청 싱글데이터 : 11,167,710 - 652,735 - 5.84
[2022-02-10 09:56:16,159] I Kiwoom.py | Kiwoom-_opw00018-1177 I DEBUG    > sPreNext : 
[2022-02-10 09:56:16,177] I MySQL_control.py | Kiwoom-logging_print-0065 I DEBUG    > SUCCESS LOAD stocks_portfolio TABLE LIST FROM DB!
[2022-02-10 09:56:16,303] I MySQL_control.py | Kiwoom-logging_print-0065 I DEBUG    > SUCCESS LOAD 강환국_울트라_소형주_DATA FROM DB!
[2022-02-10 09:56:16,314] I MySQL_control.py | Kiwoom-logging_print-0065 I DEBUG    > SUCCESS LOAD stocks_rim TABLE LIST FROM DB!
[2022-02-10 09:56:16,624] I MySQL_control.py | Kiwoom-logging_print-0065 I DEBUG    > SUCCESS LOAD 20211126_DATA FROM DB!
[2022-02-10 09:56:16,775] I Kiwoom.py | Kiwoom-Set_Condition_Receive-0259 I DEBUG    > 조건검색 조회 요청 성공
[2022-02-10 09:56:17,072] I Kiwoom.py | Kiwoom-_OnReceiveTrCondition-0268 I DEBUG    > 000325;090355;570027;
[2022-02-10 09:56:20,649] I MySQL_control.py | Kiwoom-logging_print-0065 I DEBUG    > SAVE SUCCESS TO DB!
[2022-02-10 09:56:20,650] I Kiwoom.py | Kiwoom-read_code-0638 I DEBUG    > SUCCESS UPDATE meme_portfolio
[2022-02-10 09:56:20,671] I Kiwoom.py | Kiwoom-msg_slot-0403 I DEBUG    > 스크린: , 요청이름: , tr코드:  ---  조회가 완료되었습니다.
[2022-02-10 14:42:46,143] I DATA_PROC.py | Kiwoom-order_emit-0054 I DEBUG    > order_queue put :['매도', ['신규매도', '6001', '8016293411', 2, '105550', '000000000000242', 0, '03', '']]
[2022-02-10 14:42:46,204] I Kiwoom.py | Kiwoom-msg_slot-0403 I DEBUG    > 스크린: 6001, 요청이름: 신규매도, tr코드: KOA_NORMAL_SELL_KQ_ORD --- [100000] 모의투자 매도주문완료
[2022-02-10 14:42:58,337] I MySQL_control.py | Kiwoom-logging_print-0065 I DEBUG    > SAVE SUCCESS TO DB!
[2022-02-10 15:19:59,947] I Kiwoom.py | Kiwoom-_receive_real_data-0767 I DEBUG    > 장 종료, 동시호가로 넘어감
[2022-02-10 15:20:59,954] I Kiwoom.py | Kiwoom-_receive_real_data-0767 I DEBUG    > 장 종료, 동시호가로 넘어감
[2022-02-10 15:21:59,942] I Kiwoom.py | Kiwoom-_receive_real_data-0767 I DEBUG    > 장 종료, 동시호가로 넘어감
[2022-02-10 15:22:59,949] I Kiwoom.py | Kiwoom-_receive_real_data-0767 I DEBUG    > 장 종료, 동시호가로 넘어감
[2022-02-10 15:23:59,944] I Kiwoom.py | Kiwoom-_receive_real_data-0767 I DEBUG    > 장 종료, 동시호가로 넘어감
[2022-02-10 15:24:59,947] I Kiwoom.py | Kiwoom-_receive_real_data-0767 I DEBUG    > 장 종료, 동시호가로 넘어감
[2022-02-10 15:25:59,935] I Kiwoom.py | Kiwoom-_receive_real_data-0767 I DEBUG    > 장 종료, 동시호가로 넘어감
[2022-02-10 15:26:59,934] I Kiwoom.py | Kiwoom-_receive_real_data-0767 I DEBUG    > 장 종료, 동시호가로 넘어감
[2022-02-10 15:27:59,937] I Kiwoom.py | Kiwoom-_receive_real_data-0767 I DEBUG    > 장 종료, 동시호가로 넘어감
[2022-02-10 15:28:59,937] I Kiwoom.py | Kiwoom-_receive_real_data-0767 I DEBUG    > 장 종료, 동시호가로 넘어감
[2022-02-10 15:29:09,939] I Kiwoom.py | Kiwoom-_receive_real_data-0767 I DEBUG    > 장 종료, 동시호가로 넘어감
[2022-02-10 15:29:19,933] I Kiwoom.py | Kiwoom-_receive_real_data-0767 I DEBUG    > 장 종료, 동시호가로 넘어감
[2022-02-10 15:29:29,940] I Kiwoom.py | Kiwoom-_receive_real_data-0767 I DEBUG    > 장 종료, 동시호가로 넘어감
[2022-02-10 15:29:39,938] I Kiwoom.py | Kiwoom-_receive_real_data-0767 I DEBUG    > 장 종료, 동시호가로 넘어감
[2022-02-10 15:29:49,934] I Kiwoom.py | Kiwoom-_receive_real_data-0767 I DEBUG    > 장 종료, 동시호가로 넘어감
[2022-02-10 15:29:59,939] I Kiwoom.py | Kiwoom-_receive_real_data-0770 I DEBUG    > 3시30분 장 종료
[2022-02-10 21:59:42,447] I Kiwoom.py | Kiwoom-__init__-0057 I DEBUG    > Kiwoom() class start.
[2022-02-10 21:59:42,447] I Kiwoom.py | Kiwoom-__init__-0059 I DEBUG    > 2022-02-03_Ver
[2022-02-10 21:59:56,870] I Kiwoom.py | Kiwoom-get_login_info-0922 I DEBUG    > 계좌번호 : 8016293411
[2022-02-10 21:59:57,919] I Kiwoom.py | Kiwoom-msg_slot-0403 I DEBUG    > 스크린: 2000, 요청이름: 예수금상세현황요청, tr코드: opw00001 --- [100000] 모의투자 조회완료
[2022-02-10 21:59:57,921] I Kiwoom.py | Kiwoom-_opw00001-0986 I DEBUG    > 예수금 : 88046990
[2022-02-10 21:59:57,988] I Kiwoom.py | Kiwoom-msg_slot-0403 I DEBUG    > 스크린: 2000, 요청이름: 계좌평가잔고내역요청, tr코드: opw00018 --- [100000] 모의투자 조회완료
[2022-02-10 21:59:57,991] I Kiwoom.py | Kiwoom-_opw00018-1148 I DEBUG    > 계좌평가잔고내역요청 싱글데이터 : 9,151,830 - 741,059 - 8.10
[2022-02-10 21:59:57,992] I Kiwoom.py | Kiwoom-_opw00018-1177 I DEBUG    > sPreNext : 
[2022-02-10 21:59:58,027] I MySQL_control.py | Kiwoom-logging_print-0065 I DEBUG    > SUCCESS LOAD stocks_portfolio TABLE LIST FROM DB!
[2022-02-10 21:59:58,323] I MySQL_control.py | Kiwoom-logging_print-0065 I DEBUG    > SUCCESS LOAD 강환국_울트라_소형주_DATA FROM DB!
[2022-02-10 21:59:58,341] I MySQL_control.py | Kiwoom-logging_print-0065 I DEBUG    > SUCCESS LOAD stocks_rim TABLE LIST FROM DB!
[2022-02-10 21:59:58,642] I MySQL_control.py | Kiwoom-logging_print-0065 I DEBUG    > SUCCESS LOAD 20211126_DATA FROM DB!
[2022-02-10 21:59:58,831] I Kiwoom.py | Kiwoom-Set_Condition_Receive-0259 I DEBUG    > 조건검색 조회 요청 성공
[2022-02-10 21:59:59,106] I Kiwoom.py | Kiwoom-_OnReceiveTrCondition-0268 I DEBUG    > 000325;090355;570027;
[2022-02-10 22:00:02,634] I MySQL_control.py | Kiwoom-logging_print-0065 I DEBUG    > SAVE SUCCESS TO DB!
[2022-02-10 22:00:02,635] I Kiwoom.py | Kiwoom-read_code-0638 I DEBUG    > SUCCESS UPDATE meme_portfolio
[2022-02-10 22:00:02,654] I Kiwoom.py | Kiwoom-msg_slot-0403 I DEBUG    > 스크린: , 요청이름: , tr코드:  ---  조회가 완료되었습니다.
[2022-02-10 23:27:52,836] I Kiwoom.py | Kiwoom-__init__-0057 I DEBUG    > Kiwoom() class start.
[2022-02-10 23:27:52,837] I Kiwoom.py | Kiwoom-__init__-0059 I DEBUG    > 2022-02-03_Ver
[2022-02-10 23:28:12,592] I Kiwoom.py | Kiwoom-__init__-0057 I DEBUG    > Kiwoom() class start.
[2022-02-10 23:28:12,592] I Kiwoom.py | Kiwoom-__init__-0059 I DEBUG    > 2022-02-03_Ver
[2022-02-10 23:33:05,160] I Kiwoom.py | Kiwoom-__init__-0057 I DEBUG    > Kiwoom() class start.
[2022-02-10 23:33:05,160] I Kiwoom.py | Kiwoom-__init__-0059 I DEBUG    > 2022-02-03_Ver
[2022-02-10 23:37:06,847] I Kiwoom.py | Kiwoom-__init__-0057 I DEBUG    > Kiwoom() class start.
[2022-02-10 23:37:06,847] I Kiwoom.py | Kiwoom-__init__-0059 I DEBUG    > 2022-02-03_Ver
[2022-02-10 23:37:23,088] I Kiwoom.py | Kiwoom-__init__-0057 I DEBUG    > Kiwoom() class start.
[2022-02-10 23:37:23,088] I Kiwoom.py | Kiwoom-__init__-0059 I DEBUG    > 2022-02-03_Ver
[2022-02-10 23:44:34,209] I Kiwoom.py | Kiwoom-__init__-0057 I DEBUG    > Kiwoom() class start.
[2022-02-10 23:44:34,210] I Kiwoom.py | Kiwoom-__init__-0059 I DEBUG    > 2022-02-03_Ver
[2022-02-10 23:46:56,865] I Kiwoom.py | Kiwoom-__init__-0057 I DEBUG    > Kiwoom() class start.
[2022-02-10 23:46:56,865] I Kiwoom.py | Kiwoom-__init__-0059 I DEBUG    > 2022-02-03_Ver
[2022-02-10 23:47:24,806] I Kiwoom.py | Kiwoom-get_login_info-0935 I DEBUG    > 계좌번호 : 8016293411
[2022-02-10 23:47:26,118] I Kiwoom.py | Kiwoom-msg_slot-0417 I DEBUG    > 스크린: 2000, 요청이름: 예수금상세현황요청, tr코드: opw00001 --- [100000] 모의투자 조회완료
[2022-02-10 23:47:26,119] I Kiwoom.py | Kiwoom-_opw00001-0999 I DEBUG    > 예수금 : 88046990
[2022-02-10 23:47:26,186] I Kiwoom.py | Kiwoom-msg_slot-0417 I DEBUG    > 스크린: 2000, 요청이름: 계좌평가잔고내역요청, tr코드: opw00018 --- [100000] 모의투자 조회완료
[2022-02-10 23:47:26,189] I Kiwoom.py | Kiwoom-_opw00018-1160 I DEBUG    > 계좌평가잔고내역요청 싱글데이터 : 9,151,830 - 741,059 - 8.10
[2022-02-10 23:47:26,190] I Kiwoom.py | Kiwoom-_opw00018-1189 I DEBUG    > sPreNext : 
[2022-02-10 23:47:26,294] I MySQL_control.py | Kiwoom-logging_print-0065 I DEBUG    > SUCCESS LOAD stocks_portfolio TABLE LIST FROM DB!
[2022-02-10 23:47:26,683] I MySQL_control.py | Kiwoom-logging_print-0065 I DEBUG    > SUCCESS LOAD 강환국_울트라_소형주_DATA FROM DB!
[2022-02-10 23:47:26,733] I MySQL_control.py | Kiwoom-logging_print-0065 I DEBUG    > SUCCESS LOAD stocks_rim TABLE LIST FROM DB!
[2022-02-10 23:47:27,227] I MySQL_control.py | Kiwoom-logging_print-0065 I DEBUG    > SUCCESS LOAD 20211126_DATA FROM DB!
[2022-02-10 23:47:27,458] I Kiwoom.py | Kiwoom-Set_Condition_Receive-0273 I DEBUG    > 조건검색 조회 요청 성공
[2022-02-10 23:47:27,744] I Kiwoom.py | Kiwoom-_OnReceiveTrCondition-0282 I DEBUG    > 000325;090355;570027;
[2022-02-10 23:47:31,672] I MySQL_control.py | Kiwoom-logging_print-0065 I DEBUG    > SAVE SUCCESS TO DB!
[2022-02-10 23:47:31,673] I Kiwoom.py | Kiwoom-read_code-0651 I DEBUG    > SUCCESS UPDATE meme_portfolio
[2022-02-10 23:47:31,694] I Kiwoom.py | Kiwoom-msg_slot-0417 I DEBUG    > 스크린: , 요청이름: , tr코드:  ---  조회가 완료되었습니다.
[2022-02-10 23:56:00,408] I Kiwoom.py | Kiwoom-__init__-0057 I DEBUG    > Kiwoom() class start.
[2022-02-10 23:56:00,408] I Kiwoom.py | Kiwoom-__init__-0059 I DEBUG    > 2022-02-03_Ver
[2022-02-10 23:56:36,947] I Kiwoom.py | Kiwoom-__init__-0057 I DEBUG    > Kiwoom() class start.
[2022-02-10 23:56:36,947] I Kiwoom.py | Kiwoom-__init__-0059 I DEBUG    > 2022-02-03_Ver
[2022-02-10 23:57:07,486] I Kiwoom.py | Kiwoom-__init__-0057 I DEBUG    > Kiwoom() class start.
[2022-02-10 23:57:07,486] I Kiwoom.py | Kiwoom-__init__-0059 I DEBUG    > 2022-02-03_Ver
[2022-02-10 23:57:32,171] I Kiwoom.py | Kiwoom-__init__-0057 I DEBUG    > Kiwoom() class start.
[2022-02-10 23:57:32,171] I Kiwoom.py | Kiwoom-__init__-0059 I DEBUG    > 2022-02-03_Ver
[2022-02-10 23:57:50,179] I Kiwoom.py | Kiwoom-__init__-0057 I DEBUG    > Kiwoom() class start.
[2022-02-10 23:57:50,179] I Kiwoom.py | Kiwoom-__init__-0059 I DEBUG    > 2022-02-03_Ver
