[2022-02-08 09:36:34,410] I Kiwoom.py | Kiwoom-__init__-0057 I DEBUG    > Kiwoom() class start.
[2022-02-08 09:36:34,411] I Kiwoom.py | Kiwoom-__init__-0059 I DEBUG    > 2022-02-03_Ver
[2022-02-08 12:46:49,574] I Kiwoom.py | Kiwoom-__init__-0057 I DEBUG    > Kiwoom() class start.
[2022-02-08 12:46:49,574] I Kiwoom.py | Kiwoom-__init__-0059 I DEBUG    > 2022-02-03_Ver
[2022-02-08 12:47:11,591] I Kiwoom.py | Kiwoom-get_login_info-0922 I DEBUG    > 계좌번호 : 8016293411
[2022-02-08 12:47:13,518] I Kiwoom.py | Kiwoom-msg_slot-0403 I DEBUG    > 스크린: 2000, 요청이름: 예수금상세현황요청, tr코드: opw00001 --- [100000] 모의투자 조회완료
[2022-02-08 12:47:13,519] I Kiwoom.py | Kiwoom-_opw00001-0986 I DEBUG    > 예수금 : 80421571
[2022-02-08 12:47:13,613] I Kiwoom.py | Kiwoom-msg_slot-0403 I DEBUG    > 스크린: 2000, 요청이름: 계좌평가잔고내역요청, tr코드: opw00018 --- [100000] 모의투자 조회완료
[2022-02-08 12:47:13,616] I Kiwoom.py | Kiwoom-_opw00018-1148 I DEBUG    > 계좌평가잔고내역요청 싱글데이터 : 18,385,330 - 330,194 - 1.80
[2022-02-08 12:47:13,619] I Kiwoom.py | Kiwoom-_opw00018-1177 I DEBUG    > sPreNext : 
[2022-02-08 12:47:14,704] I MySQL_control.py | Kiwoom-logging_print-0065 I DEBUG    > SUCCESS LOAD stocks_portfolio TABLE LIST FROM DB!
[2022-02-08 12:47:16,089] I MySQL_control.py | Kiwoom-logging_print-0065 I DEBUG    > SUCCESS LOAD 강환국_울트라_소형주_DATA FROM DB!
[2022-02-08 12:47:16,280] I MySQL_control.py | Kiwoom-logging_print-0065 I DEBUG    > SUCCESS LOAD stocks_rim TABLE LIST FROM DB!
[2022-02-08 12:47:16,978] I MySQL_control.py | Kiwoom-logging_print-0065 I DEBUG    > SUCCESS LOAD 20211126_DATA FROM DB!
[2022-02-08 12:47:17,217] I Kiwoom.py | Kiwoom-Set_Condition_Receive-0259 I DEBUG    > 조건검색 조회 요청 성공
[2022-02-08 12:47:17,498] I Kiwoom.py | Kiwoom-_OnReceiveTrCondition-0268 I DEBUG    > 000087;003535;011040;027970;037270;053080;079000;084670;086060;092730;126880;321260;33626L;352480;361670;
[2022-02-08 12:47:22,632] I MySQL_control.py | Kiwoom-logging_print-0065 I DEBUG    > SAVE SUCCESS TO DB!
[2022-02-08 12:47:22,633] I Kiwoom.py | Kiwoom-read_code-0638 I DEBUG    > SUCCESS UPDATE meme_portfolio
[2022-02-08 12:47:22,655] I Kiwoom.py | Kiwoom-msg_slot-0403 I DEBUG    > 스크린: , 요청이름: , tr코드:  ---  조회가 완료되었습니다.
[2022-02-08 12:47:35,710] I Kiwoom.py | Kiwoom-msg_slot-0403 I DEBUG    > 스크린: 2000, 요청이름: 계좌평가잔고내역요청, tr코드: opw00018 --- [100000] 모의투자 조회완료
[2022-02-08 12:47:35,711] I Kiwoom.py | Kiwoom-_opw00018-1148 I DEBUG    > 계좌평가잔고내역요청 싱글데이터 : 18,385,330 - 335,711 - 1.83
[2022-02-08 12:47:35,714] I Kiwoom.py | Kiwoom-_opw00018-1177 I DEBUG    > sPreNext : 
[2022-02-08 12:47:35,755] I Kiwoom.py | Kiwoom-msg_slot-0403 I DEBUG    > 스크린: 2000, 요청이름: opw00001_req, tr코드: opw00001 --- [100000] 모의투자 조회완료
[2022-02-08 13:10:17,507] I DATA_PROC.py | Kiwoom-order_emit-0054 I DEBUG    > order_queue put :['매도', ['신규매도', '6001', '8016293411', 2, '011330', '000000000002168', 0, '03', '']]
[2022-02-08 13:10:17,557] I Kiwoom.py | Kiwoom-msg_slot-0403 I DEBUG    > 스크린: 6001, 요청이름: 신규매도, tr코드: KOA_NORMAL_SELL_KP_ORD --- [100000] 모의투자 매도주문완료
[2022-02-08 13:11:26,678] I MySQL_control.py | Kiwoom-logging_print-0065 I DEBUG    > SAVE SUCCESS TO DB!
[2022-02-08 15:19:59,735] I Kiwoom.py | Kiwoom-_receive_real_data-0767 I DEBUG    > 장 종료, 동시호가로 넘어감
[2022-02-08 15:20:59,627] I Kiwoom.py | Kiwoom-_receive_real_data-0767 I DEBUG    > 장 종료, 동시호가로 넘어감
[2022-02-08 15:21:59,623] I Kiwoom.py | Kiwoom-_receive_real_data-0767 I DEBUG    > 장 종료, 동시호가로 넘어감
[2022-02-08 15:22:59,631] I Kiwoom.py | Kiwoom-_receive_real_data-0767 I DEBUG    > 장 종료, 동시호가로 넘어감
[2022-02-08 15:23:59,630] I Kiwoom.py | Kiwoom-_receive_real_data-0767 I DEBUG    > 장 종료, 동시호가로 넘어감
[2022-02-08 15:24:59,620] I Kiwoom.py | Kiwoom-_receive_real_data-0767 I DEBUG    > 장 종료, 동시호가로 넘어감
[2022-02-08 15:25:59,620] I Kiwoom.py | Kiwoom-_receive_real_data-0767 I DEBUG    > 장 종료, 동시호가로 넘어감
[2022-02-08 15:26:59,619] I Kiwoom.py | Kiwoom-_receive_real_data-0767 I DEBUG    > 장 종료, 동시호가로 넘어감
[2022-02-08 15:27:59,614] I Kiwoom.py | Kiwoom-_receive_real_data-0767 I DEBUG    > 장 종료, 동시호가로 넘어감
[2022-02-08 15:28:59,619] I Kiwoom.py | Kiwoom-_receive_real_data-0767 I DEBUG    > 장 종료, 동시호가로 넘어감
[2022-02-08 15:29:09,618] I Kiwoom.py | Kiwoom-_receive_real_data-0767 I DEBUG    > 장 종료, 동시호가로 넘어감
[2022-02-08 15:29:19,618] I Kiwoom.py | Kiwoom-_receive_real_data-0767 I DEBUG    > 장 종료, 동시호가로 넘어감
[2022-02-08 15:29:29,619] I Kiwoom.py | Kiwoom-_receive_real_data-0767 I DEBUG    > 장 종료, 동시호가로 넘어감
[2022-02-08 15:29:39,613] I Kiwoom.py | Kiwoom-_receive_real_data-0767 I DEBUG    > 장 종료, 동시호가로 넘어감
[2022-02-08 15:29:49,613] I Kiwoom.py | Kiwoom-_receive_real_data-0767 I DEBUG    > 장 종료, 동시호가로 넘어감
[2022-02-08 15:29:59,612] I Kiwoom.py | Kiwoom-_receive_real_data-0770 I DEBUG    > 3시30분 장 종료
