[2022-02-12 10:48:08,887] I Kiwoom.py | Kiwoom-__init__-0057 I DEBUG    > Kiwoom() class start.
[2022-02-12 10:48:08,887] I Kiwoom.py | Kiwoom-__init__-0059 I DEBUG    > 2022-02-03_Ver
[2022-02-12 10:48:37,184] I Kiwoom.py | Kiwoom-get_login_info-0947 I DEBUG    > 계좌번호 : 8016293411
[2022-02-12 10:50:53,919] I Kiwoom.py | Kiwoom-__init__-0057 I DEBUG    > Kiwoom() class start.
[2022-02-12 10:50:53,919] I Kiwoom.py | Kiwoom-__init__-0059 I DEBUG    > 2022-02-03_Ver
[2022-02-12 10:52:54,772] I Kiwoom.py | Kiwoom-__init__-0057 I DEBUG    > Kiwoom() class start.
[2022-02-12 10:52:54,772] I Kiwoom.py | Kiwoom-__init__-0059 I DEBUG    > 2022-02-03_Ver
[2022-02-12 10:53:27,284] I Kiwoom.py | Kiwoom-__init__-0057 I DEBUG    > Kiwoom() class start.
[2022-02-12 10:53:27,285] I Kiwoom.py | Kiwoom-__init__-0059 I DEBUG    > 2022-02-03_Ver
[2022-02-12 10:53:34,980] I Kiwoom.py | Kiwoom-get_login_info-0948 I DEBUG    > 계좌번호 : 8016293411
[2022-02-12 10:53:37,596] I Kiwoom.py | Kiwoom-msg_slot-0434 I DEBUG    > 스크린: 2000, 요청이름: 예수금상세현황요청, tr코드: opw00001 --- [100000] 모의투자 조회완료
[2022-02-12 10:53:37,598] I Kiwoom.py | Kiwoom-_opw00001-1012 I DEBUG    > 예수금 : 89950117
[2022-02-12 10:53:37,663] I Kiwoom.py | Kiwoom-msg_slot-0434 I DEBUG    > 스크린: 2000, 요청이름: 계좌평가잔고내역요청, tr코드: opw00018 --- [100000] 모의투자 조회완료
[2022-02-12 10:53:37,666] I Kiwoom.py | Kiwoom-_opw00018-1173 I DEBUG    > 계좌평가잔고내역요청 싱글데이터 : 14,094,340 - 513,082 - 3.64
[2022-02-12 10:53:37,667] I Kiwoom.py | Kiwoom-_opw00018-1202 I DEBUG    > sPreNext : 
[2022-02-12 10:53:37,748] I MySQL_control.py | Kiwoom-logging_print-0065 I DEBUG    > SUCCESS LOAD stocks_portfolio TABLE LIST FROM DB!
[2022-02-12 10:53:38,244] I MySQL_control.py | Kiwoom-logging_print-0065 I DEBUG    > SUCCESS LOAD 강환국_울트라_소형주_DATA FROM DB!
[2022-02-12 10:53:38,283] I MySQL_control.py | Kiwoom-logging_print-0065 I DEBUG    > SUCCESS LOAD stocks_rim TABLE LIST FROM DB!
[2022-02-12 10:53:38,644] I MySQL_control.py | Kiwoom-logging_print-0065 I DEBUG    > SUCCESS LOAD 20211126_DATA FROM DB!
[2022-02-12 10:53:43,023] I MySQL_control.py | Kiwoom-logging_print-0065 I DEBUG    > SAVE SUCCESS TO DB!
[2022-02-12 10:53:43,023] I Kiwoom.py | Kiwoom-read_code-0668 I DEBUG    > SUCCESS UPDATE meme_portfolio
[2022-02-12 10:53:43,048] I Kiwoom.py | Kiwoom-msg_slot-0434 I DEBUG    > 스크린: , 요청이름: , tr코드:  ---  조회가 완료되었습니다.
[2022-02-12 10:53:46,080] I Kiwoom.py | Kiwoom-Set_Condition_Receive-0289 I DEBUG    > 조건검색 조회 요청 성공
[2022-02-12 10:53:46,081] I Kiwoom.py | Kiwoom-Set_Condition_Receive-0289 I DEBUG    > 조건검색 조회 요청 성공
[2022-02-12 10:53:46,083] I Kiwoom.py | Kiwoom-Set_Condition_Receive-0289 I DEBUG    > 조건검색 조회 요청 성공
[2022-02-12 10:53:46,084] I Kiwoom.py | Kiwoom-Set_Condition_Receive-0289 I DEBUG    > 조건검색 조회 요청 성공
[2022-02-12 10:53:46,229] I Kiwoom.py | Kiwoom-_OnReceiveTrCondition-0299 I DEBUG    > 
[2022-02-12 10:53:46,232] I Kiwoom.py | Kiwoom-_OnReceiveTrCondition-0299 I DEBUG    > 
[2022-02-12 10:53:46,234] I Kiwoom.py | Kiwoom-_OnReceiveTrCondition-0299 I DEBUG    > 
[2022-02-12 10:53:46,236] I Kiwoom.py | Kiwoom-_OnReceiveTrCondition-0299 I DEBUG    > 
