[2021-11-10 19:27:09,060] I Kiwoom.py | Kiwoom-__init__-0051 I DEBUG    > Kiwoom() class start.
[2021-11-10 19:27:09,100] I MySQL_control.py | Kiwoom-logging_print-0065 I DEBUG    > SUCCESS LOAD stocks_value_list TABLE LIST FROM DB!
[2021-11-10 19:27:09,117] I MySQL_control.py | Kiwoom-logging_print-0065 I DEBUG    > SUCCESS LOAD stocks_finance TABLE LIST FROM DB!
[2021-11-10 19:27:09,146] I MySQL_control.py | Kiwoom-logging_print-0065 I DEBUG    > SUCCESS LOAD stocks_rim TABLE LIST FROM DB!
[2021-11-10 19:27:09,148] I Kiwoom.py | Kiwoom-quant_algo_fnc-1112 I DEBUG    > 가치평가 file_path : D:\OneDrive\Data\ValueTool\Valuetool\가치평가 tool 20211105.xlsb
[2021-11-10 19:27:09,148] I Kiwoom.py | Kiwoom-quant_algo_fnc-1116 I DEBUG    > 2021/06 최신 Finance DATA OK....
[2021-11-10 19:27:09,148] I Kiwoom.py | Kiwoom-quant_algo_fnc-1117 I DEBUG    > 20211105 최신 rim DATA OK....
[2021-11-10 19:27:10,009] I MySQL_control.py | Kiwoom-logging_print-0065 I DEBUG    > SUCCESS LOAD 20210611_DATA FROM DB!
[2021-11-10 19:29:13,691] I Kiwoom.py | Kiwoom-__init__-0051 I DEBUG    > Kiwoom() class start.
[2021-11-10 19:29:13,719] I MySQL_control.py | Kiwoom-logging_print-0065 I DEBUG    > SUCCESS LOAD stocks_value_list TABLE LIST FROM DB!
[2021-11-10 19:29:13,736] I MySQL_control.py | Kiwoom-logging_print-0065 I DEBUG    > SUCCESS LOAD stocks_finance TABLE LIST FROM DB!
[2021-11-10 19:29:13,751] I MySQL_control.py | Kiwoom-logging_print-0065 I DEBUG    > SUCCESS LOAD stocks_rim TABLE LIST FROM DB!
[2021-11-10 19:29:13,752] I Kiwoom.py | Kiwoom-quant_algo_fnc-1112 I DEBUG    > 가치평가 file_path : D:\OneDrive\Data\ValueTool\Valuetool\가치평가 tool 20211105.xlsb
[2021-11-10 19:29:13,752] I Kiwoom.py | Kiwoom-quant_algo_fnc-1116 I DEBUG    > 2021/06 최신 Finance DATA OK....
[2021-11-10 19:29:13,752] I Kiwoom.py | Kiwoom-quant_algo_fnc-1117 I DEBUG    > 20211105 최신 rim DATA OK....
[2021-11-10 19:29:14,598] I MySQL_control.py | Kiwoom-logging_print-0065 I DEBUG    > SUCCESS LOAD 20210611_DATA FROM DB!
[2021-11-10 19:30:59,187] I Kiwoom.py | Kiwoom-__init__-0051 I DEBUG    > Kiwoom() class start.
[2021-11-10 19:30:59,200] I MySQL_control.py | Kiwoom-logging_print-0065 I DEBUG    > SUCCESS LOAD stocks_value_list TABLE LIST FROM DB!
[2021-11-10 19:30:59,223] I MySQL_control.py | Kiwoom-logging_print-0065 I DEBUG    > SUCCESS LOAD stocks_finance TABLE LIST FROM DB!
[2021-11-10 19:30:59,252] I MySQL_control.py | Kiwoom-logging_print-0065 I DEBUG    > SUCCESS LOAD stocks_rim TABLE LIST FROM DB!
[2021-11-10 19:30:59,253] I Kiwoom.py | Kiwoom-quant_algo_fnc-1112 I DEBUG    > 가치평가 file_path : D:\OneDrive\Data\ValueTool\Valuetool\가치평가 tool 20211105.xlsb
[2021-11-10 19:30:59,254] I Kiwoom.py | Kiwoom-quant_algo_fnc-1116 I DEBUG    > 2021/06 최신 Finance DATA OK....
[2021-11-10 19:30:59,254] I Kiwoom.py | Kiwoom-quant_algo_fnc-1117 I DEBUG    > 20211105 최신 rim DATA OK....
[2021-11-10 19:31:00,105] I MySQL_control.py | Kiwoom-logging_print-0065 I DEBUG    > SUCCESS LOAD 20210611_DATA FROM DB!
[2021-11-10 19:31:47,089] I Kiwoom.py | Kiwoom-__init__-0051 I DEBUG    > Kiwoom() class start.
[2021-11-10 19:31:47,101] I MySQL_control.py | Kiwoom-logging_print-0065 I DEBUG    > SUCCESS LOAD stocks_value_list TABLE LIST FROM DB!
[2021-11-10 19:31:47,132] I MySQL_control.py | Kiwoom-logging_print-0065 I DEBUG    > SUCCESS LOAD stocks_finance TABLE LIST FROM DB!
[2021-11-10 19:31:47,146] I MySQL_control.py | Kiwoom-logging_print-0065 I DEBUG    > SUCCESS LOAD stocks_rim TABLE LIST FROM DB!
[2021-11-10 19:31:47,147] I Kiwoom.py | Kiwoom-quant_algo_fnc-1112 I DEBUG    > 가치평가 file_path : D:\OneDrive\Data\ValueTool\Valuetool\가치평가 tool 20211105.xlsb
[2021-11-10 19:31:47,148] I Kiwoom.py | Kiwoom-quant_algo_fnc-1116 I DEBUG    > 2021/06 최신 Finance DATA OK....
[2021-11-10 19:31:47,148] I Kiwoom.py | Kiwoom-quant_algo_fnc-1117 I DEBUG    > 20211105 최신 rim DATA OK....
[2021-11-10 19:31:47,999] I MySQL_control.py | Kiwoom-logging_print-0065 I DEBUG    > SUCCESS LOAD 20210611_DATA FROM DB!
[2021-11-10 19:32:07,672] I Kiwoom.py | Kiwoom-__init__-0051 I DEBUG    > Kiwoom() class start.
[2021-11-10 19:32:07,686] I MySQL_control.py | Kiwoom-logging_print-0065 I DEBUG    > SUCCESS LOAD stocks_value_list TABLE LIST FROM DB!
[2021-11-10 19:32:07,714] I MySQL_control.py | Kiwoom-logging_print-0065 I DEBUG    > SUCCESS LOAD stocks_finance TABLE LIST FROM DB!
[2021-11-10 19:32:07,744] I MySQL_control.py | Kiwoom-logging_print-0065 I DEBUG    > SUCCESS LOAD stocks_rim TABLE LIST FROM DB!
[2021-11-10 19:32:07,745] I Kiwoom.py | Kiwoom-quant_algo_fnc-1112 I DEBUG    > 가치평가 file_path : D:\OneDrive\Data\ValueTool\Valuetool\가치평가 tool 20211105.xlsb
[2021-11-10 19:32:07,746] I Kiwoom.py | Kiwoom-quant_algo_fnc-1116 I DEBUG    > 2021/06 최신 Finance DATA OK....
[2021-11-10 19:32:07,746] I Kiwoom.py | Kiwoom-quant_algo_fnc-1117 I DEBUG    > 20211105 최신 rim DATA OK....
[2021-11-10 19:32:08,603] I MySQL_control.py | Kiwoom-logging_print-0065 I DEBUG    > SUCCESS LOAD 20210611_DATA FROM DB!
[2021-11-10 19:36:33,550] I MySQL_control.py | Kiwoom-logging_print-0065 I DEBUG    > SUCCESS LOAD stocks_lists_all_DATA FROM DB!
[2021-11-10 19:40:54,897] I Kiwoom.py | Kiwoom-__init__-0051 I DEBUG    > Kiwoom() class start.
[2021-11-10 19:40:54,921] I MySQL_control.py | Kiwoom-logging_print-0065 I DEBUG    > SUCCESS LOAD stocks_value_list TABLE LIST FROM DB!
[2021-11-10 19:40:54,938] I MySQL_control.py | Kiwoom-logging_print-0065 I DEBUG    > SUCCESS LOAD stocks_finance TABLE LIST FROM DB!
[2021-11-10 19:40:54,967] I MySQL_control.py | Kiwoom-logging_print-0065 I DEBUG    > SUCCESS LOAD stocks_rim TABLE LIST FROM DB!
[2021-11-10 19:40:54,969] I Kiwoom.py | Kiwoom-quant_algo_fnc-1112 I DEBUG    > 가치평가 file_path : D:\OneDrive\Data\ValueTool\Valuetool\가치평가 tool 20211105.xlsb
[2021-11-10 19:40:54,969] I Kiwoom.py | Kiwoom-quant_algo_fnc-1116 I DEBUG    > 2021/06 최신 Finance DATA OK....
[2021-11-10 19:40:54,970] I Kiwoom.py | Kiwoom-quant_algo_fnc-1117 I DEBUG    > 20211105 최신 rim DATA OK....
[2021-11-10 19:40:55,823] I MySQL_control.py | Kiwoom-logging_print-0065 I DEBUG    > SUCCESS LOAD 20210611_DATA FROM DB!
[2021-11-10 19:45:21,267] I MySQL_control.py | Kiwoom-logging_print-0065 I DEBUG    > SUCCESS LOAD stocks_lists_all_DATA FROM DB!
[2021-11-10 19:48:46,994] I MySQL_control.py | Kiwoom-logging_print-0065 I DEBUG    > SAVE SUCCESS TO DB!
[2021-11-10 22:08:11,683] I Kiwoom.py | Kiwoom-__init__-0051 I DEBUG    > Kiwoom() class start.
[2021-11-10 22:08:31,603] I Kiwoom.py | Kiwoom-__init__-0051 I DEBUG    > Kiwoom() class start.
[2021-11-10 22:08:31,615] I MySQL_control.py | Kiwoom-logging_print-0065 I DEBUG    > SUCCESS LOAD stocks_value_list TABLE LIST FROM DB!
[2021-11-10 22:08:31,630] I MySQL_control.py | Kiwoom-logging_print-0065 I DEBUG    > SUCCESS LOAD stocks_finance TABLE LIST FROM DB!
[2021-11-10 22:08:31,645] I MySQL_control.py | Kiwoom-logging_print-0065 I DEBUG    > SUCCESS LOAD stocks_rim TABLE LIST FROM DB!
[2021-11-10 22:08:31,646] I Kiwoom.py | Kiwoom-quant_algo_fnc-1121 I DEBUG    > 가치평가 file_path : D:\OneDrive\Data\ValueTool\Valuetool\가치평가 tool 20211105.xlsb
[2021-11-10 22:08:31,646] I Kiwoom.py | Kiwoom-quant_algo_fnc-1125 I DEBUG    > 2021/06 최신 Finance DATA OK....
[2021-11-10 22:08:31,647] I Kiwoom.py | Kiwoom-quant_algo_fnc-1126 I DEBUG    > 20211105 최신 rim DATA OK....
[2021-11-10 22:08:31,896] I MySQL_control.py | Kiwoom-logging_print-0065 I DEBUG    > SUCCESS LOAD 20210611_DATA FROM DB!
[2021-11-10 22:12:15,607] I MySQL_control.py | Kiwoom-logging_print-0065 I DEBUG    > SUCCESS LOAD stocks_lists_all_DATA FROM DB!
[2021-11-10 22:12:15,695] I MySQL_control.py | Kiwoom-logging_print-0065 I DEBUG    > SAVE SUCCESS TO DB!
[2021-11-10 22:13:00,429] I Kiwoom.py | Kiwoom-get_login_info-0687 I DEBUG    > 계좌번호 : 8010187611
[2021-11-10 22:13:00,742] I Kiwoom.py | Kiwoom-msg_slot-0243 I DEBUG    > 스크린: 2000, 요청이름: 예수금상세현황요청, tr코드: opw00001 --- [100000] 모의투자 조회완료
[2021-11-10 22:13:00,743] I Kiwoom.py | Kiwoom-_opw00001-0750 I DEBUG    > 예수금 : 32791851
[2021-11-10 22:13:00,822] I Kiwoom.py | Kiwoom-msg_slot-0243 I DEBUG    > 스크린: 2000, 요청이름: 계좌평가잔고내역요청, tr코드: opw00018 --- [100000] 모의투자 조회완료
[2021-11-10 22:13:00,823] I Kiwoom.py | Kiwoom-_opw00018-0911 I DEBUG    > 계좌평가잔고내역요청 싱글데이터 : 68,055,766 - -1,675,832 - -2.46
[2021-11-10 22:13:00,827] I Kiwoom.py | Kiwoom-_opw00018-0939 I DEBUG    > sPreNext : 
[2021-11-10 22:13:30,087] I Kiwoom.py | Kiwoom-__init__-0051 I DEBUG    > Kiwoom() class start.
[2021-11-10 22:13:36,810] I Kiwoom.py | Kiwoom-get_login_info-0688 I DEBUG    > 계좌번호 : 8010187611
[2021-11-10 22:13:36,845] I Kiwoom.py | Kiwoom-msg_slot-0244 I DEBUG    > 스크린: 2000, 요청이름: 예수금상세현황요청, tr코드: opw00001 --- [100000] 모의투자 조회완료
[2021-11-10 22:13:36,846] I Kiwoom.py | Kiwoom-_opw00001-0751 I DEBUG    > 예수금 : 32791851
[2021-11-10 22:13:36,920] I Kiwoom.py | Kiwoom-msg_slot-0244 I DEBUG    > 스크린: 2000, 요청이름: 계좌평가잔고내역요청, tr코드: opw00018 --- [100000] 모의투자 조회완료
[2021-11-10 22:13:36,922] I Kiwoom.py | Kiwoom-_opw00018-0912 I DEBUG    > 계좌평가잔고내역요청 싱글데이터 : 68,055,766 - -1,675,832 - -2.46
[2021-11-10 22:13:36,925] I Kiwoom.py | Kiwoom-_opw00018-0940 I DEBUG    > sPreNext : 
[2021-11-10 22:13:48,661] I Kiwoom.py | Kiwoom-__init__-0051 I DEBUG    > Kiwoom() class start.
[2021-11-10 22:15:42,919] I Kiwoom.py | Kiwoom-__init__-0051 I DEBUG    > Kiwoom() class start.
[2021-11-10 22:15:50,268] I Kiwoom.py | Kiwoom-get_login_info-0689 I DEBUG    > 계좌번호 : 8010187611
[2021-11-10 22:15:50,306] I Kiwoom.py | Kiwoom-msg_slot-0244 I DEBUG    > 스크린: 2000, 요청이름: 예수금상세현황요청, tr코드: opw00001 --- [100000] 모의투자 조회완료
[2021-11-10 22:15:50,307] I Kiwoom.py | Kiwoom-_opw00001-0752 I DEBUG    > 예수금 : 32791851
[2021-11-10 22:15:50,384] I Kiwoom.py | Kiwoom-msg_slot-0244 I DEBUG    > 스크린: 2000, 요청이름: 계좌평가잔고내역요청, tr코드: opw00018 --- [100000] 모의투자 조회완료
[2021-11-10 22:15:50,386] I Kiwoom.py | Kiwoom-_opw00018-0913 I DEBUG    > 계좌평가잔고내역요청 싱글데이터 : 68,055,766 - -1,675,832 - -2.46
[2021-11-10 22:15:50,389] I Kiwoom.py | Kiwoom-_opw00018-0941 I DEBUG    > sPreNext : 
[2021-11-10 22:16:05,660] I Kiwoom.py | Kiwoom-__init__-0051 I DEBUG    > Kiwoom() class start.
[2021-11-10 22:16:12,087] I Kiwoom.py | Kiwoom-get_login_info-0689 I DEBUG    > 계좌번호 : 8010187611
[2021-11-10 22:16:12,127] I Kiwoom.py | Kiwoom-msg_slot-0244 I DEBUG    > 스크린: 2000, 요청이름: 예수금상세현황요청, tr코드: opw00001 --- [100000] 모의투자 조회완료
[2021-11-10 22:16:12,128] I Kiwoom.py | Kiwoom-_opw00001-0752 I DEBUG    > 예수금 : 32791851
[2021-11-10 22:16:12,201] I Kiwoom.py | Kiwoom-msg_slot-0244 I DEBUG    > 스크린: 2000, 요청이름: 계좌평가잔고내역요청, tr코드: opw00018 --- [100000] 모의투자 조회완료
[2021-11-10 22:16:12,203] I Kiwoom.py | Kiwoom-_opw00018-0913 I DEBUG    > 계좌평가잔고내역요청 싱글데이터 : 68,055,766 - -1,675,832 - -2.46
[2021-11-10 22:16:12,207] I Kiwoom.py | Kiwoom-_opw00018-0941 I DEBUG    > sPreNext : 
[2021-11-10 22:16:12,216] I MySQL_control.py | Kiwoom-logging_print-0065 I DEBUG    > SUCCESS LOAD stocks_Portfolio TABLE LIST FROM DB!
[2021-11-10 22:16:23,026] I Kiwoom.py | Kiwoom-__init__-0051 I DEBUG    > Kiwoom() class start.
[2021-11-10 22:16:30,435] I Kiwoom.py | Kiwoom-get_login_info-0689 I DEBUG    > 계좌번호 : 8010187611
[2021-11-10 22:16:30,471] I Kiwoom.py | Kiwoom-msg_slot-0244 I DEBUG    > 스크린: 2000, 요청이름: 예수금상세현황요청, tr코드: opw00001 --- [100000] 모의투자 조회완료
[2021-11-10 22:16:30,473] I Kiwoom.py | Kiwoom-_opw00001-0752 I DEBUG    > 예수금 : 32791851
[2021-11-10 22:16:30,547] I Kiwoom.py | Kiwoom-msg_slot-0244 I DEBUG    > 스크린: 2000, 요청이름: 계좌평가잔고내역요청, tr코드: opw00018 --- [100000] 모의투자 조회완료
[2021-11-10 22:16:30,548] I Kiwoom.py | Kiwoom-_opw00018-0913 I DEBUG    > 계좌평가잔고내역요청 싱글데이터 : 68,055,766 - -1,675,832 - -2.46
[2021-11-10 22:16:30,552] I Kiwoom.py | Kiwoom-_opw00018-0941 I DEBUG    > sPreNext : 
[2021-11-10 22:16:42,341] I Kiwoom.py | Kiwoom-__init__-0051 I DEBUG    > Kiwoom() class start.
[2021-11-10 22:16:49,210] I Kiwoom.py | Kiwoom-get_login_info-0689 I DEBUG    > 계좌번호 : 8010187611
[2021-11-10 22:16:49,246] I Kiwoom.py | Kiwoom-msg_slot-0244 I DEBUG    > 스크린: 2000, 요청이름: 예수금상세현황요청, tr코드: opw00001 --- [100000] 모의투자 조회완료
[2021-11-10 22:16:49,248] I Kiwoom.py | Kiwoom-_opw00001-0752 I DEBUG    > 예수금 : 32791851
[2021-11-10 22:16:49,320] I Kiwoom.py | Kiwoom-msg_slot-0244 I DEBUG    > 스크린: 2000, 요청이름: 계좌평가잔고내역요청, tr코드: opw00018 --- [100000] 모의투자 조회완료
[2021-11-10 22:16:49,322] I Kiwoom.py | Kiwoom-_opw00018-0913 I DEBUG    > 계좌평가잔고내역요청 싱글데이터 : 68,055,766 - -1,675,832 - -2.46
[2021-11-10 22:16:49,326] I Kiwoom.py | Kiwoom-_opw00018-0941 I DEBUG    > sPreNext : 
[2021-11-10 22:16:49,334] I MySQL_control.py | Kiwoom-logging_print-0065 I DEBUG    > SUCCESS LOAD stocks_Portfolio TABLE LIST FROM DB!
[2021-11-10 22:17:02,116] I Kiwoom.py | Kiwoom-__init__-0051 I DEBUG    > Kiwoom() class start.
[2021-11-10 22:17:10,161] I Kiwoom.py | Kiwoom-get_login_info-0689 I DEBUG    > 계좌번호 : 8010187611
[2021-11-10 22:17:10,197] I Kiwoom.py | Kiwoom-msg_slot-0244 I DEBUG    > 스크린: 2000, 요청이름: 예수금상세현황요청, tr코드: opw00001 --- [100000] 모의투자 조회완료
[2021-11-10 22:17:10,200] I Kiwoom.py | Kiwoom-_opw00001-0752 I DEBUG    > 예수금 : 32791851
[2021-11-10 22:17:10,266] I Kiwoom.py | Kiwoom-msg_slot-0244 I DEBUG    > 스크린: 2000, 요청이름: 계좌평가잔고내역요청, tr코드: opw00018 --- [100000] 모의투자 조회완료
[2021-11-10 22:17:10,267] I Kiwoom.py | Kiwoom-_opw00018-0913 I DEBUG    > 계좌평가잔고내역요청 싱글데이터 : 68,055,766 - -1,675,832 - -2.46
[2021-11-10 22:17:10,271] I Kiwoom.py | Kiwoom-_opw00018-0941 I DEBUG    > sPreNext : 
[2021-11-10 22:17:10,281] I MySQL_control.py | Kiwoom-logging_print-0065 I DEBUG    > SUCCESS LOAD stocks_Portfolio TABLE LIST FROM DB!
[2021-11-10 22:17:13,312] I Kiwoom.py | Kiwoom-msg_slot-0244 I DEBUG    > 스크린: , 요청이름: , tr코드:  ---  조회가 완료되었습니다.
[2021-11-10 22:17:13,398] I MySQL_control.py | Kiwoom-logging_print-0065 I DEBUG    > SUCCESS LOAD meme_portfolio_DATA FROM DB!
[2021-11-10 22:18:28,183] I Kiwoom.py | Kiwoom-__init__-0051 I DEBUG    > Kiwoom() class start.
[2021-11-10 22:18:34,690] I Kiwoom.py | Kiwoom-get_login_info-0689 I DEBUG    > 계좌번호 : 8010187611
[2021-11-10 22:18:34,728] I Kiwoom.py | Kiwoom-msg_slot-0244 I DEBUG    > 스크린: 2000, 요청이름: 예수금상세현황요청, tr코드: opw00001 --- [100000] 모의투자 조회완료
[2021-11-10 22:18:34,729] I Kiwoom.py | Kiwoom-_opw00001-0752 I DEBUG    > 예수금 : 32791851
[2021-11-10 22:18:34,792] I Kiwoom.py | Kiwoom-msg_slot-0244 I DEBUG    > 스크린: 2000, 요청이름: 계좌평가잔고내역요청, tr코드: opw00018 --- [100000] 모의투자 조회완료
[2021-11-10 22:18:34,794] I Kiwoom.py | Kiwoom-_opw00018-0913 I DEBUG    > 계좌평가잔고내역요청 싱글데이터 : 68,055,766 - -1,675,832 - -2.46
[2021-11-10 22:18:34,798] I Kiwoom.py | Kiwoom-_opw00018-0941 I DEBUG    > sPreNext : 
[2021-11-10 22:18:34,807] I MySQL_control.py | Kiwoom-logging_print-0065 I DEBUG    > SUCCESS LOAD stocks_Portfolio TABLE LIST FROM DB!
[2021-11-10 22:18:39,831] I Kiwoom.py | Kiwoom-__init__-0051 I DEBUG    > Kiwoom() class start.
[2021-11-10 22:18:46,023] I Kiwoom.py | Kiwoom-get_login_info-0689 I DEBUG    > 계좌번호 : 8010187611
[2021-11-10 22:18:46,064] I Kiwoom.py | Kiwoom-msg_slot-0244 I DEBUG    > 스크린: 2000, 요청이름: 예수금상세현황요청, tr코드: opw00001 --- [100000] 모의투자 조회완료
[2021-11-10 22:18:46,065] I Kiwoom.py | Kiwoom-_opw00001-0752 I DEBUG    > 예수금 : 32791851
[2021-11-10 22:18:46,139] I Kiwoom.py | Kiwoom-msg_slot-0244 I DEBUG    > 스크린: 2000, 요청이름: 계좌평가잔고내역요청, tr코드: opw00018 --- [100000] 모의투자 조회완료
[2021-11-10 22:18:46,140] I Kiwoom.py | Kiwoom-_opw00018-0913 I DEBUG    > 계좌평가잔고내역요청 싱글데이터 : 68,055,766 - -1,675,832 - -2.46
[2021-11-10 22:18:46,145] I Kiwoom.py | Kiwoom-_opw00018-0941 I DEBUG    > sPreNext : 
[2021-11-10 22:18:54,566] I MySQL_control.py | Kiwoom-logging_print-0065 I DEBUG    > SUCCESS LOAD stocks_Portfolio TABLE LIST FROM DB!
[2021-11-10 22:18:57,575] I Kiwoom.py | Kiwoom-msg_slot-0244 I DEBUG    > 스크린: , 요청이름: , tr코드:  ---  조회가 완료되었습니다.
[2021-11-10 22:18:57,713] I MySQL_control.py | Kiwoom-logging_print-0065 I DEBUG    > SUCCESS LOAD meme_portfolio_DATA FROM DB!
[2021-11-10 22:19:22,760] I Kiwoom.py | Kiwoom-__init__-0051 I DEBUG    > Kiwoom() class start.
[2021-11-10 22:19:28,900] I Kiwoom.py | Kiwoom-get_login_info-0689 I DEBUG    > 계좌번호 : 8010187611
[2021-11-10 22:19:28,935] I Kiwoom.py | Kiwoom-msg_slot-0244 I DEBUG    > 스크린: 2000, 요청이름: 예수금상세현황요청, tr코드: opw00001 --- [100000] 모의투자 조회완료
[2021-11-10 22:19:28,938] I Kiwoom.py | Kiwoom-_opw00001-0752 I DEBUG    > 예수금 : 32791851
[2021-11-10 22:19:29,010] I Kiwoom.py | Kiwoom-msg_slot-0244 I DEBUG    > 스크린: 2000, 요청이름: 계좌평가잔고내역요청, tr코드: opw00018 --- [100000] 모의투자 조회완료
[2021-11-10 22:19:29,012] I Kiwoom.py | Kiwoom-_opw00018-0913 I DEBUG    > 계좌평가잔고내역요청 싱글데이터 : 68,055,766 - -1,675,832 - -2.46
[2021-11-10 22:19:29,016] I Kiwoom.py | Kiwoom-_opw00018-0941 I DEBUG    > sPreNext : 
[2021-11-10 22:19:37,548] I MySQL_control.py | Kiwoom-logging_print-0065 I DEBUG    > SUCCESS LOAD stocks_portfolio TABLE LIST FROM DB!
[2021-11-10 22:20:02,322] I Kiwoom.py | Kiwoom-__init__-0051 I DEBUG    > Kiwoom() class start.
[2021-11-10 22:20:08,364] I Kiwoom.py | Kiwoom-get_login_info-0689 I DEBUG    > 계좌번호 : 8010187611
[2021-11-10 22:20:08,407] I Kiwoom.py | Kiwoom-msg_slot-0244 I DEBUG    > 스크린: 2000, 요청이름: 예수금상세현황요청, tr코드: opw00001 --- [100000] 모의투자 조회완료
[2021-11-10 22:20:08,408] I Kiwoom.py | Kiwoom-_opw00001-0752 I DEBUG    > 예수금 : 32791851
[2021-11-10 22:20:08,479] I Kiwoom.py | Kiwoom-msg_slot-0244 I DEBUG    > 스크린: 2000, 요청이름: 계좌평가잔고내역요청, tr코드: opw00018 --- [100000] 모의투자 조회완료
[2021-11-10 22:20:08,481] I Kiwoom.py | Kiwoom-_opw00018-0913 I DEBUG    > 계좌평가잔고내역요청 싱글데이터 : 68,055,766 - -1,675,832 - -2.46
[2021-11-10 22:20:08,485] I Kiwoom.py | Kiwoom-_opw00018-0941 I DEBUG    > sPreNext : 
[2021-11-10 22:20:09,260] I MySQL_control.py | Kiwoom-logging_print-0065 I DEBUG    > SUCCESS LOAD stocks_portfolio TABLE LIST FROM DB!
[2021-11-10 22:20:10,129] I Kiwoom.py | Kiwoom-Stocks_Portfolio_Initialize-0379 I DEBUG    > There are not STOCKS PORTFOLIO
[2021-11-10 22:20:10,147] I MySQL_control.py | Kiwoom-logging_print-0065 I DEBUG    > SUCCESS LOAD stocks_value_list TABLE LIST FROM DB!
[2021-11-10 22:20:10,165] I MySQL_control.py | Kiwoom-logging_print-0065 I DEBUG    > SUCCESS LOAD stocks_finance TABLE LIST FROM DB!
[2021-11-10 22:20:10,192] I MySQL_control.py | Kiwoom-logging_print-0065 I DEBUG    > SUCCESS LOAD stocks_rim TABLE LIST FROM DB!
[2021-11-10 22:20:10,194] I Kiwoom.py | Kiwoom-quant_algo_fnc-1123 I DEBUG    > 가치평가 file_path : D:\OneDrive\Data\ValueTool\Valuetool\가치평가 tool 20211105.xlsb
[2021-11-10 22:20:10,195] I Kiwoom.py | Kiwoom-quant_algo_fnc-1127 I DEBUG    > 2021/06 최신 Finance DATA OK....
[2021-11-10 22:20:10,195] I Kiwoom.py | Kiwoom-quant_algo_fnc-1128 I DEBUG    > 20211105 최신 rim DATA OK....
[2021-11-10 22:20:11,045] I MySQL_control.py | Kiwoom-logging_print-0065 I DEBUG    > SUCCESS LOAD 20210611_DATA FROM DB!
[2021-11-10 22:20:33,707] I Kiwoom.py | Kiwoom-__init__-0051 I DEBUG    > Kiwoom() class start.
[2021-11-10 22:20:40,515] I Kiwoom.py | Kiwoom-get_login_info-0689 I DEBUG    > 계좌번호 : 8010187611
[2021-11-10 22:20:40,557] I Kiwoom.py | Kiwoom-msg_slot-0244 I DEBUG    > 스크린: 2000, 요청이름: 예수금상세현황요청, tr코드: opw00001 --- [100000] 모의투자 조회완료
[2021-11-10 22:20:40,559] I Kiwoom.py | Kiwoom-_opw00001-0752 I DEBUG    > 예수금 : 32791851
[2021-11-10 22:20:40,634] I Kiwoom.py | Kiwoom-msg_slot-0244 I DEBUG    > 스크린: 2000, 요청이름: 계좌평가잔고내역요청, tr코드: opw00018 --- [100000] 모의투자 조회완료
[2021-11-10 22:20:40,636] I Kiwoom.py | Kiwoom-_opw00018-0913 I DEBUG    > 계좌평가잔고내역요청 싱글데이터 : 68,055,766 - -1,675,832 - -2.46
[2021-11-10 22:20:40,639] I Kiwoom.py | Kiwoom-_opw00018-0941 I DEBUG    > sPreNext : 
[2021-11-10 22:20:40,648] I MySQL_control.py | Kiwoom-logging_print-0065 I DEBUG    > SUCCESS LOAD stocks_portfolio TABLE LIST FROM DB!
[2021-11-10 22:20:40,649] I Kiwoom.py | Kiwoom-Stocks_Portfolio_Initialize-0379 I DEBUG    > There are not STOCKS PORTFOLIO
[2021-11-10 22:20:40,669] I MySQL_control.py | Kiwoom-logging_print-0065 I DEBUG    > SUCCESS LOAD stocks_value_list TABLE LIST FROM DB!
[2021-11-10 22:20:40,685] I MySQL_control.py | Kiwoom-logging_print-0065 I DEBUG    > SUCCESS LOAD stocks_finance TABLE LIST FROM DB!
[2021-11-10 22:20:40,700] I MySQL_control.py | Kiwoom-logging_print-0065 I DEBUG    > SUCCESS LOAD stocks_rim TABLE LIST FROM DB!
[2021-11-10 22:20:40,701] I Kiwoom.py | Kiwoom-quant_algo_fnc-1123 I DEBUG    > 가치평가 file_path : D:\OneDrive\Data\ValueTool\Valuetool\가치평가 tool 20211105.xlsb
[2021-11-10 22:20:40,702] I Kiwoom.py | Kiwoom-quant_algo_fnc-1127 I DEBUG    > 2021/06 최신 Finance DATA OK....
[2021-11-10 22:20:40,702] I Kiwoom.py | Kiwoom-quant_algo_fnc-1128 I DEBUG    > 20211105 최신 rim DATA OK....
[2021-11-10 22:20:40,926] I MySQL_control.py | Kiwoom-logging_print-0065 I DEBUG    > SUCCESS LOAD 20210611_DATA FROM DB!
[2021-11-10 22:24:18,255] I MySQL_control.py | Kiwoom-logging_print-0065 I DEBUG    > SUCCESS LOAD stocks_lists_all_DATA FROM DB!
[2021-11-10 22:24:18,347] I MySQL_control.py | Kiwoom-logging_print-0065 I DEBUG    > SAVE SUCCESS TO DB!
[2021-11-10 22:24:21,367] I Kiwoom.py | Kiwoom-msg_slot-0244 I DEBUG    > 스크린: , 요청이름: , tr코드:  ---  조회가 완료되었습니다.
[2021-11-10 22:24:21,423] I MySQL_control.py | Kiwoom-logging_print-0065 I DEBUG    > SUCCESS LOAD meme_portfolio_DATA FROM DB!
