[2021-11-25 09:04:08,344] I Kiwoom.py | Kiwoom-__init__-0051 I DEBUG    > Kiwoom() class start.
[2021-11-25 09:04:53,731] I Kiwoom.py | Kiwoom-get_login_info-0711 I DEBUG    > 계좌번호 : 8010187611
[2021-11-25 09:04:54,367] I Kiwoom.py | Kiwoom-msg_slot-0244 I DEBUG    > 스크린: 2000, 요청이름: 예수금상세현황요청, tr코드: opw00001 --- [100000] 모의투자 조회완료
[2021-11-25 09:04:54,369] I Kiwoom.py | Kiwoom-_opw00001-0774 I DEBUG    > 예수금 : 35154654
[2021-11-25 09:04:54,439] I Kiwoom.py | Kiwoom-msg_slot-0244 I DEBUG    > 스크린: 2000, 요청이름: 계좌평가잔고내역요청, tr코드: opw00018 --- [100000] 모의투자 조회완료
[2021-11-25 09:04:54,441] I Kiwoom.py | Kiwoom-_opw00018-0935 I DEBUG    > 계좌평가잔고내역요청 싱글데이터 : 46,512,845 - -728,401 - -1.57
[2021-11-25 09:04:54,445] I Kiwoom.py | Kiwoom-_opw00018-0963 I DEBUG    > sPreNext : 
[2021-11-25 09:04:54,640] I MySQL_control.py | Kiwoom-logging_print-0065 I DEBUG    > SUCCESS LOAD stocks_portfolio TABLE LIST FROM DB!
[2021-11-25 09:04:54,845] I MySQL_control.py | Kiwoom-logging_print-0065 I DEBUG    > SUCCESS LOAD 강환국_울트라_소형주_DATA FROM DB!
[2021-11-25 09:04:57,864] I Kiwoom.py | Kiwoom-msg_slot-0244 I DEBUG    > 스크린: , 요청이름: , tr코드:  ---  조회가 완료되었습니다.
[2021-11-25 09:05:00,438] I MySQL_control.py | Kiwoom-logging_print-0065 I DEBUG    > SAVE SUCCESS TO DB!
[2021-11-25 09:05:00,438] I Kiwoom.py | Kiwoom-read_code-0440 I DEBUG    > SUCCESS UPDATE meme_portfolio
[2021-11-25 09:08:04,822] I Kiwoom.py | Kiwoom-__init__-0051 I DEBUG    > Kiwoom() class start.
[2021-11-25 09:08:11,267] I Kiwoom.py | Kiwoom-get_login_info-0711 I DEBUG    > 계좌번호 : 8010187611
[2021-11-25 09:08:11,889] I Kiwoom.py | Kiwoom-msg_slot-0244 I DEBUG    > 스크린: 2000, 요청이름: 예수금상세현황요청, tr코드: opw00001 --- [100000] 모의투자 조회완료
[2021-11-25 09:08:11,890] I Kiwoom.py | Kiwoom-_opw00001-0774 I DEBUG    > 예수금 : 35154654
[2021-11-25 09:08:11,960] I Kiwoom.py | Kiwoom-msg_slot-0244 I DEBUG    > 스크린: 2000, 요청이름: 계좌평가잔고내역요청, tr코드: opw00018 --- [100000] 모의투자 조회완료
[2021-11-25 09:08:15,145] I Kiwoom.py | Kiwoom-_opw00018-0935 I DEBUG    > 계좌평가잔고내역요청 싱글데이터 : 46,512,845 - -706,591 - -1.52
[2021-11-25 09:08:15,149] I Kiwoom.py | Kiwoom-_opw00018-0963 I DEBUG    > sPreNext : 
[2021-11-25 09:08:15,178] I MySQL_control.py | Kiwoom-logging_print-0065 I DEBUG    > SUCCESS LOAD stocks_portfolio TABLE LIST FROM DB!
[2021-11-25 09:08:15,314] I MySQL_control.py | Kiwoom-logging_print-0065 I DEBUG    > SUCCESS LOAD 강환국_울트라_소형주_DATA FROM DB!
[2021-11-25 09:08:18,339] I Kiwoom.py | Kiwoom-msg_slot-0244 I DEBUG    > 스크린: , 요청이름: , tr코드:  ---  조회가 완료되었습니다.
[2021-11-25 09:08:20,880] I MySQL_control.py | Kiwoom-logging_print-0065 I DEBUG    > SAVE SUCCESS TO DB!
[2021-11-25 09:08:20,881] I Kiwoom.py | Kiwoom-read_code-0440 I DEBUG    > SUCCESS UPDATE meme_portfolio
[2021-11-25 09:08:57,379] I Kiwoom.py | Kiwoom-__init__-0051 I DEBUG    > Kiwoom() class start.
[2021-11-25 09:09:03,902] I Kiwoom.py | Kiwoom-get_login_info-0711 I DEBUG    > 계좌번호 : 8010187611
[2021-11-25 09:09:04,469] I Kiwoom.py | Kiwoom-msg_slot-0244 I DEBUG    > 스크린: 2000, 요청이름: 예수금상세현황요청, tr코드: opw00001 --- [100000] 모의투자 조회완료
[2021-11-25 09:09:04,470] I Kiwoom.py | Kiwoom-_opw00001-0774 I DEBUG    > 예수금 : 35154654
[2021-11-25 09:09:04,538] I Kiwoom.py | Kiwoom-msg_slot-0244 I DEBUG    > 스크린: 2000, 요청이름: 계좌평가잔고내역요청, tr코드: opw00018 --- [100000] 모의투자 조회완료
[2021-11-25 09:09:04,539] I Kiwoom.py | Kiwoom-_opw00018-0935 I DEBUG    > 계좌평가잔고내역요청 싱글데이터 : 46,512,845 - -676,650 - -1.45
[2021-11-25 09:09:04,542] I Kiwoom.py | Kiwoom-_opw00018-0963 I DEBUG    > sPreNext : 
[2021-11-25 09:09:04,575] I MySQL_control.py | Kiwoom-logging_print-0065 I DEBUG    > SUCCESS LOAD stocks_portfolio TABLE LIST FROM DB!
[2021-11-25 09:09:04,726] I MySQL_control.py | Kiwoom-logging_print-0065 I DEBUG    > SUCCESS LOAD 강환국_울트라_소형주_DATA FROM DB!
[2021-11-25 09:09:07,742] I Kiwoom.py | Kiwoom-msg_slot-0244 I DEBUG    > 스크린: , 요청이름: , tr코드:  ---  조회가 완료되었습니다.
[2021-11-25 09:10:59,731] I MySQL_control.py | Kiwoom-logging_print-0065 I DEBUG    > SAVE SUCCESS TO DB!
[2021-11-25 09:10:59,732] I Kiwoom.py | Kiwoom-read_code-0440 I DEBUG    > SUCCESS UPDATE meme_portfolio
