[2021-12-30 08:49:23,833] I Kiwoom.py | Kiwoom-__init__-0056 I DEBUG    > Kiwoom() class start.
[2021-12-30 08:49:50,353] I Kiwoom.py | Kiwoom-get_login_info-0882 I DEBUG    > 계좌번호 : 8010187611
[2021-12-30 08:49:54,891] I Kiwoom.py | Kiwoom-msg_slot-0385 I DEBUG    > 스크린: 2000, 요청이름: 예수금상세현황요청, tr코드: opw00001 --- [100000] 모의투자 조회완료
[2021-12-30 08:49:54,892] I Kiwoom.py | Kiwoom-_opw00001-0945 I DEBUG    > 예수금 : 64052073
[2021-12-30 08:49:54,960] I Kiwoom.py | Kiwoom-msg_slot-0385 I DEBUG    > 스크린: 2000, 요청이름: 계좌평가잔고내역요청, tr코드: opw00018 --- [100000] 모의투자 조회완료
[2021-12-30 08:49:54,962] I Kiwoom.py | Kiwoom-_opw00018-1106 I DEBUG    > 계좌평가잔고내역요청 싱글데이터 : 33,483,965 - 781,814 - 2.33
[2021-12-30 08:49:54,964] I Kiwoom.py | Kiwoom-_opw00018-1134 I DEBUG    > sPreNext : 
[2021-12-30 08:49:55,974] I MySQL_control.py | Kiwoom-logging_print-0065 I DEBUG    > SUCCESS LOAD stocks_portfolio TABLE LIST FROM DB!
[2021-12-30 08:49:56,966] I MySQL_control.py | Kiwoom-logging_print-0065 I DEBUG    > SUCCESS LOAD 강환국_울트라_소형주_DATA FROM DB!
[2021-12-30 08:49:56,994] I MySQL_control.py | Kiwoom-logging_print-0065 I DEBUG    > SUCCESS LOAD stocks_rim TABLE LIST FROM DB!
[2021-12-30 08:49:57,414] I MySQL_control.py | Kiwoom-logging_print-0065 I DEBUG    > SUCCESS LOAD 20211126_DATA FROM DB!
[2021-12-30 08:49:57,803] I Kiwoom.py | Kiwoom-Set_Condition_Receive-0243 I DEBUG    > 조건검색 조회 요청 성공
[2021-12-30 08:49:58,165] I Kiwoom.py | Kiwoom-_OnReceiveTrCondition-0252 I DEBUG    > 053590;123010;196300;298060;368680;530086;
[2021-12-30 08:49:58,756] I Kiwoom.py | Kiwoom-_receive_real_data-0722 I DEBUG    > 장 시작 전
[2021-12-30 08:50:00,621] I Kiwoom.py | Kiwoom-msg_slot-0385 I DEBUG    > 스크린: , 요청이름: , tr코드:  ---  조회가 완료되었습니다.
[2021-12-30 08:50:03,904] I MySQL_control.py | Kiwoom-logging_print-0065 I DEBUG    > SAVE SUCCESS TO DB!
[2021-12-30 08:50:03,905] I Kiwoom.py | Kiwoom-read_code-0601 I DEBUG    > SUCCESS UPDATE meme_portfolio
[2021-12-30 08:50:40,739] I Kiwoom.py | Kiwoom-Set_Condition_Receive-0243 I DEBUG    > 조건검색 조회 요청 성공
[2021-12-30 08:50:40,771] I Kiwoom.py | Kiwoom-_OnReceiveTrCondition-0252 I DEBUG    > 335890;
[2021-12-30 08:50:40,826] I MySQL_control.py | Kiwoom-logging_print-0065 I DEBUG    > SUCCESS LOAD stocks_가치평가 TABLE LIST FROM DB!
[2021-12-30 08:50:41,303] I MySQL_control.py | Kiwoom-logging_print-0065 I DEBUG    > SUCCESS LOAD 20211126_DATA FROM DB!
[2021-12-30 08:50:41,643] I telegram_bot.py | Kiwoom-run-0185 I DEBUG    > get data type :/s
[2021-12-30 08:50:58,758] I Kiwoom.py | Kiwoom-_receive_real_data-0722 I DEBUG    > 장 시작 전
[2021-12-30 08:51:07,005] I Kiwoom.py | Kiwoom-Set_Condition_Receive-0243 I DEBUG    > 조건검색 조회 요청 성공
[2021-12-30 08:51:07,058] I Kiwoom.py | Kiwoom-_OnReceiveTrCondition-0252 I DEBUG    > 
[2021-12-30 08:51:07,066] I MySQL_control.py | Kiwoom-logging_print-0065 I DEBUG    > SUCCESS LOAD stocks_가치평가 TABLE LIST FROM DB!
[2021-12-30 08:51:07,523] I MySQL_control.py | Kiwoom-logging_print-0065 I DEBUG    > SUCCESS LOAD 20211126_DATA FROM DB!
[2021-12-30 08:51:07,862] I telegram_bot.py | Kiwoom-run-0185 I DEBUG    > get data type :/s
[2021-12-30 08:51:15,897] I Kiwoom.py | Kiwoom-Set_Condition_Receive-0243 I DEBUG    > 조건검색 조회 요청 성공
[2021-12-30 08:51:15,938] I Kiwoom.py | Kiwoom-_OnReceiveTrCondition-0252 I DEBUG    > 001820;005380;012330;012610;013700;018680;025880;045100;047810;052900;065690;066570;066900;067290;084680;335890;348210;
[2021-12-30 08:51:15,963] I MySQL_control.py | Kiwoom-logging_print-0065 I DEBUG    > SUCCESS LOAD stocks_가치평가 TABLE LIST FROM DB!
[2021-12-30 08:51:16,513] I MySQL_control.py | Kiwoom-logging_print-0065 I DEBUG    > SUCCESS LOAD 20211126_DATA FROM DB!
[2021-12-30 08:51:19,399] I telegram_bot.py | Kiwoom-run-0185 I DEBUG    > get data type :/s
[2021-12-30 08:51:32,927] I Kiwoom.py | Kiwoom-Set_Condition_Receive-0243 I DEBUG    > 조건검색 조회 요청 성공
[2021-12-30 08:51:32,958] I Kiwoom.py | Kiwoom-_OnReceiveTrCondition-0252 I DEBUG    > 
[2021-12-30 08:51:32,974] I MySQL_control.py | Kiwoom-logging_print-0065 I DEBUG    > SUCCESS LOAD stocks_가치평가 TABLE LIST FROM DB!
[2021-12-30 08:51:33,398] I MySQL_control.py | Kiwoom-logging_print-0065 I DEBUG    > SUCCESS LOAD 20211126_DATA FROM DB!
[2021-12-30 08:51:33,660] I telegram_bot.py | Kiwoom-run-0185 I DEBUG    > get data type :/s
[2021-12-30 08:51:54,376] I Kiwoom.py | Kiwoom-Set_Condition_Receive-0243 I DEBUG    > 조건검색 조회 요청 성공
[2021-12-30 08:51:54,401] I Kiwoom.py | Kiwoom-_OnReceiveTrCondition-0252 I DEBUG    > 
[2021-12-30 08:51:54,413] I MySQL_control.py | Kiwoom-logging_print-0065 I DEBUG    > SUCCESS LOAD stocks_가치평가 TABLE LIST FROM DB!
[2021-12-30 08:51:54,821] I MySQL_control.py | Kiwoom-logging_print-0065 I DEBUG    > SUCCESS LOAD 20211126_DATA FROM DB!
[2021-12-30 08:51:55,138] I telegram_bot.py | Kiwoom-run-0185 I DEBUG    > get data type :/s
[2021-12-30 08:51:58,754] I Kiwoom.py | Kiwoom-_receive_real_data-0722 I DEBUG    > 장 시작 전
[2021-12-30 08:52:58,755] I Kiwoom.py | Kiwoom-_receive_real_data-0722 I DEBUG    > 장 시작 전
[2021-12-30 08:53:58,755] I Kiwoom.py | Kiwoom-_receive_real_data-0722 I DEBUG    > 장 시작 전
[2021-12-30 08:54:58,748] I Kiwoom.py | Kiwoom-_receive_real_data-0722 I DEBUG    > 장 시작 전
[2021-12-30 08:55:58,745] I Kiwoom.py | Kiwoom-_receive_real_data-0722 I DEBUG    > 장 시작 전
[2021-12-30 08:56:58,750] I Kiwoom.py | Kiwoom-_receive_real_data-0722 I DEBUG    > 장 시작 전
[2021-12-30 08:57:58,744] I Kiwoom.py | Kiwoom-_receive_real_data-0722 I DEBUG    > 장 시작 전
[2021-12-30 08:58:58,746] I Kiwoom.py | Kiwoom-_receive_real_data-0722 I DEBUG    > 장 시작 전
[2021-12-30 08:59:08,744] I Kiwoom.py | Kiwoom-_receive_real_data-0722 I DEBUG    > 장 시작 전
[2021-12-30 08:59:18,748] I Kiwoom.py | Kiwoom-_receive_real_data-0722 I DEBUG    > 장 시작 전
[2021-12-30 08:59:28,743] I Kiwoom.py | Kiwoom-_receive_real_data-0722 I DEBUG    > 장 시작 전
[2021-12-30 08:59:38,742] I Kiwoom.py | Kiwoom-_receive_real_data-0722 I DEBUG    > 장 시작 전
[2021-12-30 08:59:48,735] I Kiwoom.py | Kiwoom-_receive_real_data-0722 I DEBUG    > 장 시작 전
[2021-12-30 08:59:58,735] I Kiwoom.py | Kiwoom-_receive_real_data-0725 I DEBUG    > 장 시작
[2021-12-30 09:00:26,207] I DATA_PROC.py | Kiwoom-order_emit-0054 I DEBUG    > order_queue put :['매도', ['신규매도', '6001', '8010187611', 2, '003240', '000000000000005', 0, '03', '']]
[2021-12-30 09:00:26,221] I Kiwoom.py | Kiwoom-order_stock-0319 I DEBUG    > 신규매도 전달 성공
[2021-12-30 09:00:26,233] I Kiwoom.py | Kiwoom-msg_slot-0385 I DEBUG    > 스크린: 6001, 요청이름: 신규매도, tr코드: KOA_NORMAL_SELL_KP_ORD --- [100000] 모의투자 매도주문완료
